<?xml version="1.0" encoding="UTF-8"?>
<!-- Generated by org.testng.reporters.JUnitXMLReporter -->
<testsuite ignored="2" hostname="DESKTOP-91QLREM" failures="3" tests="3" name="Smoke" time="24.348" errors="0" timestamp="2024-06-20T11:01:27 IST">
  <testcase classname="com.mystore.testcases.LoginPageTest" name="loginTest" time="0.057">
    <failure type="java.lang.StackOverflowError">
      <![CDATA[java.lang.StackOverflowError
at com.mystore.utility.Log.info(Log.java:24)
at com.mystore.utility.Log.info(Log.java:24)
at com.mystore.utility.Log.info(Log.java:24)
at com.mystore.utility.Log.info(Log.java:24)
at com.mystore.utility.Log.info(Log.java:24)
at com.mystore.utility.Log.info(Log.java:24)
at com.mystore.utility.Log.info(Log.java:24)
at com.mystore.utility.Log.info(Log.java:24)
at com.mystore.utility.Log.info(Log.java:24)
at com.mystore.utility.Log.info(Log.java:24)
at com.mystore.utility.Log.info(Log.java:24)
at com.mystore.utility.Log.info(Log.java:24)
at com.mystore.utility.Log.info(Log.java:24)
at com.mystore.utility.Log.info(Log.java:24)
at com.mystore.utility.Log.info(Log.java:24)
at com.mystore.utility.Log.info(Log.java:24)
at com.mystore.utility.Log.info(Log.java:24)
at com.mystore.utility.Log.info(Log.java:24)
at com.mystore.utility.Log.info(Log.java:24)
at com.mystore.utility.Log.info(Log.java:24)
at com.mystore.utility.Log.info(Log.java:24)
at com.mystore.utility.Log.info(Log.java:24)
at com.mystore.utility.Log.info(Log.java:24)
at com.mystore.utility.Log.info(Log.java:24)
at com.mystore.utility.Log.info(Log.java:24)
at com.mystore.utility.Log.info(Log.java:24)
at com.mystore.utility.Log.info(Log.java:24)
at com.mystore.utility.Log.info(Log.java:24)
at com.mystore.utility.Log.info(Log.java:24)
at com.mystore.utility.Log.info(Log.java:24)
at com.mystore.utility.Log.info(Log.java:24)
at com.mystore.utility.Log.info(Log.java:24)
at com.mystore.utility.Log.info(Log.java:24)
at com.mystore.utility.Log.info(Log.java:24)
at com.mystore.utility.Log.info(Log.java:24)
at com.mystore.utility.Log.info(Log.java:24)
at com.mystore.utility.Log.info(Log.java:24)
at com.mystore.utility.Log.info(Log.java:24)
at com.mystore.utility.Log.info(Log.java:24)
at com.mystore.utility.Log.info(Log.java:24)
at com.mystore.utility.Log.info(Log.java:24)
at com.mystore.utility.Log.info(Log.java:24)
at com.mystore.utility.Log.info(Log.java:24)
at com.mystore.utility.Log.info(Log.java:24)
at com.mystore.utility.Log.info(Log.java:24)
at com.mystore.utility.Log.info(Log.java:24)
at com.mystore.utility.Log.info(Log.java:24)
at com.mystore.utility.Log.info(Log.java:24)
at com.mystore.utility.Log.info(Log.java:24)
at com.mystore.utility.Log.info(Log.java:24)
at com.mystore.utility.Log.info(Log.java:24)
at com.mystore.utility.Log.info(Log.java:24)
at com.mystore.utility.Log.info(Log.java:24)
at com.mystore.utility.Log.info(Log.java:24)
at com.mystore.utility.Log.info(Log.java:24)
at com.mystore.utility.Log.info(Log.java:24)
at com.mystore.utility.Log.info(Log.java:24)
at com.mystore.utility.Log.info(Log.java:24)
at com.mystore.utility.Log.info(Log.java:24)
at com.mystore.utility.Log.info(Log.java:24)
at com.mystore.utility.Log.info(Log.java:24)
at com.mystore.utility.Log.info(Log.java:24)
at com.mystore.utility.Log.info(Log.java:24)
at com.mystore.utility.Log.info(Log.java:24)
at com.mystore.utility.Log.info(Log.java:24)
at com.mystore.utility.Log.info(Log.java:24)
at com.mystore.utility.Log.info(Log.java:24)
at com.mystore.utility.Log.info(Log.java:24)
at com.mystore.utility.Log.info(Log.java:24)
at com.mystore.utility.Log.info(Log.java:24)
at com.mystore.utility.Log.info(Log.java:24)
at com.mystore.utility.Log.info(Log.java:24)
at com.mystore.utility.Log.info(Log.java:24)
at com.mystore.utility.Log.info(Log.java:24)
at com.mystore.utility.Log.info(Log.java:24)
at com.mystore.utility.Log.info(Log.java:24)
at com.mystore.utility.Log.info(Log.java:24)
at com.mystore.utility.Log.info(Log.java:24)
at com.mystore.utility.Log.info(Log.java:24)
at com.mystore.utility.Log.info(Log.java:24)
at com.mystore.utility.Log.info(Log.java:24)
at com.mystore.utility.Log.info(Log.java:24)
at com.mystore.utility.Log.info(Log.java:24)
at com.mystore.utility.Log.info(Log.java:24)
at com.mystore.utility.Log.info(Log.java:24)
at com.mystore.utility.Log.info(Log.java:24)
at com.mystore.utility.Log.info(Log.java:24)
at com.mystore.utility.Log.info(Log.java:24)
at com.mystore.utility.Log.info(Log.java:24)
at com.mystore.utility.Log.info(Log.java:24)
at com.mystore.utility.Log.info(Log.java:24)
at com.mystore.utility.Log.info(Log.java:24)
at com.mystore.utility.Log.info(Log.java:24)
at com.mystore.utility.Log.info(Log.java:24)
at com.mystore.utility.Log.info(Log.java:24)
at com.mystore.utility.Log.info(Log.java:24)
at com.mystore.utility.Log.info(Log.java:24)
at com.mystore.utility.Log.info(Log.java:24)
at com.mystore.utility.Log.info(Log.java:24)
at com.mystore.utility.Log.info(Log.java:24)
at com.mystore.utility.Log.info(Log.java:24)
at com.mystore.utility.Log.info(Log.java:24)
at com.mystore.utility.Log.info(Log.java:24)
at com.mystore.utility.Log.info(Log.java:24)
at com.mystore.utility.Log.info(Log.java:24)
at com.mystore.utility.Log.info(Log.java:24)
at com.mystore.utility.Log.info(Log.java:24)
at com.mystore.utility.Log.info(Log.java:24)
at com.mystore.utility.Log.info(Log.java:24)
at com.mystore.utility.Log.info(Log.java:24)
at com.mystore.utility.Log.info(Log.java:24)
at com.mystore.utility.Log.info(Log.java:24)
at com.mystore.utility.Log.info(Log.java:24)
at com.mystore.utility.Log.info(Log.java:24)
at com.mystore.utility.Log.info(Log.java:24)
at com.mystore.utility.Log.info(Log.java:24)
at com.mystore.utility.Log.info(Log.java:24)
at com.mystore.utility.Log.info(Log.java:24)
at com.mystore.utility.Log.info(Log.java:24)
at com.mystore.utility.Log.info(Log.java:24)
at com.mystore.utility.Log.info(Log.java:24)
at com.mystore.utility.Log.info(Log.java:24)
at com.mystore.utility.Log.info(Log.java:24)
at com.mystore.utility.Log.info(Log.java:24)
at com.mystore.utility.Log.info(Log.java:24)
at com.mystore.utility.Log.info(Log.java:24)
at com.mystore.utility.Log.info(Log.java:24)
at com.mystore.utility.Log.info(Log.java:24)
at com.mystore.utility.Log.info(Log.java:24)
at com.mystore.utility.Log.info(Log.java:24)
at com.mystore.utility.Log.info(Log.java:24)
at com.mystore.utility.Log.info(Log.java:24)
at com.mystore.utility.Log.info(Log.java:24)
at com.mystore.utility.Log.info(Log.java:24)
at com.mystore.utility.Log.info(Log.java:24)
at com.mystore.utility.Log.info(Log.java:24)
at com.mystore.utility.Log.info(Log.java:24)
at com.mystore.utility.Log.info(Log.java:24)
at com.mystore.utility.Log.info(Log.java:24)
at com.mystore.utility.Log.info(Log.java:24)
at com.mystore.utility.Log.info(Log.java:24)
at com.mystore.utility.Log.info(Log.java:24)
at com.mystore.utility.Log.info(Log.java:24)
at com.mystore.utility.Log.info(Log.java:24)
at com.mystore.utility.Log.info(Log.java:24)
at com.mystore.utility.Log.info(Log.java:24)
at com.mystore.utility.Log.info(Log.java:24)
at com.mystore.utility.Log.info(Log.java:24)
at com.mystore.utility.Log.info(Log.java:24)
at com.mystore.utility.Log.info(Log.java:24)
at com.mystore.utility.Log.info(Log.java:24)
at com.mystore.utility.Log.info(Log.java:24)
at com.mystore.utility.Log.info(Log.java:24)
at com.mystore.utility.Log.info(Log.java:24)
at com.mystore.utility.Log.info(Log.java:24)
at com.mystore.utility.Log.info(Log.java:24)
at com.mystore.utility.Log.info(Log.java:24)
at com.mystore.utility.Log.info(Log.java:24)
at com.mystore.utility.Log.info(Log.java:24)
at com.mystore.utility.Log.info(Log.java:24)
at com.mystore.utility.Log.info(Log.java:24)
at com.mystore.utility.Log.info(Log.java:24)
at com.mystore.utility.Log.info(Log.java:24)
at com.mystore.utility.Log.info(Log.java:24)
at com.mystore.utility.Log.info(Log.java:24)
at com.mystore.utility.Log.info(Log.java:24)
at com.mystore.utility.Log.info(Log.java:24)
at com.mystore.utility.Log.info(Log.java:24)
at com.mystore.utility.Log.info(Log.java:24)
at com.mystore.utility.Log.info(Log.java:24)
at com.mystore.utility.Log.info(Log.java:24)
at com.mystore.utility.Log.info(Log.java:24)
at com.mystore.utility.Log.info(Log.java:24)
at com.mystore.utility.Log.info(Log.java:24)
at com.mystore.utility.Log.info(Log.java:24)
at com.mystore.utility.Log.info(Log.java:24)
at com.mystore.utility.Log.info(Log.java:24)
at com.mystore.utility.Log.info(Log.java:24)
at com.mystore.utility.Log.info(Log.java:24)
at com.mystore.utility.Log.info(Log.java:24)
at com.mystore.utility.Log.info(Log.java:24)
at com.mystore.utility.Log.info(Log.java:24)
at com.mystore.utility.Log.info(Log.java:24)
at com.mystore.utility.Log.info(Log.java:24)
at com.mystore.utility.Log.info(Log.java:24)
at com.mystore.utility.Log.info(Log.java:24)
at com.mystore.utility.Log.info(Log.java:24)
at com.mystore.utility.Log.info(Log.java:24)
at com.mystore.utility.Log.info(Log.java:24)
at com.mystore.utility.Log.info(Log.java:24)
at com.mystore.utility.Log.info(Log.java:24)
at com.mystore.utility.Log.info(Log.java:24)
at com.mystore.utility.Log.info(Log.java:24)
at com.mystore.utility.Log.info(Log.java:24)
at com.mystore.utility.Log.info(Log.java:24)
at com.mystore.utility.Log.info(Log.java:24)
at com.mystore.utility.Log.info(Log.java:24)
at com.mystore.utility.Log.info(Log.java:24)
at com.mystore.utility.Log.info(Log.java:24)
at com.mystore.utility.Log.info(Log.java:24)
at com.mystore.utility.Log.info(Log.java:24)
at com.mystore.utility.Log.info(Log.java:24)
at com.mystore.utility.Log.info(Log.java:24)
at com.mystore.utility.Log.info(Log.java:24)
at com.mystore.utility.Log.info(Log.java:24)
at com.mystore.utility.Log.info(Log.java:24)
at com.mystore.utility.Log.info(Log.java:24)
at com.mystore.utility.Log.info(Log.java:24)
at com.mystore.utility.Log.info(Log.java:24)
at com.mystore.utility.Log.info(Log.java:24)
at com.mystore.utility.Log.info(Log.java:24)
at com.mystore.utility.Log.info(Log.java:24)
at com.mystore.utility.Log.info(Log.java:24)
at com.mystore.utility.Log.info(Log.java:24)
at com.mystore.utility.Log.info(Log.java:24)
at com.mystore.utility.Log.info(Log.java:24)
at com.mystore.utility.Log.info(Log.java:24)
at com.mystore.utility.Log.info(Log.java:24)
at com.mystore.utility.Log.info(Log.java:24)
at com.mystore.utility.Log.info(Log.java:24)
at com.mystore.utility.Log.info(Log.java:24)
at com.mystore.utility.Log.info(Log.java:24)
at com.mystore.utility.Log.info(Log.java:24)
at com.mystore.utility.Log.info(Log.java:24)
at com.mystore.utility.Log.info(Log.java:24)
at com.mystore.utility.Log.info(Log.java:24)
at com.mystore.utility.Log.info(Log.java:24)
at com.mystore.utility.Log.info(Log.java:24)
at com.mystore.utility.Log.info(Log.java:24)
at com.mystore.utility.Log.info(Log.java:24)
at com.mystore.utility.Log.info(Log.java:24)
at com.mystore.utility.Log.info(Log.java:24)
at com.mystore.utility.Log.info(Log.java:24)
at com.mystore.utility.Log.info(Log.java:24)
at com.mystore.utility.Log.info(Log.java:24)
at com.mystore.utility.Log.info(Log.java:24)
at com.mystore.utility.Log.info(Log.java:24)
at com.mystore.utility.Log.info(Log.java:24)
at com.mystore.utility.Log.info(Log.java:24)
at com.mystore.utility.Log.info(Log.java:24)
at com.mystore.utility.Log.info(Log.java:24)
at com.mystore.utility.Log.info(Log.java:24)
at com.mystore.utility.Log.info(Log.java:24)
at com.mystore.utility.Log.info(Log.java:24)
at com.mystore.utility.Log.info(Log.java:24)
at com.mystore.utility.Log.info(Log.java:24)
at com.mystore.utility.Log.info(Log.java:24)
at com.mystore.utility.Log.info(Log.java:24)
at com.mystore.utility.Log.info(Log.java:24)
at com.mystore.utility.Log.info(Log.java:24)
at com.mystore.utility.Log.info(Log.java:24)
at com.mystore.utility.Log.info(Log.java:24)
at com.mystore.utility.Log.info(Log.java:24)
at com.mystore.utility.Log.info(Log.java:24)
at com.mystore.utility.Log.info(Log.java:24)
at com.mystore.utility.Log.info(Log.java:24)
at com.mystore.utility.Log.info(Log.java:24)
at com.mystore.utility.Log.info(Log.java:24)
at com.mystore.utility.Log.info(Log.java:24)
at com.mystore.utility.Log.info(Log.java:24)
at com.mystore.utility.Log.info(Log.java:24)
at com.mystore.utility.Log.info(Log.java:24)
at com.mystore.utility.Log.info(Log.java:24)
at com.mystore.utility.Log.info(Log.java:24)
at com.mystore.utility.Log.info(Log.java:24)
at com.mystore.utility.Log.info(Log.java:24)
at com.mystore.utility.Log.info(Log.java:24)
at com.mystore.utility.Log.info(Log.java:24)
at com.mystore.utility.Log.info(Log.java:24)
at com.mystore.utility.Log.info(Log.java:24)
at com.mystore.utility.Log.info(Log.java:24)
at com.mystore.utility.Log.info(Log.java:24)
at com.mystore.utility.Log.info(Log.java:24)
at com.mystore.utility.Log.info(Log.java:24)
at com.mystore.utility.Log.info(Log.java:24)
at com.mystore.utility.Log.info(Log.java:24)
at com.mystore.utility.Log.info(Log.java:24)
at com.mystore.utility.Log.info(Log.java:24)
at com.mystore.utility.Log.info(Log.java:24)
at com.mystore.utility.Log.info(Log.java:24)
at com.mystore.utility.Log.info(Log.java:24)
at com.mystore.utility.Log.info(Log.java:24)
at com.mystore.utility.Log.info(Log.java:24)
at com.mystore.utility.Log.info(Log.java:24)
at com.mystore.utility.Log.info(Log.java:24)
at com.mystore.utility.Log.info(Log.java:24)
at com.mystore.utility.Log.info(Log.java:24)
at com.mystore.utility.Log.info(Log.java:24)
at com.mystore.utility.Log.info(Log.java:24)
at com.mystore.utility.Log.info(Log.java:24)
at com.mystore.utility.Log.info(Log.java:24)
at com.mystore.utility.Log.info(Log.java:24)
at com.mystore.utility.Log.info(Log.java:24)
at com.mystore.utility.Log.info(Log.java:24)
at com.mystore.utility.Log.info(Log.java:24)
at com.mystore.utility.Log.info(Log.java:24)
at com.mystore.utility.Log.info(Log.java:24)
at com.mystore.utility.Log.info(Log.java:24)
at com.mystore.utility.Log.info(Log.java:24)
at com.mystore.utility.Log.info(Log.java:24)
at com.mystore.utility.Log.info(Log.java:24)
at com.mystore.utility.Log.info(Log.java:24)
at com.mystore.utility.Log.info(Log.java:24)
at com.mystore.utility.Log.info(Log.java:24)
at com.mystore.utility.Log.info(Log.java:24)
at com.mystore.utility.Log.info(Log.java:24)
at com.mystore.utility.Log.info(Log.java:24)
at com.mystore.utility.Log.info(Log.java:24)
at com.mystore.utility.Log.info(Log.java:24)
at com.mystore.utility.Log.info(Log.java:24)
at com.mystore.utility.Log.info(Log.java:24)
at com.mystore.utility.Log.info(Log.java:24)
at com.mystore.utility.Log.info(Log.java:24)
at com.mystore.utility.Log.info(Log.java:24)
at com.mystore.utility.Log.info(Log.java:24)
at com.mystore.utility.Log.info(Log.java:24)
at com.mystore.utility.Log.info(Log.java:24)
at com.mystore.utility.Log.info(Log.java:24)
at com.mystore.utility.Log.info(Log.java:24)
at com.mystore.utility.Log.info(Log.java:24)
at com.mystore.utility.Log.info(Log.java:24)
at com.mystore.utility.Log.info(Log.java:24)
at com.mystore.utility.Log.info(Log.java:24)
at com.mystore.utility.Log.info(Log.java:24)
at com.mystore.utility.Log.info(Log.java:24)
at com.mystore.utility.Log.info(Log.java:24)
at com.mystore.utility.Log.info(Log.java:24)
at com.mystore.utility.Log.info(Log.java:24)
at com.mystore.utility.Log.info(Log.java:24)
at com.mystore.utility.Log.info(Log.java:24)
at com.mystore.utility.Log.info(Log.java:24)
at com.mystore.utility.Log.info(Log.java:24)
at com.mystore.utility.Log.info(Log.java:24)
at com.mystore.utility.Log.info(Log.java:24)
at com.mystore.utility.Log.info(Log.java:24)
at com.mystore.utility.Log.info(Log.java:24)
at com.mystore.utility.Log.info(Log.java:24)
at com.mystore.utility.Log.info(Log.java:24)
at com.mystore.utility.Log.info(Log.java:24)
at com.mystore.utility.Log.info(Log.java:24)
at com.mystore.utility.Log.info(Log.java:24)
at com.mystore.utility.Log.info(Log.java:24)
at com.mystore.utility.Log.info(Log.java:24)
at com.mystore.utility.Log.info(Log.java:24)
at com.mystore.utility.Log.info(Log.java:24)
at com.mystore.utility.Log.info(Log.java:24)
at com.mystore.utility.Log.info(Log.java:24)
at com.mystore.utility.Log.info(Log.java:24)
at com.mystore.utility.Log.info(Log.java:24)
at com.mystore.utility.Log.info(Log.java:24)
at com.mystore.utility.Log.info(Log.java:24)
at com.mystore.utility.Log.info(Log.java:24)
at com.mystore.utility.Log.info(Log.java:24)
at com.mystore.utility.Log.info(Log.java:24)
at com.mystore.utility.Log.info(Log.java:24)
at com.mystore.utility.Log.info(Log.java:24)
at com.mystore.utility.Log.info(Log.java:24)
at com.mystore.utility.Log.info(Log.java:24)
at com.mystore.utility.Log.info(Log.java:24)
at com.mystore.utility.Log.info(Log.java:24)
at com.mystore.utility.Log.info(Log.java:24)
at com.mystore.utility.Log.info(Log.java:24)
at com.mystore.utility.Log.info(Log.java:24)
at com.mystore.utility.Log.info(Log.java:24)
at com.mystore.utility.Log.info(Log.java:24)
at com.mystore.utility.Log.info(Log.java:24)
at com.mystore.utility.Log.info(Log.java:24)
at com.mystore.utility.Log.info(Log.java:24)
at com.mystore.utility.Log.info(Log.java:24)
at com.mystore.utility.Log.info(Log.java:24)
at com.mystore.utility.Log.info(Log.java:24)
at com.mystore.utility.Log.info(Log.java:24)
at com.mystore.utility.Log.info(Log.java:24)
at com.mystore.utility.Log.info(Log.java:24)
at com.mystore.utility.Log.info(Log.java:24)
at com.mystore.utility.Log.info(Log.java:24)
at com.mystore.utility.Log.info(Log.java:24)
at com.mystore.utility.Log.info(Log.java:24)
at com.mystore.utility.Log.info(Log.java:24)
at com.mystore.utility.Log.info(Log.java:24)
at com.mystore.utility.Log.info(Log.java:24)
at com.mystore.utility.Log.info(Log.java:24)
at com.mystore.utility.Log.info(Log.java:24)
at com.mystore.utility.Log.info(Log.java:24)
at com.mystore.utility.Log.info(Log.java:24)
at com.mystore.utility.Log.info(Log.java:24)
at com.mystore.utility.Log.info(Log.java:24)
at com.mystore.utility.Log.info(Log.java:24)
at com.mystore.utility.Log.info(Log.java:24)
at com.mystore.utility.Log.info(Log.java:24)
at com.mystore.utility.Log.info(Log.java:24)
at com.mystore.utility.Log.info(Log.java:24)
at com.mystore.utility.Log.info(Log.java:24)
at com.mystore.utility.Log.info(Log.java:24)
at com.mystore.utility.Log.info(Log.java:24)
at com.mystore.utility.Log.info(Log.java:24)
at com.mystore.utility.Log.info(Log.java:24)
at com.mystore.utility.Log.info(Log.java:24)
at com.mystore.utility.Log.info(Log.java:24)
at com.mystore.utility.Log.info(Log.java:24)
at com.mystore.utility.Log.info(Log.java:24)
at com.mystore.utility.Log.info(Log.java:24)
at com.mystore.utility.Log.info(Log.java:24)
at com.mystore.utility.Log.info(Log.java:24)
at com.mystore.utility.Log.info(Log.java:24)
at com.mystore.utility.Log.info(Log.java:24)
at com.mystore.utility.Log.info(Log.java:24)
at com.mystore.utility.Log.info(Log.java:24)
at com.mystore.utility.Log.info(Log.java:24)
at com.mystore.utility.Log.info(Log.java:24)
at com.mystore.utility.Log.info(Log.java:24)
at com.mystore.utility.Log.info(Log.java:24)
at com.mystore.utility.Log.info(Log.java:24)
at com.mystore.utility.Log.info(Log.java:24)
at com.mystore.utility.Log.info(Log.java:24)
at com.mystore.utility.Log.info(Log.java:24)
at com.mystore.utility.Log.info(Log.java:24)
at com.mystore.utility.Log.info(Log.java:24)
at com.mystore.utility.Log.info(Log.java:24)
at com.mystore.utility.Log.info(Log.java:24)
at com.mystore.utility.Log.info(Log.java:24)
at com.mystore.utility.Log.info(Log.java:24)
at com.mystore.utility.Log.info(Log.java:24)
at com.mystore.utility.Log.info(Log.java:24)
at com.mystore.utility.Log.info(Log.java:24)
at com.mystore.utility.Log.info(Log.java:24)
at com.mystore.utility.Log.info(Log.java:24)
at com.mystore.utility.Log.info(Log.java:24)
at com.mystore.utility.Log.info(Log.java:24)
at com.mystore.utility.Log.info(Log.java:24)
at com.mystore.utility.Log.info(Log.java:24)
at com.mystore.utility.Log.info(Log.java:24)
at com.mystore.utility.Log.info(Log.java:24)
at com.mystore.utility.Log.info(Log.java:24)
at com.mystore.utility.Log.info(Log.java:24)
at com.mystore.utility.Log.info(Log.java:24)
at com.mystore.utility.Log.info(Log.java:24)
at com.mystore.utility.Log.info(Log.java:24)
at com.mystore.utility.Log.info(Log.java:24)
at com.mystore.utility.Log.info(Log.java:24)
at com.mystore.utility.Log.info(Log.java:24)
at com.mystore.utility.Log.info(Log.java:24)
at com.mystore.utility.Log.info(Log.java:24)
at com.mystore.utility.Log.info(Log.java:24)
at com.mystore.utility.Log.info(Log.java:24)
at com.mystore.utility.Log.info(Log.java:24)
at com.mystore.utility.Log.info(Log.java:24)
at com.mystore.utility.Log.info(Log.java:24)
at com.mystore.utility.Log.info(Log.java:24)
at com.mystore.utility.Log.info(Log.java:24)
at com.mystore.utility.Log.info(Log.java:24)
at com.mystore.utility.Log.info(Log.java:24)
at com.mystore.utility.Log.info(Log.java:24)
at com.mystore.utility.Log.info(Log.java:24)
at com.mystore.utility.Log.info(Log.java:24)
at com.mystore.utility.Log.info(Log.java:24)
at com.mystore.utility.Log.info(Log.java:24)
at com.mystore.utility.Log.info(Log.java:24)
at com.mystore.utility.Log.info(Log.java:24)
at com.mystore.utility.Log.info(Log.java:24)
at com.mystore.utility.Log.info(Log.java:24)
at com.mystore.utility.Log.info(Log.java:24)
at com.mystore.utility.Log.info(Log.java:24)
at com.mystore.utility.Log.info(Log.java:24)
at com.mystore.utility.Log.info(Log.java:24)
at com.mystore.utility.Log.info(Log.java:24)
at com.mystore.utility.Log.info(Log.java:24)
at com.mystore.utility.Log.info(Log.java:24)
at com.mystore.utility.Log.info(Log.java:24)
at com.mystore.utility.Log.info(Log.java:24)
at com.mystore.utility.Log.info(Log.java:24)
at com.mystore.utility.Log.info(Log.java:24)
at com.mystore.utility.Log.info(Log.java:24)
at com.mystore.utility.Log.info(Log.java:24)
at com.mystore.utility.Log.info(Log.java:24)
at com.mystore.utility.Log.info(Log.java:24)
at com.mystore.utility.Log.info(Log.java:24)
at com.mystore.utility.Log.info(Log.java:24)
at com.mystore.utility.Log.info(Log.java:24)
at com.mystore.utility.Log.info(Log.java:24)
at com.mystore.utility.Log.info(Log.java:24)
at com.mystore.utility.Log.info(Log.java:24)
at com.mystore.utility.Log.info(Log.java:24)
at com.mystore.utility.Log.info(Log.java:24)
at com.mystore.utility.Log.info(Log.java:24)
at com.mystore.utility.Log.info(Log.java:24)
at com.mystore.utility.Log.info(Log.java:24)
at com.mystore.utility.Log.info(Log.java:24)
at com.mystore.utility.Log.info(Log.java:24)
at com.mystore.utility.Log.info(Log.java:24)
at com.mystore.utility.Log.info(Log.java:24)
at com.mystore.utility.Log.info(Log.java:24)
at com.mystore.utility.Log.info(Log.java:24)
at com.mystore.utility.Log.info(Log.java:24)
at com.mystore.utility.Log.info(Log.java:24)
at com.mystore.utility.Log.info(Log.java:24)
at com.mystore.utility.Log.info(Log.java:24)
at com.mystore.utility.Log.info(Log.java:24)
at com.mystore.utility.Log.info(Log.java:24)
at com.mystore.utility.Log.info(Log.java:24)
at com.mystore.utility.Log.info(Log.java:24)
at com.mystore.utility.Log.info(Log.java:24)
at com.mystore.utility.Log.info(Log.java:24)
at com.mystore.utility.Log.info(Log.java:24)
at com.mystore.utility.Log.info(Log.java:24)
at com.mystore.utility.Log.info(Log.java:24)
at com.mystore.utility.Log.info(Log.java:24)
at com.mystore.utility.Log.info(Log.java:24)
at com.mystore.utility.Log.info(Log.java:24)
at com.mystore.utility.Log.info(Log.java:24)
at com.mystore.utility.Log.info(Log.java:24)
at com.mystore.utility.Log.info(Log.java:24)
at com.mystore.utility.Log.info(Log.java:24)
at com.mystore.utility.Log.info(Log.java:24)
at com.mystore.utility.Log.info(Log.java:24)
at com.mystore.utility.Log.info(Log.java:24)
at com.mystore.utility.Log.info(Log.java:24)
at com.mystore.utility.Log.info(Log.java:24)
at com.mystore.utility.Log.info(Log.java:24)
at com.mystore.utility.Log.info(Log.java:24)
at com.mystore.utility.Log.info(Log.java:24)
at com.mystore.utility.Log.info(Log.java:24)
at com.mystore.utility.Log.info(Log.java:24)
at com.mystore.utility.Log.info(Log.java:24)
at com.mystore.utility.Log.info(Log.java:24)
at com.mystore.utility.Log.info(Log.java:24)
at com.mystore.utility.Log.info(Log.java:24)
at com.mystore.utility.Log.info(Log.java:24)
at com.mystore.utility.Log.info(Log.java:24)
at com.mystore.utility.Log.info(Log.java:24)
at com.mystore.utility.Log.info(Log.java:24)
at com.mystore.utility.Log.info(Log.java:24)
at com.mystore.utility.Log.info(Log.java:24)
at com.mystore.utility.Log.info(Log.java:24)
at com.mystore.utility.Log.info(Log.java:24)
at com.mystore.utility.Log.info(Log.java:24)
at com.mystore.utility.Log.info(Log.java:24)
at com.mystore.utility.Log.info(Log.java:24)
at com.mystore.utility.Log.info(Log.java:24)
at com.mystore.utility.Log.info(Log.java:24)
at com.mystore.utility.Log.info(Log.java:24)
at com.mystore.utility.Log.info(Log.java:24)
at com.mystore.utility.Log.info(Log.java:24)
at com.mystore.utility.Log.info(Log.java:24)
at com.mystore.utility.Log.info(Log.java:24)
at com.mystore.utility.Log.info(Log.java:24)
at com.mystore.utility.Log.info(Log.java:24)
at com.mystore.utility.Log.info(Log.java:24)
at com.mystore.utility.Log.info(Log.java:24)
at com.mystore.utility.Log.info(Log.java:24)
at com.mystore.utility.Log.info(Log.java:24)
at com.mystore.utility.Log.info(Log.java:24)
at com.mystore.utility.Log.info(Log.java:24)
at com.mystore.utility.Log.info(Log.java:24)
at com.mystore.utility.Log.info(Log.java:24)
at com.mystore.utility.Log.info(Log.java:24)
at com.mystore.utility.Log.info(Log.java:24)
at com.mystore.utility.Log.info(Log.java:24)
at com.mystore.utility.Log.info(Log.java:24)
at com.mystore.utility.Log.info(Log.java:24)
at com.mystore.utility.Log.info(Log.java:24)
at com.mystore.utility.Log.info(Log.java:24)
at com.mystore.utility.Log.info(Log.java:24)
at com.mystore.utility.Log.info(Log.java:24)
at com.mystore.utility.Log.info(Log.java:24)
at com.mystore.utility.Log.info(Log.java:24)
at com.mystore.utility.Log.info(Log.java:24)
at com.mystore.utility.Log.info(Log.java:24)
at com.mystore.utility.Log.info(Log.java:24)
at com.mystore.utility.Log.info(Log.java:24)
at com.mystore.utility.Log.info(Log.java:24)
at com.mystore.utility.Log.info(Log.java:24)
at com.mystore.utility.Log.info(Log.java:24)
at com.mystore.utility.Log.info(Log.java:24)
at com.mystore.utility.Log.info(Log.java:24)
at com.mystore.utility.Log.info(Log.java:24)
at com.mystore.utility.Log.info(Log.java:24)
at com.mystore.utility.Log.info(Log.java:24)
at com.mystore.utility.Log.info(Log.java:24)
at com.mystore.utility.Log.info(Log.java:24)
at com.mystore.utility.Log.info(Log.java:24)
at com.mystore.utility.Log.info(Log.java:24)
at com.mystore.utility.Log.info(Log.java:24)
at com.mystore.utility.Log.info(Log.java:24)
at com.mystore.utility.Log.info(Log.java:24)
at com.mystore.utility.Log.info(Log.java:24)
at com.mystore.utility.Log.info(Log.java:24)
at com.mystore.utility.Log.info(Log.java:24)
at com.mystore.utility.Log.info(Log.java:24)
at com.mystore.utility.Log.info(Log.java:24)
at com.mystore.utility.Log.info(Log.java:24)
at com.mystore.utility.Log.info(Log.java:24)
at com.mystore.utility.Log.info(Log.java:24)
at com.mystore.utility.Log.info(Log.java:24)
at com.mystore.utility.Log.info(Log.java:24)
at com.mystore.utility.Log.info(Log.java:24)
at com.mystore.utility.Log.info(Log.java:24)
at com.mystore.utility.Log.info(Log.java:24)
at com.mystore.utility.Log.info(Log.java:24)
at com.mystore.utility.Log.info(Log.java:24)
at com.mystore.utility.Log.info(Log.java:24)
at com.mystore.utility.Log.info(Log.java:24)
at com.mystore.utility.Log.info(Log.java:24)
at com.mystore.utility.Log.info(Log.java:24)
at com.mystore.utility.Log.info(Log.java:24)
at com.mystore.utility.Log.info(Log.java:24)
at com.mystore.utility.Log.info(Log.java:24)
at com.mystore.utility.Log.info(Log.java:24)
at com.mystore.utility.Log.info(Log.java:24)
at com.mystore.utility.Log.info(Log.java:24)
at com.mystore.utility.Log.info(Log.java:24)
at com.mystore.utility.Log.info(Log.java:24)
at com.mystore.utility.Log.info(Log.java:24)
at com.mystore.utility.Log.info(Log.java:24)
at com.mystore.utility.Log.info(Log.java:24)
at com.mystore.utility.Log.info(Log.java:24)
at com.mystore.utility.Log.info(Log.java:24)
at com.mystore.utility.Log.info(Log.java:24)
at com.mystore.utility.Log.info(Log.java:24)
at com.mystore.utility.Log.info(Log.java:24)
at com.mystore.utility.Log.info(Log.java:24)
at com.mystore.utility.Log.info(Log.java:24)
at com.mystore.utility.Log.info(Log.java:24)
at com.mystore.utility.Log.info(Log.java:24)
at com.mystore.utility.Log.info(Log.java:24)
at com.mystore.utility.Log.info(Log.java:24)
at com.mystore.utility.Log.info(Log.java:24)
at com.mystore.utility.Log.info(Log.java:24)
at com.mystore.utility.Log.info(Log.java:24)
at com.mystore.utility.Log.info(Log.java:24)
at com.mystore.utility.Log.info(Log.java:24)
at com.mystore.utility.Log.info(Log.java:24)
at com.mystore.utility.Log.info(Log.java:24)
at com.mystore.utility.Log.info(Log.java:24)
at com.mystore.utility.Log.info(Log.java:24)
at com.mystore.utility.Log.info(Log.java:24)
at com.mystore.utility.Log.info(Log.java:24)
at com.mystore.utility.Log.info(Log.java:24)
at com.mystore.utility.Log.info(Log.java:24)
at com.mystore.utility.Log.info(Log.java:24)
at com.mystore.utility.Log.info(Log.java:24)
at com.mystore.utility.Log.info(Log.java:24)
at com.mystore.utility.Log.info(Log.java:24)
at com.mystore.utility.Log.info(Log.java:24)
at com.mystore.utility.Log.info(Log.java:24)
at com.mystore.utility.Log.info(Log.java:24)
at com.mystore.utility.Log.info(Log.java:24)
at com.mystore.utility.Log.info(Log.java:24)
at com.mystore.utility.Log.info(Log.java:24)
at com.mystore.utility.Log.info(Log.java:24)
at com.mystore.utility.Log.info(Log.java:24)
at com.mystore.utility.Log.info(Log.java:24)
at com.mystore.utility.Log.info(Log.java:24)
at com.mystore.utility.Log.info(Log.java:24)
at com.mystore.utility.Log.info(Log.java:24)
at com.mystore.utility.Log.info(Log.java:24)
at com.mystore.utility.Log.info(Log.java:24)
at com.mystore.utility.Log.info(Log.java:24)
at com.mystore.utility.Log.info(Log.java:24)
at com.mystore.utility.Log.info(Log.java:24)
at com.mystore.utility.Log.info(Log.java:24)
at com.mystore.utility.Log.info(Log.java:24)
at com.mystore.utility.Log.info(Log.java:24)
at com.mystore.utility.Log.info(Log.java:24)
at com.mystore.utility.Log.info(Log.java:24)
at com.mystore.utility.Log.info(Log.java:24)
at com.mystore.utility.Log.info(Log.java:24)
at com.mystore.utility.Log.info(Log.java:24)
at com.mystore.utility.Log.info(Log.java:24)
at com.mystore.utility.Log.info(Log.java:24)
at com.mystore.utility.Log.info(Log.java:24)
at com.mystore.utility.Log.info(Log.java:24)
at com.mystore.utility.Log.info(Log.java:24)
at com.mystore.utility.Log.info(Log.java:24)
at com.mystore.utility.Log.info(Log.java:24)
at com.mystore.utility.Log.info(Log.java:24)
at com.mystore.utility.Log.info(Log.java:24)
at com.mystore.utility.Log.info(Log.java:24)
at com.mystore.utility.Log.info(Log.java:24)
at com.mystore.utility.Log.info(Log.java:24)
at com.mystore.utility.Log.info(Log.java:24)
at com.mystore.utility.Log.info(Log.java:24)
at com.mystore.utility.Log.info(Log.java:24)
at com.mystore.utility.Log.info(Log.java:24)
at com.mystore.utility.Log.info(Log.java:24)
at com.mystore.utility.Log.info(Log.java:24)
at com.mystore.utility.Log.info(Log.java:24)
at com.mystore.utility.Log.info(Log.java:24)
at com.mystore.utility.Log.info(Log.java:24)
at com.mystore.utility.Log.info(Log.java:24)
at com.mystore.utility.Log.info(Log.java:24)
at com.mystore.utility.Log.info(Log.java:24)
at com.mystore.utility.Log.info(Log.java:24)
at com.mystore.utility.Log.info(Log.java:24)
at com.mystore.utility.Log.info(Log.java:24)
at com.mystore.utility.Log.info(Log.java:24)
at com.mystore.utility.Log.info(Log.java:24)
at com.mystore.utility.Log.info(Log.java:24)
at com.mystore.utility.Log.info(Log.java:24)
at com.mystore.utility.Log.info(Log.java:24)
at com.mystore.utility.Log.info(Log.java:24)
at com.mystore.utility.Log.info(Log.java:24)
at com.mystore.utility.Log.info(Log.java:24)
at com.mystore.utility.Log.info(Log.java:24)
at com.mystore.utility.Log.info(Log.java:24)
at com.mystore.utility.Log.info(Log.java:24)
at com.mystore.utility.Log.info(Log.java:24)
at com.mystore.utility.Log.info(Log.java:24)
at com.mystore.utility.Log.info(Log.java:24)
at com.mystore.utility.Log.info(Log.java:24)
at com.mystore.utility.Log.info(Log.java:24)
at com.mystore.utility.Log.info(Log.java:24)
at com.mystore.utility.Log.info(Log.java:24)
at com.mystore.utility.Log.info(Log.java:24)
at com.mystore.utility.Log.info(Log.java:24)
at com.mystore.utility.Log.info(Log.java:24)
at com.mystore.utility.Log.info(Log.java:24)
at com.mystore.utility.Log.info(Log.java:24)
at com.mystore.utility.Log.info(Log.java:24)
at com.mystore.utility.Log.info(Log.java:24)
at com.mystore.utility.Log.info(Log.java:24)
at com.mystore.utility.Log.info(Log.java:24)
at com.mystore.utility.Log.info(Log.java:24)
at com.mystore.utility.Log.info(Log.java:24)
at com.mystore.utility.Log.info(Log.java:24)
at com.mystore.utility.Log.info(Log.java:24)
at com.mystore.utility.Log.info(Log.java:24)
at com.mystore.utility.Log.info(Log.java:24)
at com.mystore.utility.Log.info(Log.java:24)
at com.mystore.utility.Log.info(Log.java:24)
at com.mystore.utility.Log.info(Log.java:24)
at com.mystore.utility.Log.info(Log.java:24)
at com.mystore.utility.Log.info(Log.java:24)
at com.mystore.utility.Log.info(Log.java:24)
at com.mystore.utility.Log.info(Log.java:24)
at com.mystore.utility.Log.info(Log.java:24)
at com.mystore.utility.Log.info(Log.java:24)
at com.mystore.utility.Log.info(Log.java:24)
at com.mystore.utility.Log.info(Log.java:24)
at com.mystore.utility.Log.info(Log.java:24)
at com.mystore.utility.Log.info(Log.java:24)
at com.mystore.utility.Log.info(Log.java:24)
at com.mystore.utility.Log.info(Log.java:24)
at com.mystore.utility.Log.info(Log.java:24)
at com.mystore.utility.Log.info(Log.java:24)
at com.mystore.utility.Log.info(Log.java:24)
at com.mystore.utility.Log.info(Log.java:24)
at com.mystore.utility.Log.info(Log.java:24)
at com.mystore.utility.Log.info(Log.java:24)
at com.mystore.utility.Log.info(Log.java:24)
at com.mystore.utility.Log.info(Log.java:24)
at com.mystore.utility.Log.info(Log.java:24)
at com.mystore.utility.Log.info(Log.java:24)
at com.mystore.utility.Log.info(Log.java:24)
at com.mystore.utility.Log.info(Log.java:24)
at com.mystore.utility.Log.info(Log.java:24)
at com.mystore.utility.Log.info(Log.java:24)
at com.mystore.utility.Log.info(Log.java:24)
at com.mystore.utility.Log.info(Log.java:24)
at com.mystore.utility.Log.info(Log.java:24)
at com.mystore.utility.Log.info(Log.java:24)
at com.mystore.utility.Log.info(Log.java:24)
at com.mystore.utility.Log.info(Log.java:24)
at com.mystore.utility.Log.info(Log.java:24)
at com.mystore.utility.Log.info(Log.java:24)
at com.mystore.utility.Log.info(Log.java:24)
at com.mystore.utility.Log.info(Log.java:24)
at com.mystore.utility.Log.info(Log.java:24)
at com.mystore.utility.Log.info(Log.java:24)
at com.mystore.utility.Log.info(Log.java:24)
at com.mystore.utility.Log.info(Log.java:24)
at com.mystore.utility.Log.info(Log.java:24)
at com.mystore.utility.Log.info(Log.java:24)
at com.mystore.utility.Log.info(Log.java:24)
at com.mystore.utility.Log.info(Log.java:24)
at com.mystore.utility.Log.info(Log.java:24)
at com.mystore.utility.Log.info(Log.java:24)
at com.mystore.utility.Log.info(Log.java:24)
at com.mystore.utility.Log.info(Log.java:24)
at com.mystore.utility.Log.info(Log.java:24)
at com.mystore.utility.Log.info(Log.java:24)
at com.mystore.utility.Log.info(Log.java:24)
at com.mystore.utility.Log.info(Log.java:24)
at com.mystore.utility.Log.info(Log.java:24)
at com.mystore.utility.Log.info(Log.java:24)
at com.mystore.utility.Log.info(Log.java:24)
at com.mystore.utility.Log.info(Log.java:24)
at com.mystore.utility.Log.info(Log.java:24)
at com.mystore.utility.Log.info(Log.java:24)
at com.mystore.utility.Log.info(Log.java:24)
at com.mystore.utility.Log.info(Log.java:24)
at com.mystore.utility.Log.info(Log.java:24)
at com.mystore.utility.Log.info(Log.java:24)
at com.mystore.utility.Log.info(Log.java:24)
at com.mystore.utility.Log.info(Log.java:24)
at com.mystore.utility.Log.info(Log.java:24)
at com.mystore.utility.Log.info(Log.java:24)
at com.mystore.utility.Log.info(Log.java:24)
at com.mystore.utility.Log.info(Log.java:24)
at com.mystore.utility.Log.info(Log.java:24)
at com.mystore.utility.Log.info(Log.java:24)
at com.mystore.utility.Log.info(Log.java:24)
at com.mystore.utility.Log.info(Log.java:24)
at com.mystore.utility.Log.info(Log.java:24)
at com.mystore.utility.Log.info(Log.java:24)
at com.mystore.utility.Log.info(Log.java:24)
at com.mystore.utility.Log.info(Log.java:24)
at com.mystore.utility.Log.info(Log.java:24)
at com.mystore.utility.Log.info(Log.java:24)
at com.mystore.utility.Log.info(Log.java:24)
at com.mystore.utility.Log.info(Log.java:24)
at com.mystore.utility.Log.info(Log.java:24)
at com.mystore.utility.Log.info(Log.java:24)
at com.mystore.utility.Log.info(Log.java:24)
at com.mystore.utility.Log.info(Log.java:24)
at com.mystore.utility.Log.info(Log.java:24)
at com.mystore.utility.Log.info(Log.java:24)
at com.mystore.utility.Log.info(Log.java:24)
at com.mystore.utility.Log.info(Log.java:24)
at com.mystore.utility.Log.info(Log.java:24)
at com.mystore.utility.Log.info(Log.java:24)
at com.mystore.utility.Log.info(Log.java:24)
at com.mystore.utility.Log.info(Log.java:24)
at com.mystore.utility.Log.info(Log.java:24)
at com.mystore.utility.Log.info(Log.java:24)
at com.mystore.utility.Log.info(Log.java:24)
at com.mystore.utility.Log.info(Log.java:24)
at com.mystore.utility.Log.info(Log.java:24)
at com.mystore.utility.Log.info(Log.java:24)
at com.mystore.utility.Log.info(Log.java:24)
at com.mystore.utility.Log.info(Log.java:24)
at com.mystore.utility.Log.info(Log.java:24)
at com.mystore.utility.Log.info(Log.java:24)
at com.mystore.utility.Log.info(Log.java:24)
at com.mystore.utility.Log.info(Log.java:24)
at com.mystore.utility.Log.info(Log.java:24)
at com.mystore.utility.Log.info(Log.java:24)
at com.mystore.utility.Log.info(Log.java:24)
at com.mystore.utility.Log.info(Log.java:24)
at com.mystore.utility.Log.info(Log.java:24)
at com.mystore.utility.Log.info(Log.java:24)
at com.mystore.utility.Log.info(Log.java:24)
at com.mystore.utility.Log.info(Log.java:24)
at com.mystore.utility.Log.info(Log.java:24)
at com.mystore.utility.Log.info(Log.java:24)
at com.mystore.utility.Log.info(Log.java:24)
at com.mystore.utility.Log.info(Log.java:24)
at com.mystore.utility.Log.info(Log.java:24)
at com.mystore.utility.Log.info(Log.java:24)
at com.mystore.utility.Log.info(Log.java:24)
at com.mystore.utility.Log.info(Log.java:24)
at com.mystore.utility.Log.info(Log.java:24)
at com.mystore.utility.Log.info(Log.java:24)
at com.mystore.utility.Log.info(Log.java:24)
at com.mystore.utility.Log.info(Log.java:24)
at com.mystore.utility.Log.info(Log.java:24)
at com.mystore.utility.Log.info(Log.java:24)
at com.mystore.utility.Log.info(Log.java:24)
at com.mystore.utility.Log.info(Log.java:24)
at com.mystore.utility.Log.info(Log.java:24)
at com.mystore.utility.Log.info(Log.java:24)
at com.mystore.utility.Log.info(Log.java:24)
at com.mystore.utility.Log.info(Log.java:24)
at com.mystore.utility.Log.info(Log.java:24)
at com.mystore.utility.Log.info(Log.java:24)
at com.mystore.utility.Log.info(Log.java:24)
at com.mystore.utility.Log.info(Log.java:24)
at com.mystore.utility.Log.info(Log.java:24)
at com.mystore.utility.Log.info(Log.java:24)
at com.mystore.utility.Log.info(Log.java:24)
at com.mystore.utility.Log.info(Log.java:24)
at com.mystore.utility.Log.info(Log.java:24)
at com.mystore.utility.Log.info(Log.java:24)
at com.mystore.utility.Log.info(Log.java:24)
at com.mystore.utility.Log.info(Log.java:24)
at com.mystore.utility.Log.info(Log.java:24)
at com.mystore.utility.Log.info(Log.java:24)
at com.mystore.utility.Log.info(Log.java:24)
at com.mystore.utility.Log.info(Log.java:24)
at com.mystore.utility.Log.info(Log.java:24)
at com.mystore.utility.Log.info(Log.java:24)
at com.mystore.utility.Log.info(Log.java:24)
at com.mystore.utility.Log.info(Log.java:24)
at com.mystore.utility.Log.info(Log.java:24)
at com.mystore.utility.Log.info(Log.java:24)
at com.mystore.utility.Log.info(Log.java:24)
at com.mystore.utility.Log.info(Log.java:24)
at com.mystore.utility.Log.info(Log.java:24)
at com.mystore.utility.Log.info(Log.java:24)
at com.mystore.utility.Log.info(Log.java:24)
at com.mystore.utility.Log.info(Log.java:24)
at com.mystore.utility.Log.info(Log.java:24)
at com.mystore.utility.Log.info(Log.java:24)
at com.mystore.utility.Log.info(Log.java:24)
at com.mystore.utility.Log.info(Log.java:24)
at com.mystore.utility.Log.info(Log.java:24)
at com.mystore.utility.Log.info(Log.java:24)
at com.mystore.utility.Log.info(Log.java:24)
at com.mystore.utility.Log.info(Log.java:24)
at com.mystore.utility.Log.info(Log.java:24)
at com.mystore.utility.Log.info(Log.java:24)
at com.mystore.utility.Log.info(Log.java:24)
at com.mystore.utility.Log.info(Log.java:24)
at com.mystore.utility.Log.info(Log.java:24)
at com.mystore.utility.Log.info(Log.java:24)
at com.mystore.utility.Log.info(Log.java:24)
at com.mystore.utility.Log.info(Log.java:24)
at com.mystore.utility.Log.info(Log.java:24)
at com.mystore.utility.Log.info(Log.java:24)
at com.mystore.utility.Log.info(Log.java:24)
at com.mystore.utility.Log.info(Log.java:24)
at com.mystore.utility.Log.info(Log.java:24)
at com.mystore.utility.Log.info(Log.java:24)
at com.mystore.utility.Log.info(Log.java:24)
at com.mystore.utility.Log.info(Log.java:24)
at com.mystore.utility.Log.info(Log.java:24)
at com.mystore.utility.Log.info(Log.java:24)
at com.mystore.utility.Log.info(Log.java:24)
at com.mystore.utility.Log.info(Log.java:24)
at com.mystore.utility.Log.info(Log.java:24)
at com.mystore.utility.Log.info(Log.java:24)
at com.mystore.utility.Log.info(Log.java:24)
at com.mystore.utility.Log.info(Log.java:24)
at com.mystore.utility.Log.info(Log.java:24)
at com.mystore.utility.Log.info(Log.java:24)
at com.mystore.utility.Log.info(Log.java:24)
at com.mystore.utility.Log.info(Log.java:24)
at com.mystore.utility.Log.info(Log.java:24)
at com.mystore.utility.Log.info(Log.java:24)
at com.mystore.utility.Log.info(Log.java:24)
at com.mystore.utility.Log.info(Log.java:24)
at com.mystore.utility.Log.info(Log.java:24)
at com.mystore.utility.Log.info(Log.java:24)
at com.mystore.utility.Log.info(Log.java:24)
at com.mystore.utility.Log.info(Log.java:24)
at com.mystore.utility.Log.info(Log.java:24)
at com.mystore.utility.Log.info(Log.java:24)
at com.mystore.utility.Log.info(Log.java:24)
at com.mystore.utility.Log.info(Log.java:24)
at com.mystore.utility.Log.info(Log.java:24)
at com.mystore.utility.Log.info(Log.java:24)
at com.mystore.utility.Log.info(Log.java:24)
at com.mystore.utility.Log.info(Log.java:24)
at com.mystore.utility.Log.info(Log.java:24)
at com.mystore.utility.Log.info(Log.java:24)
at com.mystore.utility.Log.info(Log.java:24)
at com.mystore.utility.Log.info(Log.java:24)
at com.mystore.utility.Log.info(Log.java:24)
at com.mystore.utility.Log.info(Log.java:24)
at com.mystore.utility.Log.info(Log.java:24)
at com.mystore.utility.Log.info(Log.java:24)
at com.mystore.utility.Log.info(Log.java:24)
at com.mystore.utility.Log.info(Log.java:24)
at com.mystore.utility.Log.info(Log.java:24)
at com.mystore.utility.Log.info(Log.java:24)
at com.mystore.utility.Log.info(Log.java:24)
at com.mystore.utility.Log.info(Log.java:24)
at com.mystore.utility.Log.info(Log.java:24)
at com.mystore.utility.Log.info(Log.java:24)
at com.mystore.utility.Log.info(Log.java:24)
at com.mystore.utility.Log.info(Log.java:24)
at com.mystore.utility.Log.info(Log.java:24)
at com.mystore.utility.Log.info(Log.java:24)
at com.mystore.utility.Log.info(Log.java:24)
at com.mystore.utility.Log.info(Log.java:24)
at com.mystore.utility.Log.info(Log.java:24)
at com.mystore.utility.Log.info(Log.java:24)
at com.mystore.utility.Log.info(Log.java:24)
at com.mystore.utility.Log.info(Log.java:24)
at com.mystore.utility.Log.info(Log.java:24)
at com.mystore.utility.Log.info(Log.java:24)
at com.mystore.utility.Log.info(Log.java:24)
at com.mystore.utility.Log.info(Log.java:24)
at com.mystore.utility.Log.info(Log.java:24)
at com.mystore.utility.Log.info(Log.java:24)
at com.mystore.utility.Log.info(Log.java:24)
at com.mystore.utility.Log.info(Log.java:24)
at com.mystore.utility.Log.info(Log.java:24)
at com.mystore.utility.Log.info(Log.java:24)
at com.mystore.utility.Log.info(Log.java:24)
at com.mystore.utility.Log.info(Log.java:24)
at com.mystore.utility.Log.info(Log.java:24)
at com.mystore.utility.Log.info(Log.java:24)
at com.mystore.utility.Log.info(Log.java:24)
at com.mystore.utility.Log.info(Log.java:24)
at com.mystore.utility.Log.info(Log.java:24)
at com.mystore.utility.Log.info(Log.java:24)
at com.mystore.utility.Log.info(Log.java:24)
at com.mystore.utility.Log.info(Log.java:24)
at com.mystore.utility.Log.info(Log.java:24)
at com.mystore.utility.Log.info(Log.java:24)
at com.mystore.utility.Log.info(Log.java:24)
at com.mystore.utility.Log.info(Log.java:24)
at com.mystore.utility.Log.info(Log.java:24)
at com.mystore.utility.Log.info(Log.java:24)
at com.mystore.utility.Log.info(Log.java:24)
at com.mystore.utility.Log.info(Log.java:24)
at com.mystore.utility.Log.info(Log.java:24)
at com.mystore.utility.Log.info(Log.java:24)
at com.mystore.utility.Log.info(Log.java:24)
at com.mystore.utility.Log.info(Log.java:24)
at com.mystore.utility.Log.info(Log.java:24)
at com.mystore.utility.Log.info(Log.java:24)
at com.mystore.utility.Log.info(Log.java:24)
at com.mystore.utility.Log.info(Log.java:24)
at com.mystore.utility.Log.info(Log.java:24)
at com.mystore.utility.Log.info(Log.java:24)
at com.mystore.utility.Log.info(Log.java:24)
at com.mystore.utility.Log.info(Log.java:24)
at com.mystore.utility.Log.info(Log.java:24)
at com.mystore.utility.Log.info(Log.java:24)
at com.mystore.utility.Log.info(Log.java:24)
at com.mystore.utility.Log.info(Log.java:24)
at com.mystore.utility.Log.info(Log.java:24)
at com.mystore.utility.Log.info(Log.java:24)
at com.mystore.utility.Log.info(Log.java:24)
at com.mystore.utility.Log.info(Log.java:24)
at com.mystore.utility.Log.info(Log.java:24)
at com.mystore.utility.Log.info(Log.java:24)
at com.mystore.utility.Log.info(Log.java:24)
at com.mystore.utility.Log.info(Log.java:24)
at com.mystore.utility.Log.info(Log.java:24)
at com.mystore.utility.Log.info(Log.java:24)
at com.mystore.utility.Log.info(Log.java:24)
]]>
    </failure>
  </testcase> <!-- loginTest -->
  <testcase classname="com.mystore.testcases.IndexPageTest" name="verifyLogo" time="0.022">
    <failure type="java.lang.StackOverflowError">
      <![CDATA[java.lang.StackOverflowError
at com.mystore.utility.Log.info(Log.java:24)
at com.mystore.utility.Log.info(Log.java:24)
at com.mystore.utility.Log.info(Log.java:24)
at com.mystore.utility.Log.info(Log.java:24)
at com.mystore.utility.Log.info(Log.java:24)
at com.mystore.utility.Log.info(Log.java:24)
at com.mystore.utility.Log.info(Log.java:24)
at com.mystore.utility.Log.info(Log.java:24)
at com.mystore.utility.Log.info(Log.java:24)
at com.mystore.utility.Log.info(Log.java:24)
at com.mystore.utility.Log.info(Log.java:24)
at com.mystore.utility.Log.info(Log.java:24)
at com.mystore.utility.Log.info(Log.java:24)
at com.mystore.utility.Log.info(Log.java:24)
at com.mystore.utility.Log.info(Log.java:24)
at com.mystore.utility.Log.info(Log.java:24)
at com.mystore.utility.Log.info(Log.java:24)
at com.mystore.utility.Log.info(Log.java:24)
at com.mystore.utility.Log.info(Log.java:24)
at com.mystore.utility.Log.info(Log.java:24)
at com.mystore.utility.Log.info(Log.java:24)
at com.mystore.utility.Log.info(Log.java:24)
at com.mystore.utility.Log.info(Log.java:24)
at com.mystore.utility.Log.info(Log.java:24)
at com.mystore.utility.Log.info(Log.java:24)
at com.mystore.utility.Log.info(Log.java:24)
at com.mystore.utility.Log.info(Log.java:24)
at com.mystore.utility.Log.info(Log.java:24)
at com.mystore.utility.Log.info(Log.java:24)
at com.mystore.utility.Log.info(Log.java:24)
at com.mystore.utility.Log.info(Log.java:24)
at com.mystore.utility.Log.info(Log.java:24)
at com.mystore.utility.Log.info(Log.java:24)
at com.mystore.utility.Log.info(Log.java:24)
at com.mystore.utility.Log.info(Log.java:24)
at com.mystore.utility.Log.info(Log.java:24)
at com.mystore.utility.Log.info(Log.java:24)
at com.mystore.utility.Log.info(Log.java:24)
at com.mystore.utility.Log.info(Log.java:24)
at com.mystore.utility.Log.info(Log.java:24)
at com.mystore.utility.Log.info(Log.java:24)
at com.mystore.utility.Log.info(Log.java:24)
at com.mystore.utility.Log.info(Log.java:24)
at com.mystore.utility.Log.info(Log.java:24)
at com.mystore.utility.Log.info(Log.java:24)
at com.mystore.utility.Log.info(Log.java:24)
at com.mystore.utility.Log.info(Log.java:24)
at com.mystore.utility.Log.info(Log.java:24)
at com.mystore.utility.Log.info(Log.java:24)
at com.mystore.utility.Log.info(Log.java:24)
at com.mystore.utility.Log.info(Log.java:24)
at com.mystore.utility.Log.info(Log.java:24)
at com.mystore.utility.Log.info(Log.java:24)
at com.mystore.utility.Log.info(Log.java:24)
at com.mystore.utility.Log.info(Log.java:24)
at com.mystore.utility.Log.info(Log.java:24)
at com.mystore.utility.Log.info(Log.java:24)
at com.mystore.utility.Log.info(Log.java:24)
at com.mystore.utility.Log.info(Log.java:24)
at com.mystore.utility.Log.info(Log.java:24)
at com.mystore.utility.Log.info(Log.java:24)
at com.mystore.utility.Log.info(Log.java:24)
at com.mystore.utility.Log.info(Log.java:24)
at com.mystore.utility.Log.info(Log.java:24)
at com.mystore.utility.Log.info(Log.java:24)
at com.mystore.utility.Log.info(Log.java:24)
at com.mystore.utility.Log.info(Log.java:24)
at com.mystore.utility.Log.info(Log.java:24)
at com.mystore.utility.Log.info(Log.java:24)
at com.mystore.utility.Log.info(Log.java:24)
at com.mystore.utility.Log.info(Log.java:24)
at com.mystore.utility.Log.info(Log.java:24)
at com.mystore.utility.Log.info(Log.java:24)
at com.mystore.utility.Log.info(Log.java:24)
at com.mystore.utility.Log.info(Log.java:24)
at com.mystore.utility.Log.info(Log.java:24)
at com.mystore.utility.Log.info(Log.java:24)
at com.mystore.utility.Log.info(Log.java:24)
at com.mystore.utility.Log.info(Log.java:24)
at com.mystore.utility.Log.info(Log.java:24)
at com.mystore.utility.Log.info(Log.java:24)
at com.mystore.utility.Log.info(Log.java:24)
at com.mystore.utility.Log.info(Log.java:24)
at com.mystore.utility.Log.info(Log.java:24)
at com.mystore.utility.Log.info(Log.java:24)
at com.mystore.utility.Log.info(Log.java:24)
at com.mystore.utility.Log.info(Log.java:24)
at com.mystore.utility.Log.info(Log.java:24)
at com.mystore.utility.Log.info(Log.java:24)
at com.mystore.utility.Log.info(Log.java:24)
at com.mystore.utility.Log.info(Log.java:24)
at com.mystore.utility.Log.info(Log.java:24)
at com.mystore.utility.Log.info(Log.java:24)
at com.mystore.utility.Log.info(Log.java:24)
at com.mystore.utility.Log.info(Log.java:24)
at com.mystore.utility.Log.info(Log.java:24)
at com.mystore.utility.Log.info(Log.java:24)
at com.mystore.utility.Log.info(Log.java:24)
at com.mystore.utility.Log.info(Log.java:24)
at com.mystore.utility.Log.info(Log.java:24)
at com.mystore.utility.Log.info(Log.java:24)
at com.mystore.utility.Log.info(Log.java:24)
at com.mystore.utility.Log.info(Log.java:24)
at com.mystore.utility.Log.info(Log.java:24)
at com.mystore.utility.Log.info(Log.java:24)
at com.mystore.utility.Log.info(Log.java:24)
at com.mystore.utility.Log.info(Log.java:24)
at com.mystore.utility.Log.info(Log.java:24)
at com.mystore.utility.Log.info(Log.java:24)
at com.mystore.utility.Log.info(Log.java:24)
at com.mystore.utility.Log.info(Log.java:24)
at com.mystore.utility.Log.info(Log.java:24)
at com.mystore.utility.Log.info(Log.java:24)
at com.mystore.utility.Log.info(Log.java:24)
at com.mystore.utility.Log.info(Log.java:24)
at com.mystore.utility.Log.info(Log.java:24)
at com.mystore.utility.Log.info(Log.java:24)
at com.mystore.utility.Log.info(Log.java:24)
at com.mystore.utility.Log.info(Log.java:24)
at com.mystore.utility.Log.info(Log.java:24)
at com.mystore.utility.Log.info(Log.java:24)
at com.mystore.utility.Log.info(Log.java:24)
at com.mystore.utility.Log.info(Log.java:24)
at com.mystore.utility.Log.info(Log.java:24)
at com.mystore.utility.Log.info(Log.java:24)
at com.mystore.utility.Log.info(Log.java:24)
at com.mystore.utility.Log.info(Log.java:24)
at com.mystore.utility.Log.info(Log.java:24)
at com.mystore.utility.Log.info(Log.java:24)
at com.mystore.utility.Log.info(Log.java:24)
at com.mystore.utility.Log.info(Log.java:24)
at com.mystore.utility.Log.info(Log.java:24)
at com.mystore.utility.Log.info(Log.java:24)
at com.mystore.utility.Log.info(Log.java:24)
at com.mystore.utility.Log.info(Log.java:24)
at com.mystore.utility.Log.info(Log.java:24)
at com.mystore.utility.Log.info(Log.java:24)
at com.mystore.utility.Log.info(Log.java:24)
at com.mystore.utility.Log.info(Log.java:24)
at com.mystore.utility.Log.info(Log.java:24)
at com.mystore.utility.Log.info(Log.java:24)
at com.mystore.utility.Log.info(Log.java:24)
at com.mystore.utility.Log.info(Log.java:24)
at com.mystore.utility.Log.info(Log.java:24)
at com.mystore.utility.Log.info(Log.java:24)
at com.mystore.utility.Log.info(Log.java:24)
at com.mystore.utility.Log.info(Log.java:24)
at com.mystore.utility.Log.info(Log.java:24)
at com.mystore.utility.Log.info(Log.java:24)
at com.mystore.utility.Log.info(Log.java:24)
at com.mystore.utility.Log.info(Log.java:24)
at com.mystore.utility.Log.info(Log.java:24)
at com.mystore.utility.Log.info(Log.java:24)
at com.mystore.utility.Log.info(Log.java:24)
at com.mystore.utility.Log.info(Log.java:24)
at com.mystore.utility.Log.info(Log.java:24)
at com.mystore.utility.Log.info(Log.java:24)
at com.mystore.utility.Log.info(Log.java:24)
at com.mystore.utility.Log.info(Log.java:24)
at com.mystore.utility.Log.info(Log.java:24)
at com.mystore.utility.Log.info(Log.java:24)
at com.mystore.utility.Log.info(Log.java:24)
at com.mystore.utility.Log.info(Log.java:24)
at com.mystore.utility.Log.info(Log.java:24)
at com.mystore.utility.Log.info(Log.java:24)
at com.mystore.utility.Log.info(Log.java:24)
at com.mystore.utility.Log.info(Log.java:24)
at com.mystore.utility.Log.info(Log.java:24)
at com.mystore.utility.Log.info(Log.java:24)
at com.mystore.utility.Log.info(Log.java:24)
at com.mystore.utility.Log.info(Log.java:24)
at com.mystore.utility.Log.info(Log.java:24)
at com.mystore.utility.Log.info(Log.java:24)
at com.mystore.utility.Log.info(Log.java:24)
at com.mystore.utility.Log.info(Log.java:24)
at com.mystore.utility.Log.info(Log.java:24)
at com.mystore.utility.Log.info(Log.java:24)
at com.mystore.utility.Log.info(Log.java:24)
at com.mystore.utility.Log.info(Log.java:24)
at com.mystore.utility.Log.info(Log.java:24)
at com.mystore.utility.Log.info(Log.java:24)
at com.mystore.utility.Log.info(Log.java:24)
at com.mystore.utility.Log.info(Log.java:24)
at com.mystore.utility.Log.info(Log.java:24)
at com.mystore.utility.Log.info(Log.java:24)
at com.mystore.utility.Log.info(Log.java:24)
at com.mystore.utility.Log.info(Log.java:24)
at com.mystore.utility.Log.info(Log.java:24)
at com.mystore.utility.Log.info(Log.java:24)
at com.mystore.utility.Log.info(Log.java:24)
at com.mystore.utility.Log.info(Log.java:24)
at com.mystore.utility.Log.info(Log.java:24)
at com.mystore.utility.Log.info(Log.java:24)
at com.mystore.utility.Log.info(Log.java:24)
at com.mystore.utility.Log.info(Log.java:24)
at com.mystore.utility.Log.info(Log.java:24)
at com.mystore.utility.Log.info(Log.java:24)
at com.mystore.utility.Log.info(Log.java:24)
at com.mystore.utility.Log.info(Log.java:24)
at com.mystore.utility.Log.info(Log.java:24)
at com.mystore.utility.Log.info(Log.java:24)
at com.mystore.utility.Log.info(Log.java:24)
at com.mystore.utility.Log.info(Log.java:24)
at com.mystore.utility.Log.info(Log.java:24)
at com.mystore.utility.Log.info(Log.java:24)
at com.mystore.utility.Log.info(Log.java:24)
at com.mystore.utility.Log.info(Log.java:24)
at com.mystore.utility.Log.info(Log.java:24)
at com.mystore.utility.Log.info(Log.java:24)
at com.mystore.utility.Log.info(Log.java:24)
at com.mystore.utility.Log.info(Log.java:24)
at com.mystore.utility.Log.info(Log.java:24)
at com.mystore.utility.Log.info(Log.java:24)
at com.mystore.utility.Log.info(Log.java:24)
at com.mystore.utility.Log.info(Log.java:24)
at com.mystore.utility.Log.info(Log.java:24)
at com.mystore.utility.Log.info(Log.java:24)
at com.mystore.utility.Log.info(Log.java:24)
at com.mystore.utility.Log.info(Log.java:24)
at com.mystore.utility.Log.info(Log.java:24)
at com.mystore.utility.Log.info(Log.java:24)
at com.mystore.utility.Log.info(Log.java:24)
at com.mystore.utility.Log.info(Log.java:24)
at com.mystore.utility.Log.info(Log.java:24)
at com.mystore.utility.Log.info(Log.java:24)
at com.mystore.utility.Log.info(Log.java:24)
at com.mystore.utility.Log.info(Log.java:24)
at com.mystore.utility.Log.info(Log.java:24)
at com.mystore.utility.Log.info(Log.java:24)
at com.mystore.utility.Log.info(Log.java:24)
at com.mystore.utility.Log.info(Log.java:24)
at com.mystore.utility.Log.info(Log.java:24)
at com.mystore.utility.Log.info(Log.java:24)
at com.mystore.utility.Log.info(Log.java:24)
at com.mystore.utility.Log.info(Log.java:24)
at com.mystore.utility.Log.info(Log.java:24)
at com.mystore.utility.Log.info(Log.java:24)
at com.mystore.utility.Log.info(Log.java:24)
at com.mystore.utility.Log.info(Log.java:24)
at com.mystore.utility.Log.info(Log.java:24)
at com.mystore.utility.Log.info(Log.java:24)
at com.mystore.utility.Log.info(Log.java:24)
at com.mystore.utility.Log.info(Log.java:24)
at com.mystore.utility.Log.info(Log.java:24)
at com.mystore.utility.Log.info(Log.java:24)
at com.mystore.utility.Log.info(Log.java:24)
at com.mystore.utility.Log.info(Log.java:24)
at com.mystore.utility.Log.info(Log.java:24)
at com.mystore.utility.Log.info(Log.java:24)
at com.mystore.utility.Log.info(Log.java:24)
at com.mystore.utility.Log.info(Log.java:24)
at com.mystore.utility.Log.info(Log.java:24)
at com.mystore.utility.Log.info(Log.java:24)
at com.mystore.utility.Log.info(Log.java:24)
at com.mystore.utility.Log.info(Log.java:24)
at com.mystore.utility.Log.info(Log.java:24)
at com.mystore.utility.Log.info(Log.java:24)
at com.mystore.utility.Log.info(Log.java:24)
at com.mystore.utility.Log.info(Log.java:24)
at com.mystore.utility.Log.info(Log.java:24)
at com.mystore.utility.Log.info(Log.java:24)
at com.mystore.utility.Log.info(Log.java:24)
at com.mystore.utility.Log.info(Log.java:24)
at com.mystore.utility.Log.info(Log.java:24)
at com.mystore.utility.Log.info(Log.java:24)
at com.mystore.utility.Log.info(Log.java:24)
at com.mystore.utility.Log.info(Log.java:24)
at com.mystore.utility.Log.info(Log.java:24)
at com.mystore.utility.Log.info(Log.java:24)
at com.mystore.utility.Log.info(Log.java:24)
at com.mystore.utility.Log.info(Log.java:24)
at com.mystore.utility.Log.info(Log.java:24)
at com.mystore.utility.Log.info(Log.java:24)
at com.mystore.utility.Log.info(Log.java:24)
at com.mystore.utility.Log.info(Log.java:24)
at com.mystore.utility.Log.info(Log.java:24)
at com.mystore.utility.Log.info(Log.java:24)
at com.mystore.utility.Log.info(Log.java:24)
at com.mystore.utility.Log.info(Log.java:24)
at com.mystore.utility.Log.info(Log.java:24)
at com.mystore.utility.Log.info(Log.java:24)
at com.mystore.utility.Log.info(Log.java:24)
at com.mystore.utility.Log.info(Log.java:24)
at com.mystore.utility.Log.info(Log.java:24)
at com.mystore.utility.Log.info(Log.java:24)
at com.mystore.utility.Log.info(Log.java:24)
at com.mystore.utility.Log.info(Log.java:24)
at com.mystore.utility.Log.info(Log.java:24)
at com.mystore.utility.Log.info(Log.java:24)
at com.mystore.utility.Log.info(Log.java:24)
at com.mystore.utility.Log.info(Log.java:24)
at com.mystore.utility.Log.info(Log.java:24)
at com.mystore.utility.Log.info(Log.java:24)
at com.mystore.utility.Log.info(Log.java:24)
at com.mystore.utility.Log.info(Log.java:24)
at com.mystore.utility.Log.info(Log.java:24)
at com.mystore.utility.Log.info(Log.java:24)
at com.mystore.utility.Log.info(Log.java:24)
at com.mystore.utility.Log.info(Log.java:24)
at com.mystore.utility.Log.info(Log.java:24)
at com.mystore.utility.Log.info(Log.java:24)
at com.mystore.utility.Log.info(Log.java:24)
at com.mystore.utility.Log.info(Log.java:24)
at com.mystore.utility.Log.info(Log.java:24)
at com.mystore.utility.Log.info(Log.java:24)
at com.mystore.utility.Log.info(Log.java:24)
at com.mystore.utility.Log.info(Log.java:24)
at com.mystore.utility.Log.info(Log.java:24)
at com.mystore.utility.Log.info(Log.java:24)
at com.mystore.utility.Log.info(Log.java:24)
at com.mystore.utility.Log.info(Log.java:24)
at com.mystore.utility.Log.info(Log.java:24)
at com.mystore.utility.Log.info(Log.java:24)
at com.mystore.utility.Log.info(Log.java:24)
at com.mystore.utility.Log.info(Log.java:24)
at com.mystore.utility.Log.info(Log.java:24)
at com.mystore.utility.Log.info(Log.java:24)
at com.mystore.utility.Log.info(Log.java:24)
at com.mystore.utility.Log.info(Log.java:24)
at com.mystore.utility.Log.info(Log.java:24)
at com.mystore.utility.Log.info(Log.java:24)
at com.mystore.utility.Log.info(Log.java:24)
at com.mystore.utility.Log.info(Log.java:24)
at com.mystore.utility.Log.info(Log.java:24)
at com.mystore.utility.Log.info(Log.java:24)
at com.mystore.utility.Log.info(Log.java:24)
at com.mystore.utility.Log.info(Log.java:24)
at com.mystore.utility.Log.info(Log.java:24)
at com.mystore.utility.Log.info(Log.java:24)
at com.mystore.utility.Log.info(Log.java:24)
at com.mystore.utility.Log.info(Log.java:24)
at com.mystore.utility.Log.info(Log.java:24)
at com.mystore.utility.Log.info(Log.java:24)
at com.mystore.utility.Log.info(Log.java:24)
at com.mystore.utility.Log.info(Log.java:24)
at com.mystore.utility.Log.info(Log.java:24)
at com.mystore.utility.Log.info(Log.java:24)
at com.mystore.utility.Log.info(Log.java:24)
at com.mystore.utility.Log.info(Log.java:24)
at com.mystore.utility.Log.info(Log.java:24)
at com.mystore.utility.Log.info(Log.java:24)
at com.mystore.utility.Log.info(Log.java:24)
at com.mystore.utility.Log.info(Log.java:24)
at com.mystore.utility.Log.info(Log.java:24)
at com.mystore.utility.Log.info(Log.java:24)
at com.mystore.utility.Log.info(Log.java:24)
at com.mystore.utility.Log.info(Log.java:24)
at com.mystore.utility.Log.info(Log.java:24)
at com.mystore.utility.Log.info(Log.java:24)
at com.mystore.utility.Log.info(Log.java:24)
at com.mystore.utility.Log.info(Log.java:24)
at com.mystore.utility.Log.info(Log.java:24)
at com.mystore.utility.Log.info(Log.java:24)
at com.mystore.utility.Log.info(Log.java:24)
at com.mystore.utility.Log.info(Log.java:24)
at com.mystore.utility.Log.info(Log.java:24)
at com.mystore.utility.Log.info(Log.java:24)
at com.mystore.utility.Log.info(Log.java:24)
at com.mystore.utility.Log.info(Log.java:24)
at com.mystore.utility.Log.info(Log.java:24)
at com.mystore.utility.Log.info(Log.java:24)
at com.mystore.utility.Log.info(Log.java:24)
at com.mystore.utility.Log.info(Log.java:24)
at com.mystore.utility.Log.info(Log.java:24)
at com.mystore.utility.Log.info(Log.java:24)
at com.mystore.utility.Log.info(Log.java:24)
at com.mystore.utility.Log.info(Log.java:24)
at com.mystore.utility.Log.info(Log.java:24)
at com.mystore.utility.Log.info(Log.java:24)
at com.mystore.utility.Log.info(Log.java:24)
at com.mystore.utility.Log.info(Log.java:24)
at com.mystore.utility.Log.info(Log.java:24)
at com.mystore.utility.Log.info(Log.java:24)
at com.mystore.utility.Log.info(Log.java:24)
at com.mystore.utility.Log.info(Log.java:24)
at com.mystore.utility.Log.info(Log.java:24)
at com.mystore.utility.Log.info(Log.java:24)
at com.mystore.utility.Log.info(Log.java:24)
at com.mystore.utility.Log.info(Log.java:24)
at com.mystore.utility.Log.info(Log.java:24)
at com.mystore.utility.Log.info(Log.java:24)
at com.mystore.utility.Log.info(Log.java:24)
at com.mystore.utility.Log.info(Log.java:24)
at com.mystore.utility.Log.info(Log.java:24)
at com.mystore.utility.Log.info(Log.java:24)
at com.mystore.utility.Log.info(Log.java:24)
at com.mystore.utility.Log.info(Log.java:24)
at com.mystore.utility.Log.info(Log.java:24)
at com.mystore.utility.Log.info(Log.java:24)
at com.mystore.utility.Log.info(Log.java:24)
at com.mystore.utility.Log.info(Log.java:24)
at com.mystore.utility.Log.info(Log.java:24)
at com.mystore.utility.Log.info(Log.java:24)
at com.mystore.utility.Log.info(Log.java:24)
at com.mystore.utility.Log.info(Log.java:24)
at com.mystore.utility.Log.info(Log.java:24)
at com.mystore.utility.Log.info(Log.java:24)
at com.mystore.utility.Log.info(Log.java:24)
at com.mystore.utility.Log.info(Log.java:24)
at com.mystore.utility.Log.info(Log.java:24)
at com.mystore.utility.Log.info(Log.java:24)
at com.mystore.utility.Log.info(Log.java:24)
at com.mystore.utility.Log.info(Log.java:24)
at com.mystore.utility.Log.info(Log.java:24)
at com.mystore.utility.Log.info(Log.java:24)
at com.mystore.utility.Log.info(Log.java:24)
at com.mystore.utility.Log.info(Log.java:24)
at com.mystore.utility.Log.info(Log.java:24)
at com.mystore.utility.Log.info(Log.java:24)
at com.mystore.utility.Log.info(Log.java:24)
at com.mystore.utility.Log.info(Log.java:24)
at com.mystore.utility.Log.info(Log.java:24)
at com.mystore.utility.Log.info(Log.java:24)
at com.mystore.utility.Log.info(Log.java:24)
at com.mystore.utility.Log.info(Log.java:24)
at com.mystore.utility.Log.info(Log.java:24)
at com.mystore.utility.Log.info(Log.java:24)
at com.mystore.utility.Log.info(Log.java:24)
at com.mystore.utility.Log.info(Log.java:24)
at com.mystore.utility.Log.info(Log.java:24)
at com.mystore.utility.Log.info(Log.java:24)
at com.mystore.utility.Log.info(Log.java:24)
at com.mystore.utility.Log.info(Log.java:24)
at com.mystore.utility.Log.info(Log.java:24)
at com.mystore.utility.Log.info(Log.java:24)
at com.mystore.utility.Log.info(Log.java:24)
at com.mystore.utility.Log.info(Log.java:24)
at com.mystore.utility.Log.info(Log.java:24)
at com.mystore.utility.Log.info(Log.java:24)
at com.mystore.utility.Log.info(Log.java:24)
at com.mystore.utility.Log.info(Log.java:24)
at com.mystore.utility.Log.info(Log.java:24)
at com.mystore.utility.Log.info(Log.java:24)
at com.mystore.utility.Log.info(Log.java:24)
at com.mystore.utility.Log.info(Log.java:24)
at com.mystore.utility.Log.info(Log.java:24)
at com.mystore.utility.Log.info(Log.java:24)
at com.mystore.utility.Log.info(Log.java:24)
at com.mystore.utility.Log.info(Log.java:24)
at com.mystore.utility.Log.info(Log.java:24)
at com.mystore.utility.Log.info(Log.java:24)
at com.mystore.utility.Log.info(Log.java:24)
at com.mystore.utility.Log.info(Log.java:24)
at com.mystore.utility.Log.info(Log.java:24)
at com.mystore.utility.Log.info(Log.java:24)
at com.mystore.utility.Log.info(Log.java:24)
at com.mystore.utility.Log.info(Log.java:24)
at com.mystore.utility.Log.info(Log.java:24)
at com.mystore.utility.Log.info(Log.java:24)
at com.mystore.utility.Log.info(Log.java:24)
at com.mystore.utility.Log.info(Log.java:24)
at com.mystore.utility.Log.info(Log.java:24)
at com.mystore.utility.Log.info(Log.java:24)
at com.mystore.utility.Log.info(Log.java:24)
at com.mystore.utility.Log.info(Log.java:24)
at com.mystore.utility.Log.info(Log.java:24)
at com.mystore.utility.Log.info(Log.java:24)
at com.mystore.utility.Log.info(Log.java:24)
at com.mystore.utility.Log.info(Log.java:24)
at com.mystore.utility.Log.info(Log.java:24)
at com.mystore.utility.Log.info(Log.java:24)
at com.mystore.utility.Log.info(Log.java:24)
at com.mystore.utility.Log.info(Log.java:24)
at com.mystore.utility.Log.info(Log.java:24)
at com.mystore.utility.Log.info(Log.java:24)
at com.mystore.utility.Log.info(Log.java:24)
at com.mystore.utility.Log.info(Log.java:24)
at com.mystore.utility.Log.info(Log.java:24)
at com.mystore.utility.Log.info(Log.java:24)
at com.mystore.utility.Log.info(Log.java:24)
at com.mystore.utility.Log.info(Log.java:24)
at com.mystore.utility.Log.info(Log.java:24)
at com.mystore.utility.Log.info(Log.java:24)
at com.mystore.utility.Log.info(Log.java:24)
at com.mystore.utility.Log.info(Log.java:24)
at com.mystore.utility.Log.info(Log.java:24)
at com.mystore.utility.Log.info(Log.java:24)
at com.mystore.utility.Log.info(Log.java:24)
at com.mystore.utility.Log.info(Log.java:24)
at com.mystore.utility.Log.info(Log.java:24)
at com.mystore.utility.Log.info(Log.java:24)
at com.mystore.utility.Log.info(Log.java:24)
at com.mystore.utility.Log.info(Log.java:24)
at com.mystore.utility.Log.info(Log.java:24)
at com.mystore.utility.Log.info(Log.java:24)
at com.mystore.utility.Log.info(Log.java:24)
at com.mystore.utility.Log.info(Log.java:24)
at com.mystore.utility.Log.info(Log.java:24)
at com.mystore.utility.Log.info(Log.java:24)
at com.mystore.utility.Log.info(Log.java:24)
at com.mystore.utility.Log.info(Log.java:24)
at com.mystore.utility.Log.info(Log.java:24)
at com.mystore.utility.Log.info(Log.java:24)
at com.mystore.utility.Log.info(Log.java:24)
at com.mystore.utility.Log.info(Log.java:24)
at com.mystore.utility.Log.info(Log.java:24)
at com.mystore.utility.Log.info(Log.java:24)
at com.mystore.utility.Log.info(Log.java:24)
at com.mystore.utility.Log.info(Log.java:24)
at com.mystore.utility.Log.info(Log.java:24)
at com.mystore.utility.Log.info(Log.java:24)
at com.mystore.utility.Log.info(Log.java:24)
at com.mystore.utility.Log.info(Log.java:24)
at com.mystore.utility.Log.info(Log.java:24)
at com.mystore.utility.Log.info(Log.java:24)
at com.mystore.utility.Log.info(Log.java:24)
at com.mystore.utility.Log.info(Log.java:24)
at com.mystore.utility.Log.info(Log.java:24)
at com.mystore.utility.Log.info(Log.java:24)
at com.mystore.utility.Log.info(Log.java:24)
at com.mystore.utility.Log.info(Log.java:24)
at com.mystore.utility.Log.info(Log.java:24)
at com.mystore.utility.Log.info(Log.java:24)
at com.mystore.utility.Log.info(Log.java:24)
at com.mystore.utility.Log.info(Log.java:24)
at com.mystore.utility.Log.info(Log.java:24)
at com.mystore.utility.Log.info(Log.java:24)
at com.mystore.utility.Log.info(Log.java:24)
at com.mystore.utility.Log.info(Log.java:24)
at com.mystore.utility.Log.info(Log.java:24)
at com.mystore.utility.Log.info(Log.java:24)
at com.mystore.utility.Log.info(Log.java:24)
at com.mystore.utility.Log.info(Log.java:24)
at com.mystore.utility.Log.info(Log.java:24)
at com.mystore.utility.Log.info(Log.java:24)
at com.mystore.utility.Log.info(Log.java:24)
at com.mystore.utility.Log.info(Log.java:24)
at com.mystore.utility.Log.info(Log.java:24)
at com.mystore.utility.Log.info(Log.java:24)
at com.mystore.utility.Log.info(Log.java:24)
at com.mystore.utility.Log.info(Log.java:24)
at com.mystore.utility.Log.info(Log.java:24)
at com.mystore.utility.Log.info(Log.java:24)
at com.mystore.utility.Log.info(Log.java:24)
at com.mystore.utility.Log.info(Log.java:24)
at com.mystore.utility.Log.info(Log.java:24)
at com.mystore.utility.Log.info(Log.java:24)
at com.mystore.utility.Log.info(Log.java:24)
at com.mystore.utility.Log.info(Log.java:24)
at com.mystore.utility.Log.info(Log.java:24)
at com.mystore.utility.Log.info(Log.java:24)
at com.mystore.utility.Log.info(Log.java:24)
at com.mystore.utility.Log.info(Log.java:24)
at com.mystore.utility.Log.info(Log.java:24)
at com.mystore.utility.Log.info(Log.java:24)
at com.mystore.utility.Log.info(Log.java:24)
at com.mystore.utility.Log.info(Log.java:24)
at com.mystore.utility.Log.info(Log.java:24)
at com.mystore.utility.Log.info(Log.java:24)
at com.mystore.utility.Log.info(Log.java:24)
at com.mystore.utility.Log.info(Log.java:24)
at com.mystore.utility.Log.info(Log.java:24)
at com.mystore.utility.Log.info(Log.java:24)
at com.mystore.utility.Log.info(Log.java:24)
at com.mystore.utility.Log.info(Log.java:24)
at com.mystore.utility.Log.info(Log.java:24)
at com.mystore.utility.Log.info(Log.java:24)
at com.mystore.utility.Log.info(Log.java:24)
at com.mystore.utility.Log.info(Log.java:24)
at com.mystore.utility.Log.info(Log.java:24)
at com.mystore.utility.Log.info(Log.java:24)
at com.mystore.utility.Log.info(Log.java:24)
at com.mystore.utility.Log.info(Log.java:24)
at com.mystore.utility.Log.info(Log.java:24)
at com.mystore.utility.Log.info(Log.java:24)
at com.mystore.utility.Log.info(Log.java:24)
at com.mystore.utility.Log.info(Log.java:24)
at com.mystore.utility.Log.info(Log.java:24)
at com.mystore.utility.Log.info(Log.java:24)
at com.mystore.utility.Log.info(Log.java:24)
at com.mystore.utility.Log.info(Log.java:24)
at com.mystore.utility.Log.info(Log.java:24)
at com.mystore.utility.Log.info(Log.java:24)
at com.mystore.utility.Log.info(Log.java:24)
at com.mystore.utility.Log.info(Log.java:24)
at com.mystore.utility.Log.info(Log.java:24)
at com.mystore.utility.Log.info(Log.java:24)
at com.mystore.utility.Log.info(Log.java:24)
at com.mystore.utility.Log.info(Log.java:24)
at com.mystore.utility.Log.info(Log.java:24)
at com.mystore.utility.Log.info(Log.java:24)
at com.mystore.utility.Log.info(Log.java:24)
at com.mystore.utility.Log.info(Log.java:24)
at com.mystore.utility.Log.info(Log.java:24)
at com.mystore.utility.Log.info(Log.java:24)
at com.mystore.utility.Log.info(Log.java:24)
at com.mystore.utility.Log.info(Log.java:24)
at com.mystore.utility.Log.info(Log.java:24)
at com.mystore.utility.Log.info(Log.java:24)
at com.mystore.utility.Log.info(Log.java:24)
at com.mystore.utility.Log.info(Log.java:24)
at com.mystore.utility.Log.info(Log.java:24)
at com.mystore.utility.Log.info(Log.java:24)
at com.mystore.utility.Log.info(Log.java:24)
at com.mystore.utility.Log.info(Log.java:24)
at com.mystore.utility.Log.info(Log.java:24)
at com.mystore.utility.Log.info(Log.java:24)
at com.mystore.utility.Log.info(Log.java:24)
at com.mystore.utility.Log.info(Log.java:24)
at com.mystore.utility.Log.info(Log.java:24)
at com.mystore.utility.Log.info(Log.java:24)
at com.mystore.utility.Log.info(Log.java:24)
at com.mystore.utility.Log.info(Log.java:24)
at com.mystore.utility.Log.info(Log.java:24)
at com.mystore.utility.Log.info(Log.java:24)
at com.mystore.utility.Log.info(Log.java:24)
at com.mystore.utility.Log.info(Log.java:24)
at com.mystore.utility.Log.info(Log.java:24)
at com.mystore.utility.Log.info(Log.java:24)
at com.mystore.utility.Log.info(Log.java:24)
at com.mystore.utility.Log.info(Log.java:24)
at com.mystore.utility.Log.info(Log.java:24)
at com.mystore.utility.Log.info(Log.java:24)
at com.mystore.utility.Log.info(Log.java:24)
at com.mystore.utility.Log.info(Log.java:24)
at com.mystore.utility.Log.info(Log.java:24)
at com.mystore.utility.Log.info(Log.java:24)
at com.mystore.utility.Log.info(Log.java:24)
at com.mystore.utility.Log.info(Log.java:24)
at com.mystore.utility.Log.info(Log.java:24)
at com.mystore.utility.Log.info(Log.java:24)
at com.mystore.utility.Log.info(Log.java:24)
at com.mystore.utility.Log.info(Log.java:24)
at com.mystore.utility.Log.info(Log.java:24)
at com.mystore.utility.Log.info(Log.java:24)
at com.mystore.utility.Log.info(Log.java:24)
at com.mystore.utility.Log.info(Log.java:24)
at com.mystore.utility.Log.info(Log.java:24)
at com.mystore.utility.Log.info(Log.java:24)
at com.mystore.utility.Log.info(Log.java:24)
at com.mystore.utility.Log.info(Log.java:24)
at com.mystore.utility.Log.info(Log.java:24)
at com.mystore.utility.Log.info(Log.java:24)
at com.mystore.utility.Log.info(Log.java:24)
at com.mystore.utility.Log.info(Log.java:24)
at com.mystore.utility.Log.info(Log.java:24)
at com.mystore.utility.Log.info(Log.java:24)
at com.mystore.utility.Log.info(Log.java:24)
at com.mystore.utility.Log.info(Log.java:24)
at com.mystore.utility.Log.info(Log.java:24)
at com.mystore.utility.Log.info(Log.java:24)
at com.mystore.utility.Log.info(Log.java:24)
at com.mystore.utility.Log.info(Log.java:24)
at com.mystore.utility.Log.info(Log.java:24)
at com.mystore.utility.Log.info(Log.java:24)
at com.mystore.utility.Log.info(Log.java:24)
at com.mystore.utility.Log.info(Log.java:24)
at com.mystore.utility.Log.info(Log.java:24)
at com.mystore.utility.Log.info(Log.java:24)
at com.mystore.utility.Log.info(Log.java:24)
at com.mystore.utility.Log.info(Log.java:24)
at com.mystore.utility.Log.info(Log.java:24)
at com.mystore.utility.Log.info(Log.java:24)
at com.mystore.utility.Log.info(Log.java:24)
at com.mystore.utility.Log.info(Log.java:24)
at com.mystore.utility.Log.info(Log.java:24)
at com.mystore.utility.Log.info(Log.java:24)
at com.mystore.utility.Log.info(Log.java:24)
at com.mystore.utility.Log.info(Log.java:24)
at com.mystore.utility.Log.info(Log.java:24)
at com.mystore.utility.Log.info(Log.java:24)
at com.mystore.utility.Log.info(Log.java:24)
at com.mystore.utility.Log.info(Log.java:24)
at com.mystore.utility.Log.info(Log.java:24)
at com.mystore.utility.Log.info(Log.java:24)
at com.mystore.utility.Log.info(Log.java:24)
at com.mystore.utility.Log.info(Log.java:24)
at com.mystore.utility.Log.info(Log.java:24)
at com.mystore.utility.Log.info(Log.java:24)
at com.mystore.utility.Log.info(Log.java:24)
at com.mystore.utility.Log.info(Log.java:24)
at com.mystore.utility.Log.info(Log.java:24)
at com.mystore.utility.Log.info(Log.java:24)
at com.mystore.utility.Log.info(Log.java:24)
at com.mystore.utility.Log.info(Log.java:24)
at com.mystore.utility.Log.info(Log.java:24)
at com.mystore.utility.Log.info(Log.java:24)
at com.mystore.utility.Log.info(Log.java:24)
at com.mystore.utility.Log.info(Log.java:24)
at com.mystore.utility.Log.info(Log.java:24)
at com.mystore.utility.Log.info(Log.java:24)
at com.mystore.utility.Log.info(Log.java:24)
at com.mystore.utility.Log.info(Log.java:24)
at com.mystore.utility.Log.info(Log.java:24)
at com.mystore.utility.Log.info(Log.java:24)
at com.mystore.utility.Log.info(Log.java:24)
at com.mystore.utility.Log.info(Log.java:24)
at com.mystore.utility.Log.info(Log.java:24)
at com.mystore.utility.Log.info(Log.java:24)
at com.mystore.utility.Log.info(Log.java:24)
at com.mystore.utility.Log.info(Log.java:24)
at com.mystore.utility.Log.info(Log.java:24)
at com.mystore.utility.Log.info(Log.java:24)
at com.mystore.utility.Log.info(Log.java:24)
at com.mystore.utility.Log.info(Log.java:24)
at com.mystore.utility.Log.info(Log.java:24)
at com.mystore.utility.Log.info(Log.java:24)
at com.mystore.utility.Log.info(Log.java:24)
at com.mystore.utility.Log.info(Log.java:24)
at com.mystore.utility.Log.info(Log.java:24)
at com.mystore.utility.Log.info(Log.java:24)
at com.mystore.utility.Log.info(Log.java:24)
at com.mystore.utility.Log.info(Log.java:24)
at com.mystore.utility.Log.info(Log.java:24)
at com.mystore.utility.Log.info(Log.java:24)
at com.mystore.utility.Log.info(Log.java:24)
at com.mystore.utility.Log.info(Log.java:24)
at com.mystore.utility.Log.info(Log.java:24)
at com.mystore.utility.Log.info(Log.java:24)
at com.mystore.utility.Log.info(Log.java:24)
at com.mystore.utility.Log.info(Log.java:24)
at com.mystore.utility.Log.info(Log.java:24)
at com.mystore.utility.Log.info(Log.java:24)
at com.mystore.utility.Log.info(Log.java:24)
at com.mystore.utility.Log.info(Log.java:24)
at com.mystore.utility.Log.info(Log.java:24)
at com.mystore.utility.Log.info(Log.java:24)
at com.mystore.utility.Log.info(Log.java:24)
at com.mystore.utility.Log.info(Log.java:24)
at com.mystore.utility.Log.info(Log.java:24)
at com.mystore.utility.Log.info(Log.java:24)
at com.mystore.utility.Log.info(Log.java:24)
at com.mystore.utility.Log.info(Log.java:24)
at com.mystore.utility.Log.info(Log.java:24)
at com.mystore.utility.Log.info(Log.java:24)
at com.mystore.utility.Log.info(Log.java:24)
at com.mystore.utility.Log.info(Log.java:24)
at com.mystore.utility.Log.info(Log.java:24)
at com.mystore.utility.Log.info(Log.java:24)
at com.mystore.utility.Log.info(Log.java:24)
at com.mystore.utility.Log.info(Log.java:24)
at com.mystore.utility.Log.info(Log.java:24)
at com.mystore.utility.Log.info(Log.java:24)
at com.mystore.utility.Log.info(Log.java:24)
at com.mystore.utility.Log.info(Log.java:24)
at com.mystore.utility.Log.info(Log.java:24)
at com.mystore.utility.Log.info(Log.java:24)
at com.mystore.utility.Log.info(Log.java:24)
[...]
at com.mystore.utility.Log.info(Log.java:24)
at com.mystore.utility.Log.info(Log.java:24)
at com.mystore.utility.Log.info(Log.java:24)
at com.mystore.utility.Log.info(Log.java:24)
at com.mystore.utility.Log.info(Log.java:24)
at com.mystore.utility.Log.info(Log.java:24)
at com.mystore.utility.Log.info(Log.java:24)
at com.mystore.utility.Log.info(Log.java:24)
at com.mystore.utility.Log.info(Log.java:24)
at com.mystore.utility.Log.info(Log.java:24)
at com.mystore.utility.Log.info(Log.java:24)
at com.mystore.utility.Log.info(Log.java:24)
at com.mystore.utility.Log.info(Log.java:24)
at com.mystore.utility.Log.info(Log.java:24)
at com.mystore.utility.Log.info(Log.java:24)
at com.mystore.utility.Log.info(Log.java:24)
at com.mystore.utility.Log.info(Log.java:24)
at com.mystore.utility.Log.info(Log.java:24)
at com.mystore.utility.Log.info(Log.java:24)
at com.mystore.utility.Log.info(Log.java:24)
at com.mystore.utility.Log.info(Log.java:24)
at com.mystore.utility.Log.info(Log.java:24)
at com.mystore.utility.Log.info(Log.java:24)
at com.mystore.utility.Log.info(Log.java:24)
at com.mystore.utility.Log.info(Log.java:24)
at com.mystore.utility.Log.info(Log.java:24)
at com.mystore.utility.Log.info(Log.java:24)
at com.mystore.utility.Log.info(Log.java:24)
at com.mystore.utility.Log.info(Log.java:24)
at com.mystore.utility.Log.info(Log.java:24)
at com.mystore.utility.Log.info(Log.java:24)
at com.mystore.utility.Log.info(Log.java:24)
at com.mystore.utility.Log.info(Log.java:24)
at com.mystore.utility.Log.info(Log.java:24)
at com.mystore.utility.Log.info(Log.java:24)
at com.mystore.utility.Log.info(Log.java:24)
at com.mystore.utility.Log.info(Log.java:24)
at com.mystore.utility.Log.info(Log.java:24)
at com.mystore.utility.Log.info(Log.java:24)
at com.mystore.utility.Log.info(Log.java:24)
at com.mystore.utility.Log.info(Log.java:24)
at com.mystore.utility.Log.info(Log.java:24)
at com.mystore.utility.Log.info(Log.java:24)
at com.mystore.utility.Log.info(Log.java:24)
at com.mystore.utility.Log.info(Log.java:24)
at com.mystore.utility.Log.info(Log.java:24)
at com.mystore.utility.Log.info(Log.java:24)
at com.mystore.utility.Log.info(Log.java:24)
at com.mystore.utility.Log.info(Log.java:24)
at com.mystore.utility.Log.info(Log.java:24)
at com.mystore.utility.Log.info(Log.java:24)
at com.mystore.utility.Log.info(Log.java:24)
at com.mystore.utility.Log.info(Log.java:24)
at com.mystore.utility.Log.info(Log.java:24)
at com.mystore.utility.Log.info(Log.java:24)
at com.mystore.utility.Log.info(Log.java:24)
at com.mystore.utility.Log.info(Log.java:24)
at com.mystore.utility.Log.info(Log.java:24)
at com.mystore.utility.Log.info(Log.java:24)
at com.mystore.utility.Log.info(Log.java:24)
at com.mystore.utility.Log.info(Log.java:24)
at com.mystore.utility.Log.info(Log.java:24)
at com.mystore.utility.Log.info(Log.java:24)
at com.mystore.utility.Log.info(Log.java:24)
at com.mystore.utility.Log.info(Log.java:24)
at com.mystore.utility.Log.info(Log.java:24)
at com.mystore.utility.Log.info(Log.java:24)
at com.mystore.utility.Log.info(Log.java:24)
at com.mystore.utility.Log.info(Log.java:24)
at com.mystore.utility.Log.info(Log.java:24)
at com.mystore.utility.Log.info(Log.java:24)
at com.mystore.utility.Log.info(Log.java:24)
at com.mystore.utility.Log.info(Log.java:24)
at com.mystore.utility.Log.info(Log.java:24)
at com.mystore.utility.Log.info(Log.java:24)
at com.mystore.utility.Log.info(Log.java:24)
at com.mystore.utility.Log.info(Log.java:24)
at com.mystore.utility.Log.info(Log.java:24)
at com.mystore.utility.Log.info(Log.java:24)
at com.mystore.utility.Log.info(Log.java:24)
at com.mystore.utility.Log.info(Log.java:24)
at com.mystore.utility.Log.info(Log.java:24)
at com.mystore.utility.Log.info(Log.java:24)
at com.mystore.utility.Log.info(Log.java:24)
at com.mystore.utility.Log.info(Log.java:24)
at com.mystore.utility.Log.info(Log.java:24)
at com.mystore.utility.Log.info(Log.java:24)
at com.mystore.utility.Log.info(Log.java:24)
at com.mystore.utility.Log.info(Log.java:24)
at com.mystore.utility.Log.info(Log.java:24)
at com.mystore.utility.Log.info(Log.java:24)
at com.mystore.utility.Log.info(Log.java:24)
at com.mystore.utility.Log.info(Log.java:24)
at com.mystore.utility.Log.info(Log.java:24)
at com.mystore.utility.Log.info(Log.java:24)
at com.mystore.utility.Log.info(Log.java:24)
at com.mystore.utility.Log.info(Log.java:24)
at com.mystore.utility.Log.info(Log.java:24)
at com.mystore.utility.Log.info(Log.java:24)
at com.mystore.utility.Log.info(Log.java:24)
at com.mystore.utility.Log.info(Log.java:24)
at com.mystore.utility.Log.info(Log.java:24)
at com.mystore.utility.Log.info(Log.java:24)
at com.mystore.utility.Log.info(Log.java:24)
at com.mystore.utility.Log.info(Log.java:24)
at com.mystore.utility.Log.info(Log.java:24)
at com.mystore.utility.Log.info(Log.java:24)
at com.mystore.utility.Log.info(Log.java:24)
at com.mystore.utility.Log.info(Log.java:24)
at com.mystore.utility.Log.info(Log.java:24)
at com.mystore.utility.Log.info(Log.java:24)
at com.mystore.utility.Log.info(Log.java:24)
at com.mystore.utility.Log.info(Log.java:24)
at com.mystore.utility.Log.info(Log.java:24)
at com.mystore.utility.Log.info(Log.java:24)
at com.mystore.utility.Log.info(Log.java:24)
at com.mystore.utility.Log.info(Log.java:24)
at com.mystore.utility.Log.info(Log.java:24)
at com.mystore.utility.Log.info(Log.java:24)
at com.mystore.utility.Log.info(Log.java:24)
at com.mystore.utility.Log.info(Log.java:24)
at com.mystore.utility.Log.info(Log.java:24)
at com.mystore.utility.Log.info(Log.java:24)
at com.mystore.utility.Log.info(Log.java:24)
at com.mystore.utility.Log.info(Log.java:24)
at com.mystore.utility.Log.info(Log.java:24)
at com.mystore.utility.Log.info(Log.java:24)
at com.mystore.utility.Log.info(Log.java:24)
at com.mystore.utility.Log.info(Log.java:24)
at com.mystore.utility.Log.info(Log.java:24)
at com.mystore.utility.Log.info(Log.java:24)
at com.mystore.utility.Log.info(Log.java:24)
at com.mystore.utility.Log.info(Log.java:24)
at com.mystore.utility.Log.info(Log.java:24)
at com.mystore.utility.Log.info(Log.java:24)
at com.mystore.utility.Log.info(Log.java:24)
at com.mystore.utility.Log.info(Log.java:24)
at com.mystore.utility.Log.info(Log.java:24)
at com.mystore.utility.Log.info(Log.java:24)
at com.mystore.utility.Log.info(Log.java:24)
at com.mystore.utility.Log.info(Log.java:24)
at com.mystore.utility.Log.info(Log.java:24)
at com.mystore.utility.Log.info(Log.java:24)
at com.mystore.utility.Log.info(Log.java:24)
at com.mystore.utility.Log.info(Log.java:24)
at com.mystore.utility.Log.info(Log.java:24)
at com.mystore.utility.Log.info(Log.java:24)
at com.mystore.utility.Log.info(Log.java:24)
at com.mystore.utility.Log.info(Log.java:24)
at com.mystore.utility.Log.info(Log.java:24)
at com.mystore.utility.Log.info(Log.java:24)
at com.mystore.utility.Log.info(Log.java:24)
at com.mystore.utility.Log.info(Log.java:24)
at com.mystore.utility.Log.info(Log.java:24)
at com.mystore.utility.Log.info(Log.java:24)
at com.mystore.utility.Log.info(Log.java:24)
at com.mystore.utility.Log.info(Log.java:24)
at com.mystore.utility.Log.info(Log.java:24)
at com.mystore.utility.Log.info(Log.java:24)
at com.mystore.utility.Log.info(Log.java:24)
at com.mystore.utility.Log.info(Log.java:24)
at com.mystore.utility.Log.info(Log.java:24)
at com.mystore.utility.Log.info(Log.java:24)
at com.mystore.utility.Log.info(Log.java:24)
at com.mystore.utility.Log.info(Log.java:24)
at com.mystore.utility.Log.info(Log.java:24)
at com.mystore.utility.Log.info(Log.java:24)
at com.mystore.utility.Log.info(Log.java:24)
at com.mystore.utility.Log.info(Log.java:24)
at com.mystore.utility.Log.info(Log.java:24)
at com.mystore.utility.Log.info(Log.java:24)
at com.mystore.utility.Log.info(Log.java:24)
at com.mystore.utility.Log.info(Log.java:24)
at com.mystore.utility.Log.info(Log.java:24)
at com.mystore.utility.Log.info(Log.java:24)
at com.mystore.utility.Log.info(Log.java:24)
at com.mystore.utility.Log.info(Log.java:24)
at com.mystore.utility.Log.info(Log.java:24)
at com.mystore.utility.Log.info(Log.java:24)
at com.mystore.utility.Log.info(Log.java:24)
at com.mystore.utility.Log.info(Log.java:24)
at com.mystore.utility.Log.info(Log.java:24)
at com.mystore.utility.Log.info(Log.java:24)
at com.mystore.utility.Log.info(Log.java:24)
at com.mystore.utility.Log.info(Log.java:24)
at com.mystore.utility.Log.info(Log.java:24)
at com.mystore.utility.Log.info(Log.java:24)
at com.mystore.utility.Log.info(Log.java:24)
at com.mystore.utility.Log.info(Log.java:24)
at com.mystore.utility.Log.info(Log.java:24)
at com.mystore.utility.Log.info(Log.java:24)
at com.mystore.utility.Log.info(Log.java:24)
at com.mystore.utility.Log.info(Log.java:24)
at com.mystore.utility.Log.info(Log.java:24)
at com.mystore.utility.Log.info(Log.java:24)
at com.mystore.utility.Log.info(Log.java:24)
at com.mystore.utility.Log.info(Log.java:24)
at com.mystore.utility.Log.info(Log.java:24)
at com.mystore.utility.Log.info(Log.java:24)
at com.mystore.utility.Log.info(Log.java:24)
at com.mystore.utility.Log.info(Log.java:24)
at com.mystore.utility.Log.info(Log.java:24)
at com.mystore.utility.Log.info(Log.java:24)
at com.mystore.utility.Log.info(Log.java:24)
at com.mystore.utility.Log.info(Log.java:24)
at com.mystore.utility.Log.info(Log.java:24)
at com.mystore.utility.Log.info(Log.java:24)
at com.mystore.utility.Log.info(Log.java:24)
at com.mystore.utility.Log.info(Log.java:24)
at com.mystore.utility.Log.info(Log.java:24)
at com.mystore.utility.Log.info(Log.java:24)
at com.mystore.utility.Log.info(Log.java:24)
at com.mystore.utility.Log.info(Log.java:24)
at com.mystore.utility.Log.info(Log.java:24)
at com.mystore.utility.Log.info(Log.java:24)
at com.mystore.utility.Log.info(Log.java:24)
at com.mystore.utility.Log.info(Log.java:24)
at com.mystore.utility.Log.info(Log.java:24)
at com.mystore.utility.Log.info(Log.java:24)
at com.mystore.utility.Log.info(Log.java:24)
at com.mystore.utility.Log.info(Log.java:24)
at com.mystore.utility.Log.info(Log.java:24)
at com.mystore.utility.Log.info(Log.java:24)
at com.mystore.utility.Log.info(Log.java:24)
at com.mystore.utility.Log.info(Log.java:24)
at com.mystore.utility.Log.info(Log.java:24)
at com.mystore.utility.Log.info(Log.java:24)
at com.mystore.utility.Log.info(Log.java:24)
at com.mystore.utility.Log.info(Log.java:24)
at com.mystore.utility.Log.info(Log.java:24)
at com.mystore.utility.Log.info(Log.java:24)
at com.mystore.utility.Log.info(Log.java:24)
at com.mystore.utility.Log.info(Log.java:24)
at com.mystore.utility.Log.info(Log.java:24)
at com.mystore.utility.Log.info(Log.java:24)
at com.mystore.utility.Log.info(Log.java:24)
at com.mystore.utility.Log.info(Log.java:24)
at com.mystore.utility.Log.info(Log.java:24)
at com.mystore.utility.Log.info(Log.java:24)
at com.mystore.utility.Log.info(Log.java:24)
at com.mystore.utility.Log.info(Log.java:24)
at com.mystore.utility.Log.info(Log.java:24)
at com.mystore.utility.Log.info(Log.java:24)
at com.mystore.utility.Log.info(Log.java:24)
at com.mystore.utility.Log.info(Log.java:24)
at com.mystore.utility.Log.info(Log.java:24)
at com.mystore.utility.Log.info(Log.java:24)
at com.mystore.utility.Log.info(Log.java:24)
at com.mystore.utility.Log.info(Log.java:24)
at com.mystore.utility.Log.info(Log.java:24)
at com.mystore.utility.Log.info(Log.java:24)
at com.mystore.utility.Log.info(Log.java:24)
at com.mystore.utility.Log.info(Log.java:24)
at com.mystore.utility.Log.info(Log.java:24)
at com.mystore.utility.Log.info(Log.java:24)
at com.mystore.utility.Log.info(Log.java:24)
at com.mystore.utility.Log.info(Log.java:24)
at com.mystore.utility.Log.info(Log.java:24)
at com.mystore.utility.Log.info(Log.java:24)
at com.mystore.utility.Log.info(Log.java:24)
at com.mystore.utility.Log.info(Log.java:24)
at com.mystore.utility.Log.info(Log.java:24)
at com.mystore.utility.Log.info(Log.java:24)
at com.mystore.utility.Log.info(Log.java:24)
at com.mystore.utility.Log.info(Log.java:24)
at com.mystore.utility.Log.info(Log.java:24)
at com.mystore.utility.Log.info(Log.java:24)
at com.mystore.utility.Log.info(Log.java:24)
at com.mystore.utility.Log.info(Log.java:24)
at com.mystore.utility.Log.info(Log.java:24)
at com.mystore.utility.Log.info(Log.java:24)
at com.mystore.utility.Log.info(Log.java:24)
at com.mystore.utility.Log.info(Log.java:24)
at com.mystore.utility.Log.info(Log.java:24)
at com.mystore.utility.Log.info(Log.java:24)
at com.mystore.utility.Log.info(Log.java:24)
at com.mystore.utility.Log.info(Log.java:24)
at com.mystore.utility.Log.info(Log.java:24)
at com.mystore.utility.Log.info(Log.java:24)
at com.mystore.utility.Log.info(Log.java:24)
at com.mystore.utility.Log.info(Log.java:24)
at com.mystore.utility.Log.info(Log.java:24)
at com.mystore.utility.Log.info(Log.java:24)
at com.mystore.utility.Log.info(Log.java:24)
at com.mystore.utility.Log.info(Log.java:24)
at com.mystore.utility.Log.info(Log.java:24)
at com.mystore.utility.Log.info(Log.java:24)
at com.mystore.utility.Log.info(Log.java:24)
at com.mystore.utility.Log.info(Log.java:24)
at com.mystore.utility.Log.info(Log.java:24)
at com.mystore.utility.Log.info(Log.java:24)
at com.mystore.utility.Log.info(Log.java:24)
at com.mystore.utility.Log.info(Log.java:24)
at com.mystore.utility.Log.info(Log.java:24)
at com.mystore.utility.Log.info(Log.java:24)
at com.mystore.utility.Log.info(Log.java:24)
at com.mystore.utility.Log.info(Log.java:24)
at com.mystore.utility.Log.info(Log.java:24)
at com.mystore.utility.Log.info(Log.java:24)
at com.mystore.utility.Log.info(Log.java:24)
at com.mystore.utility.Log.info(Log.java:24)
at com.mystore.utility.Log.info(Log.java:24)
at com.mystore.utility.Log.info(Log.java:24)
at com.mystore.utility.Log.info(Log.java:24)
at com.mystore.utility.Log.info(Log.java:24)
at com.mystore.utility.Log.info(Log.java:24)
at com.mystore.utility.Log.info(Log.java:24)
at com.mystore.utility.Log.info(Log.java:24)
at com.mystore.utility.Log.info(Log.java:24)
at com.mystore.utility.Log.info(Log.java:24)
at com.mystore.utility.Log.info(Log.java:24)
at com.mystore.utility.Log.info(Log.java:24)
at com.mystore.utility.Log.info(Log.java:24)
at com.mystore.utility.Log.info(Log.java:24)
at com.mystore.utility.Log.info(Log.java:24)
at com.mystore.utility.Log.info(Log.java:24)
at com.mystore.utility.Log.info(Log.java:24)
at com.mystore.utility.Log.info(Log.java:24)
at com.mystore.utility.Log.info(Log.java:24)
at com.mystore.utility.Log.info(Log.java:24)
at com.mystore.utility.Log.info(Log.java:24)
at com.mystore.utility.Log.info(Log.java:24)
at com.mystore.utility.Log.info(Log.java:24)
at com.mystore.utility.Log.info(Log.java:24)
at com.mystore.utility.Log.info(Log.java:24)
at com.mystore.utility.Log.info(Log.java:24)
at com.mystore.utility.Log.info(Log.java:24)
at com.mystore.utility.Log.info(Log.java:24)
at com.mystore.utility.Log.info(Log.java:24)
at com.mystore.utility.Log.info(Log.java:24)
at com.mystore.utility.Log.info(Log.java:24)
at com.mystore.utility.Log.info(Log.java:24)
at com.mystore.utility.Log.info(Log.java:24)
at com.mystore.utility.Log.info(Log.java:24)
at com.mystore.utility.Log.info(Log.java:24)
at com.mystore.utility.Log.info(Log.java:24)
at com.mystore.utility.Log.info(Log.java:24)
at com.mystore.utility.Log.info(Log.java:24)
at com.mystore.utility.Log.info(Log.java:24)
at com.mystore.utility.Log.info(Log.java:24)
at com.mystore.utility.Log.info(Log.java:24)
at com.mystore.utility.Log.info(Log.java:24)
at com.mystore.utility.Log.info(Log.java:24)
at com.mystore.utility.Log.info(Log.java:24)
at com.mystore.utility.Log.info(Log.java:24)
at com.mystore.utility.Log.info(Log.java:24)
at com.mystore.utility.Log.info(Log.java:24)
at com.mystore.utility.Log.info(Log.java:24)
at com.mystore.utility.Log.info(Log.java:24)
at com.mystore.utility.Log.info(Log.java:24)
at com.mystore.utility.Log.info(Log.java:24)
at com.mystore.utility.Log.info(Log.java:24)
at com.mystore.utility.Log.info(Log.java:24)
at com.mystore.utility.Log.info(Log.java:24)
at com.mystore.utility.Log.info(Log.java:24)
at com.mystore.utility.Log.info(Log.java:24)
at com.mystore.utility.Log.info(Log.java:24)
at com.mystore.utility.Log.info(Log.java:24)
at com.mystore.utility.Log.info(Log.java:24)
at com.mystore.utility.Log.info(Log.java:24)
at com.mystore.utility.Log.info(Log.java:24)
at com.mystore.utility.Log.info(Log.java:24)
at com.mystore.utility.Log.info(Log.java:24)
at com.mystore.utility.Log.info(Log.java:24)
at com.mystore.utility.Log.info(Log.java:24)
at com.mystore.utility.Log.info(Log.java:24)
at com.mystore.utility.Log.info(Log.java:24)
at com.mystore.utility.Log.info(Log.java:24)
at com.mystore.utility.Log.info(Log.java:24)
at com.mystore.utility.Log.info(Log.java:24)
at com.mystore.utility.Log.info(Log.java:24)
at com.mystore.utility.Log.info(Log.java:24)
at com.mystore.utility.Log.info(Log.java:24)
at com.mystore.utility.Log.info(Log.java:24)
at com.mystore.utility.Log.info(Log.java:24)
at com.mystore.utility.Log.info(Log.java:24)
at com.mystore.utility.Log.info(Log.java:24)
at com.mystore.utility.Log.info(Log.java:24)
at com.mystore.utility.Log.info(Log.java:24)
at com.mystore.utility.Log.info(Log.java:24)
at com.mystore.utility.Log.info(Log.java:24)
at com.mystore.utility.Log.info(Log.java:24)
at com.mystore.utility.Log.info(Log.java:24)
at com.mystore.utility.Log.info(Log.java:24)
at com.mystore.utility.Log.info(Log.java:24)
at com.mystore.utility.Log.info(Log.java:24)
at com.mystore.utility.Log.info(Log.java:24)
at com.mystore.utility.Log.info(Log.java:24)
at com.mystore.utility.Log.info(Log.java:24)
at com.mystore.utility.Log.info(Log.java:24)
at com.mystore.utility.Log.info(Log.java:24)
at com.mystore.utility.Log.info(Log.java:24)
at com.mystore.utility.Log.info(Log.java:24)
at com.mystore.utility.Log.info(Log.java:24)
at com.mystore.utility.Log.info(Log.java:24)
at com.mystore.utility.Log.info(Log.java:24)
at com.mystore.utility.Log.info(Log.java:24)
at com.mystore.utility.Log.info(Log.java:24)
at com.mystore.utility.Log.info(Log.java:24)
at com.mystore.utility.Log.info(Log.java:24)
at com.mystore.utility.Log.info(Log.java:24)
at com.mystore.utility.Log.info(Log.java:24)
at com.mystore.utility.Log.info(Log.java:24)
at com.mystore.utility.Log.info(Log.java:24)
at com.mystore.utility.Log.info(Log.java:24)
at com.mystore.utility.Log.info(Log.java:24)
at com.mystore.utility.Log.info(Log.java:24)
at com.mystore.utility.Log.info(Log.java:24)
at com.mystore.utility.Log.info(Log.java:24)
at com.mystore.utility.Log.info(Log.java:24)
at com.mystore.utility.Log.info(Log.java:24)
at com.mystore.utility.Log.info(Log.java:24)
at com.mystore.utility.Log.info(Log.java:24)
at com.mystore.utility.Log.info(Log.java:24)
at com.mystore.utility.Log.info(Log.java:24)
at com.mystore.utility.Log.info(Log.java:24)
at com.mystore.utility.Log.info(Log.java:24)
at com.mystore.utility.Log.info(Log.java:24)
at com.mystore.utility.Log.info(Log.java:24)
at com.mystore.utility.Log.info(Log.java:24)
at com.mystore.utility.Log.info(Log.java:24)
at com.mystore.utility.Log.info(Log.java:24)
at com.mystore.utility.Log.info(Log.java:24)
at com.mystore.utility.Log.info(Log.java:24)
at com.mystore.utility.Log.info(Log.java:24)
at com.mystore.utility.Log.info(Log.java:24)
at com.mystore.utility.Log.info(Log.java:24)
at com.mystore.utility.Log.info(Log.java:24)
at com.mystore.utility.Log.info(Log.java:24)
at com.mystore.utility.Log.info(Log.java:24)
at com.mystore.utility.Log.info(Log.java:24)
at com.mystore.utility.Log.info(Log.java:24)
at com.mystore.utility.Log.info(Log.java:24)
at com.mystore.utility.Log.info(Log.java:24)
at com.mystore.utility.Log.info(Log.java:24)
]]>
    </failure>
  </testcase> <!-- verifyTitle -->
  <testcase classname="com.mystore.base.BaseClass" name="@BeforeSuite loadConfig" time="0.0">
    <ignored/>
  </testcase> <!-- @BeforeSuite loadConfig -->
  <testcase classname="com.mystore.base.BaseClass" name="@AfterSuite afterSuite" time="0.0">
    <ignored/>
  </testcase> <!-- @AfterSuite afterSuite -->
</testsuite> <!-- Smoke -->
