<?xml version="1.0" encoding="UTF-8"?>
<testng-results ignored="0" total="3" passed="0" failed="3" skipped="0">
  <reporter-output>
  </reporter-output>
  <suite started-at="2024-06-20T11:01:02 IST" name="Suite" finished-at="2024-06-20T11:01:27 IST" duration-ms="24348">
    <groups>
      <group name="Sanity">
        <method signature="LoginPageTest.loginTest()[pri:0, instance:com.mystore.testcases.LoginPageTest@13d73fa]" name="loginTest" class="com.mystore.testcases.LoginPageTest"/>
      </group> <!-- Sanity -->
      <group name="Smoke">
        <method signature="IndexPageTest.verifyLogo()[pri:0, instance:com.mystore.testcases.IndexPageTest@7642df8f]" name="verifyLogo" class="com.mystore.testcases.IndexPageTest"/>
        <method signature="IndexPageTest.verifyTitle()[pri:0, instance:com.mystore.testcases.IndexPageTest@7642df8f]" name="verifyTitle" class="com.mystore.testcases.IndexPageTest"/>
        <method signature="LoginPageTest.loginTest()[pri:0, instance:com.mystore.testcases.LoginPageTest@13d73fa]" name="loginTest" class="com.mystore.testcases.LoginPageTest"/>
      </group> <!-- Smoke -->
    </groups>
    <test started-at="2024-06-20T11:01:02 IST" name="Smoke" finished-at="2024-06-20T11:01:27 IST" duration-ms="24348">
      <class name="com.mystore.testcases.IndexPageTest">
        <test-method is-config="true" signature="setup(java.lang.String)[pri:0, instance:com.mystore.testcases.IndexPageTest@7642df8f]" started-at="2024-06-20T11:01:12 IST" name="setup" finished-at="2024-06-20T11:01:19 IST" duration-ms="6588" status="PASS">
          <params>
            <param index="0">
              <value>
                <![CDATA[chrome]]>
              </value>
            </param>
          </params>
          <reporter-output>
          </reporter-output>
        </test-method> <!-- setup -->
        <test-method signature="verifyLogo()[pri:0, instance:com.mystore.testcases.IndexPageTest@7642df8f]" started-at="2024-06-20T11:01:19 IST" name="verifyLogo" finished-at="2024-06-20T11:01:19 IST" duration-ms="22" status="FAIL">
          <exception class="java.lang.StackOverflowError">
            <full-stacktrace>
              <![CDATA[java.lang.StackOverflowError
at com.mystore.utility.Log.info(Log.java:24)
at com.mystore.utility.Log.info(Log.java:24)
at com.mystore.utility.Log.info(Log.java:24)
at com.mystore.utility.Log.info(Log.java:24)
at com.mystore.utility.Log.info(Log.java:24)
at com.mystore.utility.Log.info(Log.java:24)
at com.mystore.utility.Log.info(Log.java:24)
at com.mystore.utility.Log.info(Log.java:24)
at com.mystore.utility.Log.info(Log.java:24)
at com.mystore.utility.Log.info(Log.java:24)
at com.mystore.utility.Log.info(Log.java:24)
at com.mystore.utility.Log.info(Log.java:24)
at com.mystore.utility.Log.info(Log.java:24)
at com.mystore.utility.Log.info(Log.java:24)
at com.mystore.utility.Log.info(Log.java:24)
at com.mystore.utility.Log.info(Log.java:24)
at com.mystore.utility.Log.info(Log.java:24)
at com.mystore.utility.Log.info(Log.java:24)
at com.mystore.utility.Log.info(Log.java:24)
at com.mystore.utility.Log.info(Log.java:24)
at com.mystore.utility.Log.info(Log.java:24)
at com.mystore.utility.Log.info(Log.java:24)
at com.mystore.utility.Log.info(Log.java:24)
at com.mystore.utility.Log.info(Log.java:24)
at com.mystore.utility.Log.info(Log.java:24)
at com.mystore.utility.Log.info(Log.java:24)
at com.mystore.utility.Log.info(Log.java:24)
at com.mystore.utility.Log.info(Log.java:24)
at com.mystore.utility.Log.info(Log.java:24)
at com.mystore.utility.Log.info(Log.java:24)
at com.mystore.utility.Log.info(Log.java:24)
at com.mystore.utility.Log.info(Log.java:24)
at com.mystore.utility.Log.info(Log.java:24)
at com.mystore.utility.Log.info(Log.java:24)
at com.mystore.utility.Log.info(Log.java:24)
at com.mystore.utility.Log.info(Log.java:24)
at com.mystore.utility.Log.info(Log.java:24)
at com.mystore.utility.Log.info(Log.java:24)
at com.mystore.utility.Log.info(Log.java:24)
at com.mystore.utility.Log.info(Log.java:24)
at com.mystore.utility.Log.info(Log.java:24)
at com.mystore.utility.Log.info(Log.java:24)
at com.mystore.utility.Log.info(Log.java:24)
at com.mystore.utility.Log.info(Log.java:24)
at com.mystore.utility.Log.info(Log.java:24)
at com.mystore.utility.Log.info(Log.java:24)
at com.mystore.utility.Log.info(Log.java:24)
at com.mystore.utility.Log.info(Log.java:24)
at com.mystore.utility.Log.info(Log.java:24)
at com.mystore.utility.Log.info(Log.java:24)
at com.mystore.utility.Log.info(Log.java:24)
at com.mystore.utility.Log.info(Log.java:24)
at com.mystore.utility.Log.info(Log.java:24)
at com.mystore.utility.Log.info(Log.java:24)
at com.mystore.utility.Log.info(Log.java:24)
at com.mystore.utility.Log.info(Log.java:24)
at com.mystore.utility.Log.info(Log.java:24)
at com.mystore.utility.Log.info(Log.java:24)
at com.mystore.utility.Log.info(Log.java:24)
at com.mystore.utility.Log.info(Log.java:24)
at com.mystore.utility.Log.info(Log.java:24)
at com.mystore.utility.Log.info(Log.java:24)
at com.mystore.utility.Log.info(Log.java:24)
at com.mystore.utility.Log.info(Log.java:24)
at com.mystore.utility.Log.info(Log.java:24)
at com.mystore.utility.Log.info(Log.java:24)
at com.mystore.utility.Log.info(Log.java:24)
at com.mystore.utility.Log.info(Log.java:24)
at com.mystore.utility.Log.info(Log.java:24)
at com.mystore.utility.Log.info(Log.java:24)
at com.mystore.utility.Log.info(Log.java:24)
at com.mystore.utility.Log.info(Log.java:24)
at com.mystore.utility.Log.info(Log.java:24)
at com.mystore.utility.Log.info(Log.java:24)
at com.mystore.utility.Log.info(Log.java:24)
at com.mystore.utility.Log.info(Log.java:24)
at com.mystore.utility.Log.info(Log.java:24)
at com.mystore.utility.Log.info(Log.java:24)
at com.mystore.utility.Log.info(Log.java:24)
at com.mystore.utility.Log.info(Log.java:24)
at com.mystore.utility.Log.info(Log.java:24)
at com.mystore.utility.Log.info(Log.java:24)
at com.mystore.utility.Log.info(Log.java:24)
at com.mystore.utility.Log.info(Log.java:24)
at com.mystore.utility.Log.info(Log.java:24)
at com.mystore.utility.Log.info(Log.java:24)
at com.mystore.utility.Log.info(Log.java:24)
at com.mystore.utility.Log.info(Log.java:24)
at com.mystore.utility.Log.info(Log.java:24)
at com.mystore.utility.Log.info(Log.java:24)
at com.mystore.utility.Log.info(Log.java:24)
at com.mystore.utility.Log.info(Log.java:24)
at com.mystore.utility.Log.info(Log.java:24)
at com.mystore.utility.Log.info(Log.java:24)
at com.mystore.utility.Log.info(Log.java:24)
at com.mystore.utility.Log.info(Log.java:24)
at com.mystore.utility.Log.info(Log.java:24)
at com.mystore.utility.Log.info(Log.java:24)
at com.mystore.utility.Log.info(Log.java:24)
at com.mystore.utility.Log.info(Log.java:24)
at com.mystore.utility.Log.info(Log.java:24)
at com.mystore.utility.Log.info(Log.java:24)
at com.mystore.utility.Log.info(Log.java:24)
at com.mystore.utility.Log.info(Log.java:24)
at com.mystore.utility.Log.info(Log.java:24)
at com.mystore.utility.Log.info(Log.java:24)
at com.mystore.utility.Log.info(Log.java:24)
at com.mystore.utility.Log.info(Log.java:24)
at com.mystore.utility.Log.info(Log.java:24)
at com.mystore.utility.Log.info(Log.java:24)
at com.mystore.utility.Log.info(Log.java:24)
at com.mystore.utility.Log.info(Log.java:24)
at com.mystore.utility.Log.info(Log.java:24)
at com.mystore.utility.Log.info(Log.java:24)
at com.mystore.utility.Log.info(Log.java:24)
at com.mystore.utility.Log.info(Log.java:24)
at com.mystore.utility.Log.info(Log.java:24)
at com.mystore.utility.Log.info(Log.java:24)
at com.mystore.utility.Log.info(Log.java:24)
at com.mystore.utility.Log.info(Log.java:24)
at com.mystore.utility.Log.info(Log.java:24)
at com.mystore.utility.Log.info(Log.java:24)
at com.mystore.utility.Log.info(Log.java:24)
at com.mystore.utility.Log.info(Log.java:24)
at com.mystore.utility.Log.info(Log.java:24)
at com.mystore.utility.Log.info(Log.java:24)
at com.mystore.utility.Log.info(Log.java:24)
at com.mystore.utility.Log.info(Log.java:24)
at com.mystore.utility.Log.info(Log.java:24)
at com.mystore.utility.Log.info(Log.java:24)
at com.mystore.utility.Log.info(Log.java:24)
at com.mystore.utility.Log.info(Log.java:24)
at com.mystore.utility.Log.info(Log.java:24)
at com.mystore.utility.Log.info(Log.java:24)
at com.mystore.utility.Log.info(Log.java:24)
at com.mystore.utility.Log.info(Log.java:24)
at com.mystore.utility.Log.info(Log.java:24)
at com.mystore.utility.Log.info(Log.java:24)
at com.mystore.utility.Log.info(Log.java:24)
at com.mystore.utility.Log.info(Log.java:24)
at com.mystore.utility.Log.info(Log.java:24)
at com.mystore.utility.Log.info(Log.java:24)
at com.mystore.utility.Log.info(Log.java:24)
at com.mystore.utility.Log.info(Log.java:24)
at com.mystore.utility.Log.info(Log.java:24)
at com.mystore.utility.Log.info(Log.java:24)
at com.mystore.utility.Log.info(Log.java:24)
at com.mystore.utility.Log.info(Log.java:24)
at com.mystore.utility.Log.info(Log.java:24)
at com.mystore.utility.Log.info(Log.java:24)
at com.mystore.utility.Log.info(Log.java:24)
at com.mystore.utility.Log.info(Log.java:24)
at com.mystore.utility.Log.info(Log.java:24)
at com.mystore.utility.Log.info(Log.java:24)
at com.mystore.utility.Log.info(Log.java:24)
at com.mystore.utility.Log.info(Log.java:24)
at com.mystore.utility.Log.info(Log.java:24)
at com.mystore.utility.Log.info(Log.java:24)
at com.mystore.utility.Log.info(Log.java:24)
at com.mystore.utility.Log.info(Log.java:24)
at com.mystore.utility.Log.info(Log.java:24)
at com.mystore.utility.Log.info(Log.java:24)
at com.mystore.utility.Log.info(Log.java:24)
at com.mystore.utility.Log.info(Log.java:24)
at com.mystore.utility.Log.info(Log.java:24)
at com.mystore.utility.Log.info(Log.java:24)
at com.mystore.utility.Log.info(Log.java:24)
at com.mystore.utility.Log.info(Log.java:24)
at com.mystore.utility.Log.info(Log.java:24)
at com.mystore.utility.Log.info(Log.java:24)
at com.mystore.utility.Log.info(Log.java:24)
at com.mystore.utility.Log.info(Log.java:24)
at com.mystore.utility.Log.info(Log.java:24)
at com.mystore.utility.Log.info(Log.java:24)
at com.mystore.utility.Log.info(Log.java:24)
at com.mystore.utility.Log.info(Log.java:24)
at com.mystore.utility.Log.info(Log.java:24)
at com.mystore.utility.Log.info(Log.java:24)
at com.mystore.utility.Log.info(Log.java:24)
at com.mystore.utility.Log.info(Log.java:24)
at com.mystore.utility.Log.info(Log.java:24)
at com.mystore.utility.Log.info(Log.java:24)
at com.mystore.utility.Log.info(Log.java:24)
at com.mystore.utility.Log.info(Log.java:24)
at com.mystore.utility.Log.info(Log.java:24)
at com.mystore.utility.Log.info(Log.java:24)
at com.mystore.utility.Log.info(Log.java:24)
at com.mystore.utility.Log.info(Log.java:24)
at com.mystore.utility.Log.info(Log.java:24)
at com.mystore.utility.Log.info(Log.java:24)
at com.mystore.utility.Log.info(Log.java:24)
at com.mystore.utility.Log.info(Log.java:24)
at com.mystore.utility.Log.info(Log.java:24)
at com.mystore.utility.Log.info(Log.java:24)
at com.mystore.utility.Log.info(Log.java:24)
at com.mystore.utility.Log.info(Log.java:24)
at com.mystore.utility.Log.info(Log.java:24)
at com.mystore.utility.Log.info(Log.java:24)
at com.mystore.utility.Log.info(Log.java:24)
at com.mystore.utility.Log.info(Log.java:24)
at com.mystore.utility.Log.info(Log.java:24)
at com.mystore.utility.Log.info(Log.java:24)
at com.mystore.utility.Log.info(Log.java:24)
at com.mystore.utility.Log.info(Log.java:24)
at com.mystore.utility.Log.info(Log.java:24)
at com.mystore.utility.Log.info(Log.java:24)
at com.mystore.utility.Log.info(Log.java:24)
at com.mystore.utility.Log.info(Log.java:24)
at com.mystore.utility.Log.info(Log.java:24)
at com.mystore.utility.Log.info(Log.java:24)
at com.mystore.utility.Log.info(Log.java:24)
at com.mystore.utility.Log.info(Log.java:24)
at com.mystore.utility.Log.info(Log.java:24)
at com.mystore.utility.Log.info(Log.java:24)
at com.mystore.utility.Log.info(Log.java:24)
at com.mystore.utility.Log.info(Log.java:24)
at com.mystore.utility.Log.info(Log.java:24)
at com.mystore.utility.Log.info(Log.java:24)
at com.mystore.utility.Log.info(Log.java:24)
at com.mystore.utility.Log.info(Log.java:24)
at com.mystore.utility.Log.info(Log.java:24)
at com.mystore.utility.Log.info(Log.java:24)
at com.mystore.utility.Log.info(Log.java:24)
at com.mystore.utility.Log.info(Log.java:24)
at com.mystore.utility.Log.info(Log.java:24)
at com.mystore.utility.Log.info(Log.java:24)
at com.mystore.utility.Log.info(Log.java:24)
at com.mystore.utility.Log.info(Log.java:24)
at com.mystore.utility.Log.info(Log.java:24)
at com.mystore.utility.Log.info(Log.java:24)
at com.mystore.utility.Log.info(Log.java:24)
at com.mystore.utility.Log.info(Log.java:24)
at com.mystore.utility.Log.info(Log.java:24)
at com.mystore.utility.Log.info(Log.java:24)
at com.mystore.utility.Log.info(Log.java:24)
at com.mystore.utility.Log.info(Log.java:24)
at com.mystore.utility.Log.info(Log.java:24)
at com.mystore.utility.Log.info(Log.java:24)
at com.mystore.utility.Log.info(Log.java:24)
at com.mystore.utility.Log.info(Log.java:24)
at com.mystore.utility.Log.info(Log.java:24)
at com.mystore.utility.Log.info(Log.java:24)
at com.mystore.utility.Log.info(Log.java:24)
at com.mystore.utility.Log.info(Log.java:24)
at com.mystore.utility.Log.info(Log.java:24)
at com.mystore.utility.Log.info(Log.java:24)
at com.mystore.utility.Log.info(Log.java:24)
at com.mystore.utility.Log.info(Log.java:24)
at com.mystore.utility.Log.info(Log.java:24)
at com.mystore.utility.Log.info(Log.java:24)
at com.mystore.utility.Log.info(Log.java:24)
at com.mystore.utility.Log.info(Log.java:24)
at com.mystore.utility.Log.info(Log.java:24)
at com.mystore.utility.Log.info(Log.java:24)
at com.mystore.utility.Log.info(Log.java:24)
at com.mystore.utility.Log.info(Log.java:24)
at com.mystore.utility.Log.info(Log.java:24)
at com.mystore.utility.Log.info(Log.java:24)
at com.mystore.utility.Log.info(Log.java:24)
at com.mystore.utility.Log.info(Log.java:24)
at com.mystore.utility.Log.info(Log.java:24)
at com.mystore.utility.Log.info(Log.java:24)
at com.mystore.utility.Log.info(Log.java:24)
at com.mystore.utility.Log.info(Log.java:24)
at com.mystore.utility.Log.info(Log.java:24)
at com.mystore.utility.Log.info(Log.java:24)
at com.mystore.utility.Log.info(Log.java:24)
at com.mystore.utility.Log.info(Log.java:24)
at com.mystore.utility.Log.info(Log.java:24)
at com.mystore.utility.Log.info(Log.java:24)
at com.mystore.utility.Log.info(Log.java:24)
at com.mystore.utility.Log.info(Log.java:24)
at com.mystore.utility.Log.info(Log.java:24)
at com.mystore.utility.Log.info(Log.java:24)
at com.mystore.utility.Log.info(Log.java:24)
at com.mystore.utility.Log.info(Log.java:24)
at com.mystore.utility.Log.info(Log.java:24)
at com.mystore.utility.Log.info(Log.java:24)
at com.mystore.utility.Log.info(Log.java:24)
at com.mystore.utility.Log.info(Log.java:24)
at com.mystore.utility.Log.info(Log.java:24)
at com.mystore.utility.Log.info(Log.java:24)
at com.mystore.utility.Log.info(Log.java:24)
at com.mystore.utility.Log.info(Log.java:24)
at com.mystore.utility.Log.info(Log.java:24)
at com.mystore.utility.Log.info(Log.java:24)
at com.mystore.utility.Log.info(Log.java:24)
at com.mystore.utility.Log.info(Log.java:24)
at com.mystore.utility.Log.info(Log.java:24)
at com.mystore.utility.Log.info(Log.java:24)
at com.mystore.utility.Log.info(Log.java:24)
at com.mystore.utility.Log.info(Log.java:24)
at com.mystore.utility.Log.info(Log.java:24)
at com.mystore.utility.Log.info(Log.java:24)
at com.mystore.utility.Log.info(Log.java:24)
at com.mystore.utility.Log.info(Log.java:24)
at com.mystore.utility.Log.info(Log.java:24)
at com.mystore.utility.Log.info(Log.java:24)
at com.mystore.utility.Log.info(Log.java:24)
at com.mystore.utility.Log.info(Log.java:24)
at com.mystore.utility.Log.info(Log.java:24)
at com.mystore.utility.Log.info(Log.java:24)
at com.mystore.utility.Log.info(Log.java:24)
at com.mystore.utility.Log.info(Log.java:24)
at com.mystore.utility.Log.info(Log.java:24)
at com.mystore.utility.Log.info(Log.java:24)
at com.mystore.utility.Log.info(Log.java:24)
at com.mystore.utility.Log.info(Log.java:24)
at com.mystore.utility.Log.info(Log.java:24)
at com.mystore.utility.Log.info(Log.java:24)
at com.mystore.utility.Log.info(Log.java:24)
at com.mystore.utility.Log.info(Log.java:24)
at com.mystore.utility.Log.info(Log.java:24)
at com.mystore.utility.Log.info(Log.java:24)
at com.mystore.utility.Log.info(Log.java:24)
at com.mystore.utility.Log.info(Log.java:24)
at com.mystore.utility.Log.info(Log.java:24)
at com.mystore.utility.Log.info(Log.java:24)
at com.mystore.utility.Log.info(Log.java:24)
at com.mystore.utility.Log.info(Log.java:24)
at com.mystore.utility.Log.info(Log.java:24)
at com.mystore.utility.Log.info(Log.java:24)
at com.mystore.utility.Log.info(Log.java:24)
at com.mystore.utility.Log.info(Log.java:24)
at com.mystore.utility.Log.info(Log.java:24)
at com.mystore.utility.Log.info(Log.java:24)
at com.mystore.utility.Log.info(Log.java:24)
at com.mystore.utility.Log.info(Log.java:24)
at com.mystore.utility.Log.info(Log.java:24)
at com.mystore.utility.Log.info(Log.java:24)
at com.mystore.utility.Log.info(Log.java:24)
at com.mystore.utility.Log.info(Log.java:24)
at com.mystore.utility.Log.info(Log.java:24)
at com.mystore.utility.Log.info(Log.java:24)
at com.mystore.utility.Log.info(Log.java:24)
at com.mystore.utility.Log.info(Log.java:24)
at com.mystore.utility.Log.info(Log.java:24)
at com.mystore.utility.Log.info(Log.java:24)
at com.mystore.utility.Log.info(Log.java:24)
at com.mystore.utility.Log.info(Log.java:24)
at com.mystore.utility.Log.info(Log.java:24)
at com.mystore.utility.Log.info(Log.java:24)
at com.mystore.utility.Log.info(Log.java:24)
at com.mystore.utility.Log.info(Log.java:24)
at com.mystore.utility.Log.info(Log.java:24)
at com.mystore.utility.Log.info(Log.java:24)
at com.mystore.utility.Log.info(Log.java:24)
at com.mystore.utility.Log.info(Log.java:24)
at com.mystore.utility.Log.info(Log.java:24)
at com.mystore.utility.Log.info(Log.java:24)
at com.mystore.utility.Log.info(Log.java:24)
at com.mystore.utility.Log.info(Log.java:24)
at com.mystore.utility.Log.info(Log.java:24)
at com.mystore.utility.Log.info(Log.java:24)
at com.mystore.utility.Log.info(Log.java:24)
at com.mystore.utility.Log.info(Log.java:24)
at com.mystore.utility.Log.info(Log.java:24)
at com.mystore.utility.Log.info(Log.java:24)
at com.mystore.utility.Log.info(Log.java:24)
at com.mystore.utility.Log.info(Log.java:24)
at com.mystore.utility.Log.info(Log.java:24)
at com.mystore.utility.Log.info(Log.java:24)
at com.mystore.utility.Log.info(Log.java:24)
at com.mystore.utility.Log.info(Log.java:24)
at com.mystore.utility.Log.info(Log.java:24)
at com.mystore.utility.Log.info(Log.java:24)
at com.mystore.utility.Log.info(Log.java:24)
at com.mystore.utility.Log.info(Log.java:24)
at com.mystore.utility.Log.info(Log.java:24)
at com.mystore.utility.Log.info(Log.java:24)
at com.mystore.utility.Log.info(Log.java:24)
at com.mystore.utility.Log.info(Log.java:24)
at com.mystore.utility.Log.info(Log.java:24)
at com.mystore.utility.Log.info(Log.java:24)
at com.mystore.utility.Log.info(Log.java:24)
at com.mystore.utility.Log.info(Log.java:24)
at com.mystore.utility.Log.info(Log.java:24)
at com.mystore.utility.Log.info(Log.java:24)
at com.mystore.utility.Log.info(Log.java:24)
at com.mystore.utility.Log.info(Log.java:24)
at com.mystore.utility.Log.info(Log.java:24)
at com.mystore.utility.Log.info(Log.java:24)
at com.mystore.utility.Log.info(Log.java:24)
at com.mystore.utility.Log.info(Log.java:24)
at com.mystore.utility.Log.info(Log.java:24)
at com.mystore.utility.Log.info(Log.java:24)
at com.mystore.utility.Log.info(Log.java:24)
at com.mystore.utility.Log.info(Log.java:24)
at com.mystore.utility.Log.info(Log.java:24)
at com.mystore.utility.Log.info(Log.java:24)
at com.mystore.utility.Log.info(Log.java:24)
at com.mystore.utility.Log.info(Log.java:24)
at com.mystore.utility.Log.info(Log.java:24)
at com.mystore.utility.Log.info(Log.java:24)
at com.mystore.utility.Log.info(Log.java:24)
at com.mystore.utility.Log.info(Log.java:24)
at com.mystore.utility.Log.info(Log.java:24)
at com.mystore.utility.Log.info(Log.java:24)
at com.mystore.utility.Log.info(Log.java:24)
at com.mystore.utility.Log.info(Log.java:24)
at com.mystore.utility.Log.info(Log.java:24)
at com.mystore.utility.Log.info(Log.java:24)
at com.mystore.utility.Log.info(Log.java:24)
at com.mystore.utility.Log.info(Log.java:24)
at com.mystore.utility.Log.info(Log.java:24)
at com.mystore.utility.Log.info(Log.java:24)
at com.mystore.utility.Log.info(Log.java:24)
at com.mystore.utility.Log.info(Log.java:24)
at com.mystore.utility.Log.info(Log.java:24)
at com.mystore.utility.Log.info(Log.java:24)
at com.mystore.utility.Log.info(Log.java:24)
at com.mystore.utility.Log.info(Log.java:24)
at com.mystore.utility.Log.info(Log.java:24)
at com.mystore.utility.Log.info(Log.java:24)
at com.mystore.utility.Log.info(Log.java:24)
at com.mystore.utility.Log.info(Log.java:24)
at com.mystore.utility.Log.info(Log.java:24)
at com.mystore.utility.Log.info(Log.java:24)
at com.mystore.utility.Log.info(Log.java:24)
at com.mystore.utility.Log.info(Log.java:24)
at com.mystore.utility.Log.info(Log.java:24)
at com.mystore.utility.Log.info(Log.java:24)
at com.mystore.utility.Log.info(Log.java:24)
at com.mystore.utility.Log.info(Log.java:24)
at com.mystore.utility.Log.info(Log.java:24)
at com.mystore.utility.Log.info(Log.java:24)
at com.mystore.utility.Log.info(Log.java:24)
at com.mystore.utility.Log.info(Log.java:24)
at com.mystore.utility.Log.info(Log.java:24)
at com.mystore.utility.Log.info(Log.java:24)
at com.mystore.utility.Log.info(Log.java:24)
at com.mystore.utility.Log.info(Log.java:24)
at com.mystore.utility.Log.info(Log.java:24)
at com.mystore.utility.Log.info(Log.java:24)
at com.mystore.utility.Log.info(Log.java:24)
at com.mystore.utility.Log.info(Log.java:24)
at com.mystore.utility.Log.info(Log.java:24)
at com.mystore.utility.Log.info(Log.java:24)
at com.mystore.utility.Log.info(Log.java:24)
at com.mystore.utility.Log.info(Log.java:24)
at com.mystore.utility.Log.info(Log.java:24)
at com.mystore.utility.Log.info(Log.java:24)
at com.mystore.utility.Log.info(Log.java:24)
at com.mystore.utility.Log.info(Log.java:24)
at com.mystore.utility.Log.info(Log.java:24)
at com.mystore.utility.Log.info(Log.java:24)
at com.mystore.utility.Log.info(Log.java:24)
at com.mystore.utility.Log.info(Log.java:24)
at com.mystore.utility.Log.info(Log.java:24)
at com.mystore.utility.Log.info(Log.java:24)
at com.mystore.utility.Log.info(Log.java:24)
at com.mystore.utility.Log.info(Log.java:24)
at com.mystore.utility.Log.info(Log.java:24)
at com.mystore.utility.Log.info(Log.java:24)
at com.mystore.utility.Log.info(Log.java:24)
at com.mystore.utility.Log.info(Log.java:24)
at com.mystore.utility.Log.info(Log.java:24)
at com.mystore.utility.Log.info(Log.java:24)
at com.mystore.utility.Log.info(Log.java:24)
at com.mystore.utility.Log.info(Log.java:24)
at com.mystore.utility.Log.info(Log.java:24)
at com.mystore.utility.Log.info(Log.java:24)
at com.mystore.utility.Log.info(Log.java:24)
at com.mystore.utility.Log.info(Log.java:24)
at com.mystore.utility.Log.info(Log.java:24)
at com.mystore.utility.Log.info(Log.java:24)
at com.mystore.utility.Log.info(Log.java:24)
at com.mystore.utility.Log.info(Log.java:24)
at com.mystore.utility.Log.info(Log.java:24)
at com.mystore.utility.Log.info(Log.java:24)
at com.mystore.utility.Log.info(Log.java:24)
at com.mystore.utility.Log.info(Log.java:24)
at com.mystore.utility.Log.info(Log.java:24)
at com.mystore.utility.Log.info(Log.java:24)
at com.mystore.utility.Log.info(Log.java:24)
at com.mystore.utility.Log.info(Log.java:24)
at com.mystore.utility.Log.info(Log.java:24)
at com.mystore.utility.Log.info(Log.java:24)
at com.mystore.utility.Log.info(Log.java:24)
at com.mystore.utility.Log.info(Log.java:24)
at com.mystore.utility.Log.info(Log.java:24)
at com.mystore.utility.Log.info(Log.java:24)
at com.mystore.utility.Log.info(Log.java:24)
at com.mystore.utility.Log.info(Log.java:24)
at com.mystore.utility.Log.info(Log.java:24)
at com.mystore.utility.Log.info(Log.java:24)
at com.mystore.utility.Log.info(Log.java:24)
at com.mystore.utility.Log.info(Log.java:24)
at com.mystore.utility.Log.info(Log.java:24)
at com.mystore.utility.Log.info(Log.java:24)
at com.mystore.utility.Log.info(Log.java:24)
at com.mystore.utility.Log.info(Log.java:24)
at com.mystore.utility.Log.info(Log.java:24)
at com.mystore.utility.Log.info(Log.java:24)
at com.mystore.utility.Log.info(Log.java:24)
at com.mystore.utility.Log.info(Log.java:24)
at com.mystore.utility.Log.info(Log.java:24)
at com.mystore.utility.Log.info(Log.java:24)
at com.mystore.utility.Log.info(Log.java:24)
at com.mystore.utility.Log.info(Log.java:24)
at com.mystore.utility.Log.info(Log.java:24)
at com.mystore.utility.Log.info(Log.java:24)
at com.mystore.utility.Log.info(Log.java:24)
at com.mystore.utility.Log.info(Log.java:24)
at com.mystore.utility.Log.info(Log.java:24)
at com.mystore.utility.Log.info(Log.java:24)
at com.mystore.utility.Log.info(Log.java:24)
at com.mystore.utility.Log.info(Log.java:24)
at com.mystore.utility.Log.info(Log.java:24)
at com.mystore.utility.Log.info(Log.java:24)
at com.mystore.utility.Log.info(Log.java:24)
at com.mystore.utility.Log.info(Log.java:24)
at com.mystore.utility.Log.info(Log.java:24)
at com.mystore.utility.Log.info(Log.java:24)
at com.mystore.utility.Log.info(Log.java:24)
at com.mystore.utility.Log.info(Log.java:24)
at com.mystore.utility.Log.info(Log.java:24)
at com.mystore.utility.Log.info(Log.java:24)
at com.mystore.utility.Log.info(Log.java:24)
at com.mystore.utility.Log.info(Log.java:24)
at com.mystore.utility.Log.info(Log.java:24)
at com.mystore.utility.Log.info(Log.java:24)
at com.mystore.utility.Log.info(Log.java:24)
at com.mystore.utility.Log.info(Log.java:24)
at com.mystore.utility.Log.info(Log.java:24)
at com.mystore.utility.Log.info(Log.java:24)
at com.mystore.utility.Log.info(Log.java:24)
at com.mystore.utility.Log.info(Log.java:24)
at com.mystore.utility.Log.info(Log.java:24)
at com.mystore.utility.Log.info(Log.java:24)
at com.mystore.utility.Log.info(Log.java:24)
at com.mystore.utility.Log.info(Log.java:24)
at com.mystore.utility.Log.info(Log.java:24)
at com.mystore.utility.Log.info(Log.java:24)
at com.mystore.utility.Log.info(Log.java:24)
at com.mystore.utility.Log.info(Log.java:24)
at com.mystore.utility.Log.info(Log.java:24)
at com.mystore.utility.Log.info(Log.java:24)
at com.mystore.utility.Log.info(Log.java:24)
at com.mystore.utility.Log.info(Log.java:24)
at com.mystore.utility.Log.info(Log.java:24)
at com.mystore.utility.Log.info(Log.java:24)
at com.mystore.utility.Log.info(Log.java:24)
at com.mystore.utility.Log.info(Log.java:24)
at com.mystore.utility.Log.info(Log.java:24)
at com.mystore.utility.Log.info(Log.java:24)
at com.mystore.utility.Log.info(Log.java:24)
at com.mystore.utility.Log.info(Log.java:24)
at com.mystore.utility.Log.info(Log.java:24)
at com.mystore.utility.Log.info(Log.java:24)
at com.mystore.utility.Log.info(Log.java:24)
at com.mystore.utility.Log.info(Log.java:24)
at com.mystore.utility.Log.info(Log.java:24)
at com.mystore.utility.Log.info(Log.java:24)
at com.mystore.utility.Log.info(Log.java:24)
at com.mystore.utility.Log.info(Log.java:24)
at com.mystore.utility.Log.info(Log.java:24)
at com.mystore.utility.Log.info(Log.java:24)
at com.mystore.utility.Log.info(Log.java:24)
at com.mystore.utility.Log.info(Log.java:24)
at com.mystore.utility.Log.info(Log.java:24)
at com.mystore.utility.Log.info(Log.java:24)
at com.mystore.utility.Log.info(Log.java:24)
at com.mystore.utility.Log.info(Log.java:24)
at com.mystore.utility.Log.info(Log.java:24)
at com.mystore.utility.Log.info(Log.java:24)
at com.mystore.utility.Log.info(Log.java:24)
at com.mystore.utility.Log.info(Log.java:24)
at com.mystore.utility.Log.info(Log.java:24)
at com.mystore.utility.Log.info(Log.java:24)
at com.mystore.utility.Log.info(Log.java:24)
at com.mystore.utility.Log.info(Log.java:24)
at com.mystore.utility.Log.info(Log.java:24)
at com.mystore.utility.Log.info(Log.java:24)
at com.mystore.utility.Log.info(Log.java:24)
at com.mystore.utility.Log.info(Log.java:24)
at com.mystore.utility.Log.info(Log.java:24)
at com.mystore.utility.Log.info(Log.java:24)
at com.mystore.utility.Log.info(Log.java:24)
at com.mystore.utility.Log.info(Log.java:24)
at com.mystore.utility.Log.info(Log.java:24)
at com.mystore.utility.Log.info(Log.java:24)
at com.mystore.utility.Log.info(Log.java:24)
at com.mystore.utility.Log.info(Log.java:24)
at com.mystore.utility.Log.info(Log.java:24)
at com.mystore.utility.Log.info(Log.java:24)
at com.mystore.utility.Log.info(Log.java:24)
at com.mystore.utility.Log.info(Log.java:24)
at com.mystore.utility.Log.info(Log.java:24)
at com.mystore.utility.Log.info(Log.java:24)
at com.mystore.utility.Log.info(Log.java:24)
at com.mystore.utility.Log.info(Log.java:24)
at com.mystore.utility.Log.info(Log.java:24)
at com.mystore.utility.Log.info(Log.java:24)
at com.mystore.utility.Log.info(Log.java:24)
at com.mystore.utility.Log.info(Log.java:24)
at com.mystore.utility.Log.info(Log.java:24)
at com.mystore.utility.Log.info(Log.java:24)
at com.mystore.utility.Log.info(Log.java:24)
at com.mystore.utility.Log.info(Log.java:24)
at com.mystore.utility.Log.info(Log.java:24)
at com.mystore.utility.Log.info(Log.java:24)
at com.mystore.utility.Log.info(Log.java:24)
at com.mystore.utility.Log.info(Log.java:24)
at com.mystore.utility.Log.info(Log.java:24)
at com.mystore.utility.Log.info(Log.java:24)
at com.mystore.utility.Log.info(Log.java:24)
at com.mystore.utility.Log.info(Log.java:24)
at com.mystore.utility.Log.info(Log.java:24)
at com.mystore.utility.Log.info(Log.java:24)
at com.mystore.utility.Log.info(Log.java:24)
at com.mystore.utility.Log.info(Log.java:24)
at com.mystore.utility.Log.info(Log.java:24)
at com.mystore.utility.Log.info(Log.java:24)
at com.mystore.utility.Log.info(Log.java:24)
at com.mystore.utility.Log.info(Log.java:24)
at com.mystore.utility.Log.info(Log.java:24)
at com.mystore.utility.Log.info(Log.java:24)
at com.mystore.utility.Log.info(Log.java:24)
at com.mystore.utility.Log.info(Log.java:24)
at com.mystore.utility.Log.info(Log.java:24)
at com.mystore.utility.Log.info(Log.java:24)
at com.mystore.utility.Log.info(Log.java:24)
at com.mystore.utility.Log.info(Log.java:24)
at com.mystore.utility.Log.info(Log.java:24)
at com.mystore.utility.Log.info(Log.java:24)
at com.mystore.utility.Log.info(Log.java:24)
at com.mystore.utility.Log.info(Log.java:24)
at com.mystore.utility.Log.info(Log.java:24)
at com.mystore.utility.Log.info(Log.java:24)
at com.mystore.utility.Log.info(Log.java:24)
at com.mystore.utility.Log.info(Log.java:24)
at com.mystore.utility.Log.info(Log.java:24)
at com.mystore.utility.Log.info(Log.java:24)
at com.mystore.utility.Log.info(Log.java:24)
at com.mystore.utility.Log.info(Log.java:24)
at com.mystore.utility.Log.info(Log.java:24)
at com.mystore.utility.Log.info(Log.java:24)
at com.mystore.utility.Log.info(Log.java:24)
at com.mystore.utility.Log.info(Log.java:24)
at com.mystore.utility.Log.info(Log.java:24)
at com.mystore.utility.Log.info(Log.java:24)
at com.mystore.utility.Log.info(Log.java:24)
at com.mystore.utility.Log.info(Log.java:24)
at com.mystore.utility.Log.info(Log.java:24)
at com.mystore.utility.Log.info(Log.java:24)
at com.mystore.utility.Log.info(Log.java:24)
at com.mystore.utility.Log.info(Log.java:24)
at com.mystore.utility.Log.info(Log.java:24)
at com.mystore.utility.Log.info(Log.java:24)
at com.mystore.utility.Log.info(Log.java:24)
at com.mystore.utility.Log.info(Log.java:24)
at com.mystore.utility.Log.info(Log.java:24)
at com.mystore.utility.Log.info(Log.java:24)
at com.mystore.utility.Log.info(Log.java:24)
at com.mystore.utility.Log.info(Log.java:24)
at com.mystore.utility.Log.info(Log.java:24)
at com.mystore.utility.Log.info(Log.java:24)
at com.mystore.utility.Log.info(Log.java:24)
at com.mystore.utility.Log.info(Log.java:24)
at com.mystore.utility.Log.info(Log.java:24)
at com.mystore.utility.Log.info(Log.java:24)
at com.mystore.utility.Log.info(Log.java:24)
at com.mystore.utility.Log.info(Log.java:24)
at com.mystore.utility.Log.info(Log.java:24)
at com.mystore.utility.Log.info(Log.java:24)
at com.mystore.utility.Log.info(Log.java:24)
at com.mystore.utility.Log.info(Log.java:24)
at com.mystore.utility.Log.info(Log.java:24)
at com.mystore.utility.Log.info(Log.java:24)
at com.mystore.utility.Log.info(Log.java:24)
at com.mystore.utility.Log.info(Log.java:24)
at com.mystore.utility.Log.info(Log.java:24)
at com.mystore.utility.Log.info(Log.java:24)
at com.mystore.utility.Log.info(Log.java:24)
at com.mystore.utility.Log.info(Log.java:24)
at com.mystore.utility.Log.info(Log.java:24)
at com.mystore.utility.Log.info(Log.java:24)
at com.mystore.utility.Log.info(Log.java:24)
at com.mystore.utility.Log.info(Log.java:24)
at com.mystore.utility.Log.info(Log.java:24)
at com.mystore.utility.Log.info(Log.java:24)
at com.mystore.utility.Log.info(Log.java:24)
at com.mystore.utility.Log.info(Log.java:24)
at com.mystore.utility.Log.info(Log.java:24)
at com.mystore.utility.Log.info(Log.java:24)
at com.mystore.utility.Log.info(Log.java:24)
at com.mystore.utility.Log.info(Log.java:24)
at com.mystore.utility.Log.info(Log.java:24)
at com.mystore.utility.Log.info(Log.java:24)
at com.mystore.utility.Log.info(Log.java:24)
at com.mystore.utility.Log.info(Log.java:24)
at com.mystore.utility.Log.info(Log.java:24)
at com.mystore.utility.Log.info(Log.java:24)
at com.mystore.utility.Log.info(Log.java:24)
at com.mystore.utility.Log.info(Log.java:24)
at com.mystore.utility.Log.info(Log.java:24)
at com.mystore.utility.Log.info(Log.java:24)
at com.mystore.utility.Log.info(Log.java:24)
at com.mystore.utility.Log.info(Log.java:24)
at com.mystore.utility.Log.info(Log.java:24)
at com.mystore.utility.Log.info(Log.java:24)
at com.mystore.utility.Log.info(Log.java:24)
at com.mystore.utility.Log.info(Log.java:24)
at com.mystore.utility.Log.info(Log.java:24)
at com.mystore.utility.Log.info(Log.java:24)
at com.mystore.utility.Log.info(Log.java:24)
at com.mystore.utility.Log.info(Log.java:24)
at com.mystore.utility.Log.info(Log.java:24)
at com.mystore.utility.Log.info(Log.java:24)
at com.mystore.utility.Log.info(Log.java:24)
at com.mystore.utility.Log.info(Log.java:24)
at com.mystore.utility.Log.info(Log.java:24)
at com.mystore.utility.Log.info(Log.java:24)
at com.mystore.utility.Log.info(Log.java:24)
at com.mystore.utility.Log.info(Log.java:24)
at com.mystore.utility.Log.info(Log.java:24)
at com.mystore.utility.Log.info(Log.java:24)
at com.mystore.utility.Log.info(Log.java:24)
at com.mystore.utility.Log.info(Log.java:24)
at com.mystore.utility.Log.info(Log.java:24)
at com.mystore.utility.Log.info(Log.java:24)
at com.mystore.utility.Log.info(Log.java:24)
at com.mystore.utility.Log.info(Log.java:24)
at com.mystore.utility.Log.info(Log.java:24)
at com.mystore.utility.Log.info(Log.java:24)
at com.mystore.utility.Log.info(Log.java:24)
at com.mystore.utility.Log.info(Log.java:24)
at com.mystore.utility.Log.info(Log.java:24)
at com.mystore.utility.Log.info(Log.java:24)
at com.mystore.utility.Log.info(Log.java:24)
at com.mystore.utility.Log.info(Log.java:24)
at com.mystore.utility.Log.info(Log.java:24)
at com.mystore.utility.Log.info(Log.java:24)
at com.mystore.utility.Log.info(Log.java:24)
at com.mystore.utility.Log.info(Log.java:24)
at com.mystore.utility.Log.info(Log.java:24)
at com.mystore.utility.Log.info(Log.java:24)
at com.mystore.utility.Log.info(Log.java:24)
at com.mystore.utility.Log.info(Log.java:24)
at com.mystore.utility.Log.info(Log.java:24)
at com.mystore.utility.Log.info(Log.java:24)
at com.mystore.utility.Log.info(Log.java:24)
at com.mystore.utility.Log.info(Log.java:24)
at com.mystore.utility.Log.info(Log.java:24)
at com.mystore.utility.Log.info(Log.java:24)
at com.mystore.utility.Log.info(Log.java:24)
at com.mystore.utility.Log.info(Log.java:24)
at com.mystore.utility.Log.info(Log.java:24)
at com.mystore.utility.Log.info(Log.java:24)
at com.mystore.utility.Log.info(Log.java:24)
at com.mystore.utility.Log.info(Log.java:24)
at com.mystore.utility.Log.info(Log.java:24)
at com.mystore.utility.Log.info(Log.java:24)
at com.mystore.utility.Log.info(Log.java:24)
at com.mystore.utility.Log.info(Log.java:24)
at com.mystore.utility.Log.info(Log.java:24)
at com.mystore.utility.Log.info(Log.java:24)
at com.mystore.utility.Log.info(Log.java:24)
at com.mystore.utility.Log.info(Log.java:24)
at com.mystore.utility.Log.info(Log.java:24)
at com.mystore.utility.Log.info(Log.java:24)
at com.mystore.utility.Log.info(Log.java:24)
at com.mystore.utility.Log.info(Log.java:24)
at com.mystore.utility.Log.info(Log.java:24)
at com.mystore.utility.Log.info(Log.java:24)
at com.mystore.utility.Log.info(Log.java:24)
at com.mystore.utility.Log.info(Log.java:24)
at com.mystore.utility.Log.info(Log.java:24)
at com.mystore.utility.Log.info(Log.java:24)
at com.mystore.utility.Log.info(Log.java:24)
at com.mystore.utility.Log.info(Log.java:24)
at com.mystore.utility.Log.info(Log.java:24)
at com.mystore.utility.Log.info(Log.java:24)
at com.mystore.utility.Log.info(Log.java:24)
at com.mystore.utility.Log.info(Log.java:24)
at com.mystore.utility.Log.info(Log.java:24)
at com.mystore.utility.Log.info(Log.java:24)
at com.mystore.utility.Log.info(Log.java:24)
at com.mystore.utility.Log.info(Log.java:24)
at com.mystore.utility.Log.info(Log.java:24)
at com.mystore.utility.Log.info(Log.java:24)
at com.mystore.utility.Log.info(Log.java:24)
at com.mystore.utility.Log.info(Log.java:24)
at com.mystore.utility.Log.info(Log.java:24)
at com.mystore.utility.Log.info(Log.java:24)
at com.mystore.utility.Log.info(Log.java:24)
at com.mystore.utility.Log.info(Log.java:24)
at com.mystore.utility.Log.info(Log.java:24)
at com.mystore.utility.Log.info(Log.java:24)
at com.mystore.utility.Log.info(Log.java:24)
at com.mystore.utility.Log.info(Log.java:24)
at com.mystore.utility.Log.info(Log.java:24)
at com.mystore.utility.Log.info(Log.java:24)
at com.mystore.utility.Log.info(Log.java:24)
at com.mystore.utility.Log.info(Log.java:24)
at com.mystore.utility.Log.info(Log.java:24)
at com.mystore.utility.Log.info(Log.java:24)
at com.mystore.utility.Log.info(Log.java:24)
at com.mystore.utility.Log.info(Log.java:24)
at com.mystore.utility.Log.info(Log.java:24)
at com.mystore.utility.Log.info(Log.java:24)
at com.mystore.utility.Log.info(Log.java:24)
at com.mystore.utility.Log.info(Log.java:24)
at com.mystore.utility.Log.info(Log.java:24)
at com.mystore.utility.Log.info(Log.java:24)
at com.mystore.utility.Log.info(Log.java:24)
at com.mystore.utility.Log.info(Log.java:24)
at com.mystore.utility.Log.info(Log.java:24)
at com.mystore.utility.Log.info(Log.java:24)
at com.mystore.utility.Log.info(Log.java:24)
at com.mystore.utility.Log.info(Log.java:24)
at com.mystore.utility.Log.info(Log.java:24)
at com.mystore.utility.Log.info(Log.java:24)
at com.mystore.utility.Log.info(Log.java:24)
at com.mystore.utility.Log.info(Log.java:24)
at com.mystore.utility.Log.info(Log.java:24)
at com.mystore.utility.Log.info(Log.java:24)
at com.mystore.utility.Log.info(Log.java:24)
at com.mystore.utility.Log.info(Log.java:24)
at com.mystore.utility.Log.info(Log.java:24)
at com.mystore.utility.Log.info(Log.java:24)
at com.mystore.utility.Log.info(Log.java:24)
at com.mystore.utility.Log.info(Log.java:24)
at com.mystore.utility.Log.info(Log.java:24)
at com.mystore.utility.Log.info(Log.java:24)
at com.mystore.utility.Log.info(Log.java:24)
at com.mystore.utility.Log.info(Log.java:24)
at com.mystore.utility.Log.info(Log.java:24)
at com.mystore.utility.Log.info(Log.java:24)
at com.mystore.utility.Log.info(Log.java:24)
at com.mystore.utility.Log.info(Log.java:24)
at com.mystore.utility.Log.info(Log.java:24)
at com.mystore.utility.Log.info(Log.java:24)
at com.mystore.utility.Log.info(Log.java:24)
at com.mystore.utility.Log.info(Log.java:24)
at com.mystore.utility.Log.info(Log.java:24)
at com.mystore.utility.Log.info(Log.java:24)
at com.mystore.utility.Log.info(Log.java:24)
at com.mystore.utility.Log.info(Log.java:24)
at com.mystore.utility.Log.info(Log.java:24)
at com.mystore.utility.Log.info(Log.java:24)
at com.mystore.utility.Log.info(Log.java:24)
at com.mystore.utility.Log.info(Log.java:24)
at com.mystore.utility.Log.info(Log.java:24)
at com.mystore.utility.Log.info(Log.java:24)
at com.mystore.utility.Log.info(Log.java:24)
at com.mystore.utility.Log.info(Log.java:24)
at com.mystore.utility.Log.info(Log.java:24)
at com.mystore.utility.Log.info(Log.java:24)
at com.mystore.utility.Log.info(Log.java:24)
at com.mystore.utility.Log.info(Log.java:24)
at com.mystore.utility.Log.info(Log.java:24)
at com.mystore.utility.Log.info(Log.java:24)
at com.mystore.utility.Log.info(Log.java:24)
at com.mystore.utility.Log.info(Log.java:24)
at com.mystore.utility.Log.info(Log.java:24)
at com.mystore.utility.Log.info(Log.java:24)
at com.mystore.utility.Log.info(Log.java:24)
at com.mystore.utility.Log.info(Log.java:24)
at com.mystore.utility.Log.info(Log.java:24)
at com.mystore.utility.Log.info(Log.java:24)
at com.mystore.utility.Log.info(Log.java:24)
at com.mystore.utility.Log.info(Log.java:24)
at com.mystore.utility.Log.info(Log.java:24)
at com.mystore.utility.Log.info(Log.java:24)
at com.mystore.utility.Log.info(Log.java:24)
at com.mystore.utility.Log.info(Log.java:24)
at com.mystore.utility.Log.info(Log.java:24)
at com.mystore.utility.Log.info(Log.java:24)
at com.mystore.utility.Log.info(Log.java:24)
at com.mystore.utility.Log.info(Log.java:24)
at com.mystore.utility.Log.info(Log.java:24)
at com.mystore.utility.Log.info(Log.java:24)
at com.mystore.utility.Log.info(Log.java:24)
at com.mystore.utility.Log.info(Log.java:24)
at com.mystore.utility.Log.info(Log.java:24)
at com.mystore.utility.Log.info(Log.java:24)
at com.mystore.utility.Log.info(Log.java:24)
at com.mystore.utility.Log.info(Log.java:24)
at com.mystore.utility.Log.info(Log.java:24)
at com.mystore.utility.Log.info(Log.java:24)
at com.mystore.utility.Log.info(Log.java:24)
at com.mystore.utility.Log.info(Log.java:24)
at com.mystore.utility.Log.info(Log.java:24)
at com.mystore.utility.Log.info(Log.java:24)
at com.mystore.utility.Log.info(Log.java:24)
at com.mystore.utility.Log.info(Log.java:24)
at com.mystore.utility.Log.info(Log.java:24)
at com.mystore.utility.Log.info(Log.java:24)
at com.mystore.utility.Log.info(Log.java:24)
at com.mystore.utility.Log.info(Log.java:24)
at com.mystore.utility.Log.info(Log.java:24)
at com.mystore.utility.Log.info(Log.java:24)
at com.mystore.utility.Log.info(Log.java:24)
at com.mystore.utility.Log.info(Log.java:24)
at com.mystore.utility.Log.info(Log.java:24)
at com.mystore.utility.Log.info(Log.java:24)
at com.mystore.utility.Log.info(Log.java:24)
at com.mystore.utility.Log.info(Log.java:24)
at com.mystore.utility.Log.info(Log.java:24)
at com.mystore.utility.Log.info(Log.java:24)
at com.mystore.utility.Log.info(Log.java:24)
at com.mystore.utility.Log.info(Log.java:24)
at com.mystore.utility.Log.info(Log.java:24)
at com.mystore.utility.Log.info(Log.java:24)
at com.mystore.utility.Log.info(Log.java:24)
at com.mystore.utility.Log.info(Log.java:24)
at com.mystore.utility.Log.info(Log.java:24)
at com.mystore.utility.Log.info(Log.java:24)
at com.mystore.utility.Log.info(Log.java:24)
at com.mystore.utility.Log.info(Log.java:24)
at com.mystore.utility.Log.info(Log.java:24)
at com.mystore.utility.Log.info(Log.java:24)
at com.mystore.utility.Log.info(Log.java:24)
at com.mystore.utility.Log.info(Log.java:24)
at com.mystore.utility.Log.info(Log.java:24)
at com.mystore.utility.Log.info(Log.java:24)
at com.mystore.utility.Log.info(Log.java:24)
at com.mystore.utility.Log.info(Log.java:24)
at com.mystore.utility.Log.info(Log.java:24)
at com.mystore.utility.Log.info(Log.java:24)
at com.mystore.utility.Log.info(Log.java:24)
at com.mystore.utility.Log.info(Log.java:24)
at com.mystore.utility.Log.info(Log.java:24)
at com.mystore.utility.Log.info(Log.java:24)
at com.mystore.utility.Log.info(Log.java:24)
at com.mystore.utility.Log.info(Log.java:24)
at com.mystore.utility.Log.info(Log.java:24)
at com.mystore.utility.Log.info(Log.java:24)
at com.mystore.utility.Log.info(Log.java:24)
at com.mystore.utility.Log.info(Log.java:24)
at com.mystore.utility.Log.info(Log.java:24)
at com.mystore.utility.Log.info(Log.java:24)
at com.mystore.utility.Log.info(Log.java:24)
at com.mystore.utility.Log.info(Log.java:24)
at com.mystore.utility.Log.info(Log.java:24)
at com.mystore.utility.Log.info(Log.java:24)
at com.mystore.utility.Log.info(Log.java:24)
at com.mystore.utility.Log.info(Log.java:24)
at com.mystore.utility.Log.info(Log.java:24)
at com.mystore.utility.Log.info(Log.java:24)
at com.mystore.utility.Log.info(Log.java:24)
at com.mystore.utility.Log.info(Log.java:24)
at com.mystore.utility.Log.info(Log.java:24)
at com.mystore.utility.Log.info(Log.java:24)
at com.mystore.utility.Log.info(Log.java:24)
at com.mystore.utility.Log.info(Log.java:24)
at com.mystore.utility.Log.info(Log.java:24)
at com.mystore.utility.Log.info(Log.java:24)
at com.mystore.utility.Log.info(Log.java:24)
at com.mystore.utility.Log.info(Log.java:24)
at com.mystore.utility.Log.info(Log.java:24)
at com.mystore.utility.Log.info(Log.java:24)
at com.mystore.utility.Log.info(Log.java:24)
at com.mystore.utility.Log.info(Log.java:24)
at com.mystore.utility.Log.info(Log.java:24)
at com.mystore.utility.Log.info(Log.java:24)
at com.mystore.utility.Log.info(Log.java:24)
at com.mystore.utility.Log.info(Log.java:24)
at com.mystore.utility.Log.info(Log.java:24)
at com.mystore.utility.Log.info(Log.java:24)
at com.mystore.utility.Log.info(Log.java:24)
at com.mystore.utility.Log.info(Log.java:24)
at com.mystore.utility.Log.info(Log.java:24)
at com.mystore.utility.Log.info(Log.java:24)
at com.mystore.utility.Log.info(Log.java:24)
at com.mystore.utility.Log.info(Log.java:24)
at com.mystore.utility.Log.info(Log.java:24)
at com.mystore.utility.Log.info(Log.java:24)
at com.mystore.utility.Log.info(Log.java:24)
at com.mystore.utility.Log.info(Log.java:24)
at com.mystore.utility.Log.info(Log.java:24)
at com.mystore.utility.Log.info(Log.java:24)
at com.mystore.utility.Log.info(Log.java:24)
at com.mystore.utility.Log.info(Log.java:24)
at com.mystore.utility.Log.info(Log.java:24)
at com.mystore.utility.Log.info(Log.java:24)
at com.mystore.utility.Log.info(Log.java:24)
at com.mystore.utility.Log.info(Log.java:24)
at com.mystore.utility.Log.info(Log.java:24)
at com.mystore.utility.Log.info(Log.java:24)
at com.mystore.utility.Log.info(Log.java:24)
at com.mystore.utility.Log.info(Log.java:24)
at com.mystore.utility.Log.info(Log.java:24)
at com.mystore.utility.Log.info(Log.java:24)
at com.mystore.utility.Log.info(Log.java:24)
at com.mystore.utility.Log.info(Log.java:24)
at com.mystore.utility.Log.info(Log.java:24)
at com.mystore.utility.Log.info(Log.java:24)
at com.mystore.utility.Log.info(Log.java:24)
at com.mystore.utility.Log.info(Log.java:24)
at com.mystore.utility.Log.info(Log.java:24)
at com.mystore.utility.Log.info(Log.java:24)
at com.mystore.utility.Log.info(Log.java:24)
at com.mystore.utility.Log.info(Log.java:24)
at com.mystore.utility.Log.info(Log.java:24)
at com.mystore.utility.Log.info(Log.java:24)
at com.mystore.utility.Log.info(Log.java:24)
at com.mystore.utility.Log.info(Log.java:24)
at com.mystore.utility.Log.info(Log.java:24)
at com.mystore.utility.Log.info(Log.java:24)
at com.mystore.utility.Log.info(Log.java:24)
at com.mystore.utility.Log.info(Log.java:24)
at com.mystore.utility.Log.info(Log.java:24)
at com.mystore.utility.Log.info(Log.java:24)
at com.mystore.utility.Log.info(Log.java:24)
at com.mystore.utility.Log.info(Log.java:24)
at com.mystore.utility.Log.info(Log.java:24)
at com.mystore.utility.Log.info(Log.java:24)
at com.mystore.utility.Log.info(Log.java:24)
at com.mystore.utility.Log.info(Log.java:24)
at com.mystore.utility.Log.info(Log.java:24)
at com.mystore.utility.Log.info(Log.java:24)
at com.mystore.utility.Log.info(Log.java:24)
at com.mystore.utility.Log.info(Log.java:24)
at com.mystore.utility.Log.info(Log.java:24)
at com.mystore.utility.Log.info(Log.java:24)
at com.mystore.utility.Log.info(Log.java:24)
at com.mystore.utility.Log.info(Log.java:24)
at com.mystore.utility.Log.info(Log.java:24)
at com.mystore.utility.Log.info(Log.java:24)
at com.mystore.utility.Log.info(Log.java:24)
at com.mystore.utility.Log.info(Log.java:24)
]]>
            </full-stacktrace>
          </exception> <!-- java.lang.StackOverflowError -->
          <reporter-output>
          </reporter-output>
        </test-method> <!-- verifyLogo -->
        <test-method is-config="true" signature="tearDown()[pri:0, instance:com.mystore.testcases.IndexPageTest@7642df8f]" started-at="2024-06-20T11:01:19 IST" name="tearDown" finished-at="2024-06-20T11:01:20 IST" duration-ms="256" status="PASS">
          <reporter-output>
          </reporter-output>
        </test-method> <!-- tearDown -->
        <test-method is-config="true" signature="setup(java.lang.String)[pri:0, instance:com.mystore.testcases.IndexPageTest@7642df8f]" started-at="2024-06-20T11:01:20 IST" name="setup" finished-at="2024-06-20T11:01:25 IST" duration-ms="5246" status="PASS">
          <params>
            <param index="0">
              <value>
                <![CDATA[chrome]]>
              </value>
            </param>
          </params>
          <reporter-output>
          </reporter-output>
        </test-method> <!-- setup -->
        <test-method signature="verifyTitle()[pri:0, instance:com.mystore.testcases.IndexPageTest@7642df8f]" started-at="2024-06-20T11:01:25 IST" name="verifyTitle" finished-at="2024-06-20T11:01:25 IST" duration-ms="36" status="FAIL">
          <exception class="java.lang.StackOverflowError">
            <full-stacktrace>
              <![CDATA[java.lang.StackOverflowError
at com.mystore.utility.Log.info(Log.java:24)
at com.mystore.utility.Log.info(Log.java:24)
at com.mystore.utility.Log.info(Log.java:24)
at com.mystore.utility.Log.info(Log.java:24)
at com.mystore.utility.Log.info(Log.java:24)
at com.mystore.utility.Log.info(Log.java:24)
at com.mystore.utility.Log.info(Log.java:24)
at com.mystore.utility.Log.info(Log.java:24)
at com.mystore.utility.Log.info(Log.java:24)
at com.mystore.utility.Log.info(Log.java:24)
at com.mystore.utility.Log.info(Log.java:24)
at com.mystore.utility.Log.info(Log.java:24)
at com.mystore.utility.Log.info(Log.java:24)
at com.mystore.utility.Log.info(Log.java:24)
at com.mystore.utility.Log.info(Log.java:24)
at com.mystore.utility.Log.info(Log.java:24)
at com.mystore.utility.Log.info(Log.java:24)
at com.mystore.utility.Log.info(Log.java:24)
at com.mystore.utility.Log.info(Log.java:24)
at com.mystore.utility.Log.info(Log.java:24)
at com.mystore.utility.Log.info(Log.java:24)
at com.mystore.utility.Log.info(Log.java:24)
at com.mystore.utility.Log.info(Log.java:24)
at com.mystore.utility.Log.info(Log.java:24)
at com.mystore.utility.Log.info(Log.java:24)
at com.mystore.utility.Log.info(Log.java:24)
at com.mystore.utility.Log.info(Log.java:24)
at com.mystore.utility.Log.info(Log.java:24)
at com.mystore.utility.Log.info(Log.java:24)
at com.mystore.utility.Log.info(Log.java:24)
at com.mystore.utility.Log.info(Log.java:24)
at com.mystore.utility.Log.info(Log.java:24)
at com.mystore.utility.Log.info(Log.java:24)
at com.mystore.utility.Log.info(Log.java:24)
at com.mystore.utility.Log.info(Log.java:24)
at com.mystore.utility.Log.info(Log.java:24)
at com.mystore.utility.Log.info(Log.java:24)
at com.mystore.utility.Log.info(Log.java:24)
at com.mystore.utility.Log.info(Log.java:24)
at com.mystore.utility.Log.info(Log.java:24)
at com.mystore.utility.Log.info(Log.java:24)
at com.mystore.utility.Log.info(Log.java:24)
at com.mystore.utility.Log.info(Log.java:24)
at com.mystore.utility.Log.info(Log.java:24)
at com.mystore.utility.Log.info(Log.java:24)
at com.mystore.utility.Log.info(Log.java:24)
at com.mystore.utility.Log.info(Log.java:24)
at com.mystore.utility.Log.info(Log.java:24)
at com.mystore.utility.Log.info(Log.java:24)
at com.mystore.utility.Log.info(Log.java:24)
at com.mystore.utility.Log.info(Log.java:24)
at com.mystore.utility.Log.info(Log.java:24)
at com.mystore.utility.Log.info(Log.java:24)
at com.mystore.utility.Log.info(Log.java:24)
at com.mystore.utility.Log.info(Log.java:24)
at com.mystore.utility.Log.info(Log.java:24)
at com.mystore.utility.Log.info(Log.java:24)
at com.mystore.utility.Log.info(Log.java:24)
at com.mystore.utility.Log.info(Log.java:24)
at com.mystore.utility.Log.info(Log.java:24)
at com.mystore.utility.Log.info(Log.java:24)
at com.mystore.utility.Log.info(Log.java:24)
at com.mystore.utility.Log.info(Log.java:24)
at com.mystore.utility.Log.info(Log.java:24)
at com.mystore.utility.Log.info(Log.java:24)
at com.mystore.utility.Log.info(Log.java:24)
at com.mystore.utility.Log.info(Log.java:24)
at com.mystore.utility.Log.info(Log.java:24)
at com.mystore.utility.Log.info(Log.java:24)
at com.mystore.utility.Log.info(Log.java:24)
at com.mystore.utility.Log.info(Log.java:24)
at com.mystore.utility.Log.info(Log.java:24)
at com.mystore.utility.Log.info(Log.java:24)
at com.mystore.utility.Log.info(Log.java:24)
at com.mystore.utility.Log.info(Log.java:24)
at com.mystore.utility.Log.info(Log.java:24)
at com.mystore.utility.Log.info(Log.java:24)
at com.mystore.utility.Log.info(Log.java:24)
at com.mystore.utility.Log.info(Log.java:24)
at com.mystore.utility.Log.info(Log.java:24)
at com.mystore.utility.Log.info(Log.java:24)
at com.mystore.utility.Log.info(Log.java:24)
at com.mystore.utility.Log.info(Log.java:24)
at com.mystore.utility.Log.info(Log.java:24)
at com.mystore.utility.Log.info(Log.java:24)
at com.mystore.utility.Log.info(Log.java:24)
at com.mystore.utility.Log.info(Log.java:24)
at com.mystore.utility.Log.info(Log.java:24)
at com.mystore.utility.Log.info(Log.java:24)
at com.mystore.utility.Log.info(Log.java:24)
at com.mystore.utility.Log.info(Log.java:24)
at com.mystore.utility.Log.info(Log.java:24)
at com.mystore.utility.Log.info(Log.java:24)
at com.mystore.utility.Log.info(Log.java:24)
at com.mystore.utility.Log.info(Log.java:24)
at com.mystore.utility.Log.info(Log.java:24)
at com.mystore.utility.Log.info(Log.java:24)
at com.mystore.utility.Log.info(Log.java:24)
at com.mystore.utility.Log.info(Log.java:24)
at com.mystore.utility.Log.info(Log.java:24)
at com.mystore.utility.Log.info(Log.java:24)
at com.mystore.utility.Log.info(Log.java:24)
at com.mystore.utility.Log.info(Log.java:24)
at com.mystore.utility.Log.info(Log.java:24)
at com.mystore.utility.Log.info(Log.java:24)
at com.mystore.utility.Log.info(Log.java:24)
at com.mystore.utility.Log.info(Log.java:24)
at com.mystore.utility.Log.info(Log.java:24)
at com.mystore.utility.Log.info(Log.java:24)
at com.mystore.utility.Log.info(Log.java:24)
at com.mystore.utility.Log.info(Log.java:24)
at com.mystore.utility.Log.info(Log.java:24)
at com.mystore.utility.Log.info(Log.java:24)
at com.mystore.utility.Log.info(Log.java:24)
at com.mystore.utility.Log.info(Log.java:24)
at com.mystore.utility.Log.info(Log.java:24)
at com.mystore.utility.Log.info(Log.java:24)
at com.mystore.utility.Log.info(Log.java:24)
at com.mystore.utility.Log.info(Log.java:24)
at com.mystore.utility.Log.info(Log.java:24)
at com.mystore.utility.Log.info(Log.java:24)
at com.mystore.utility.Log.info(Log.java:24)
at com.mystore.utility.Log.info(Log.java:24)
at com.mystore.utility.Log.info(Log.java:24)
at com.mystore.utility.Log.info(Log.java:24)
at com.mystore.utility.Log.info(Log.java:24)
at com.mystore.utility.Log.info(Log.java:24)
at com.mystore.utility.Log.info(Log.java:24)
at com.mystore.utility.Log.info(Log.java:24)
at com.mystore.utility.Log.info(Log.java:24)
at com.mystore.utility.Log.info(Log.java:24)
at com.mystore.utility.Log.info(Log.java:24)
at com.mystore.utility.Log.info(Log.java:24)
at com.mystore.utility.Log.info(Log.java:24)
at com.mystore.utility.Log.info(Log.java:24)
at com.mystore.utility.Log.info(Log.java:24)
at com.mystore.utility.Log.info(Log.java:24)
at com.mystore.utility.Log.info(Log.java:24)
at com.mystore.utility.Log.info(Log.java:24)
at com.mystore.utility.Log.info(Log.java:24)
at com.mystore.utility.Log.info(Log.java:24)
at com.mystore.utility.Log.info(Log.java:24)
at com.mystore.utility.Log.info(Log.java:24)
at com.mystore.utility.Log.info(Log.java:24)
at com.mystore.utility.Log.info(Log.java:24)
at com.mystore.utility.Log.info(Log.java:24)
at com.mystore.utility.Log.info(Log.java:24)
at com.mystore.utility.Log.info(Log.java:24)
at com.mystore.utility.Log.info(Log.java:24)
at com.mystore.utility.Log.info(Log.java:24)
at com.mystore.utility.Log.info(Log.java:24)
at com.mystore.utility.Log.info(Log.java:24)
at com.mystore.utility.Log.info(Log.java:24)
at com.mystore.utility.Log.info(Log.java:24)
at com.mystore.utility.Log.info(Log.java:24)
at com.mystore.utility.Log.info(Log.java:24)
at com.mystore.utility.Log.info(Log.java:24)
at com.mystore.utility.Log.info(Log.java:24)
at com.mystore.utility.Log.info(Log.java:24)
at com.mystore.utility.Log.info(Log.java:24)
at com.mystore.utility.Log.info(Log.java:24)
at com.mystore.utility.Log.info(Log.java:24)
at com.mystore.utility.Log.info(Log.java:24)
at com.mystore.utility.Log.info(Log.java:24)
at com.mystore.utility.Log.info(Log.java:24)
at com.mystore.utility.Log.info(Log.java:24)
at com.mystore.utility.Log.info(Log.java:24)
at com.mystore.utility.Log.info(Log.java:24)
at com.mystore.utility.Log.info(Log.java:24)
at com.mystore.utility.Log.info(Log.java:24)
at com.mystore.utility.Log.info(Log.java:24)
at com.mystore.utility.Log.info(Log.java:24)
at com.mystore.utility.Log.info(Log.java:24)
at com.mystore.utility.Log.info(Log.java:24)
at com.mystore.utility.Log.info(Log.java:24)
at com.mystore.utility.Log.info(Log.java:24)
at com.mystore.utility.Log.info(Log.java:24)
at com.mystore.utility.Log.info(Log.java:24)
at com.mystore.utility.Log.info(Log.java:24)
at com.mystore.utility.Log.info(Log.java:24)
at com.mystore.utility.Log.info(Log.java:24)
at com.mystore.utility.Log.info(Log.java:24)
at com.mystore.utility.Log.info(Log.java:24)
at com.mystore.utility.Log.info(Log.java:24)
at com.mystore.utility.Log.info(Log.java:24)
at com.mystore.utility.Log.info(Log.java:24)
at com.mystore.utility.Log.info(Log.java:24)
at com.mystore.utility.Log.info(Log.java:24)
at com.mystore.utility.Log.info(Log.java:24)
at com.mystore.utility.Log.info(Log.java:24)
at com.mystore.utility.Log.info(Log.java:24)
at com.mystore.utility.Log.info(Log.java:24)
at com.mystore.utility.Log.info(Log.java:24)
at com.mystore.utility.Log.info(Log.java:24)
at com.mystore.utility.Log.info(Log.java:24)
at com.mystore.utility.Log.info(Log.java:24)
at com.mystore.utility.Log.info(Log.java:24)
at com.mystore.utility.Log.info(Log.java:24)
at com.mystore.utility.Log.info(Log.java:24)
at com.mystore.utility.Log.info(Log.java:24)
at com.mystore.utility.Log.info(Log.java:24)
at com.mystore.utility.Log.info(Log.java:24)
at com.mystore.utility.Log.info(Log.java:24)
at com.mystore.utility.Log.info(Log.java:24)
at com.mystore.utility.Log.info(Log.java:24)
at com.mystore.utility.Log.info(Log.java:24)
at com.mystore.utility.Log.info(Log.java:24)
at com.mystore.utility.Log.info(Log.java:24)
at com.mystore.utility.Log.info(Log.java:24)
at com.mystore.utility.Log.info(Log.java:24)
at com.mystore.utility.Log.info(Log.java:24)
at com.mystore.utility.Log.info(Log.java:24)
at com.mystore.utility.Log.info(Log.java:24)
at com.mystore.utility.Log.info(Log.java:24)
at com.mystore.utility.Log.info(Log.java:24)
at com.mystore.utility.Log.info(Log.java:24)
at com.mystore.utility.Log.info(Log.java:24)
at com.mystore.utility.Log.info(Log.java:24)
at com.mystore.utility.Log.info(Log.java:24)
at com.mystore.utility.Log.info(Log.java:24)
at com.mystore.utility.Log.info(Log.java:24)
at com.mystore.utility.Log.info(Log.java:24)
at com.mystore.utility.Log.info(Log.java:24)
at com.mystore.utility.Log.info(Log.java:24)
at com.mystore.utility.Log.info(Log.java:24)
at com.mystore.utility.Log.info(Log.java:24)
at com.mystore.utility.Log.info(Log.java:24)
at com.mystore.utility.Log.info(Log.java:24)
at com.mystore.utility.Log.info(Log.java:24)
at com.mystore.utility.Log.info(Log.java:24)
at com.mystore.utility.Log.info(Log.java:24)
at com.mystore.utility.Log.info(Log.java:24)
at com.mystore.utility.Log.info(Log.java:24)
at com.mystore.utility.Log.info(Log.java:24)
at com.mystore.utility.Log.info(Log.java:24)
at com.mystore.utility.Log.info(Log.java:24)
at com.mystore.utility.Log.info(Log.java:24)
at com.mystore.utility.Log.info(Log.java:24)
at com.mystore.utility.Log.info(Log.java:24)
at com.mystore.utility.Log.info(Log.java:24)
at com.mystore.utility.Log.info(Log.java:24)
at com.mystore.utility.Log.info(Log.java:24)
at com.mystore.utility.Log.info(Log.java:24)
at com.mystore.utility.Log.info(Log.java:24)
at com.mystore.utility.Log.info(Log.java:24)
at com.mystore.utility.Log.info(Log.java:24)
at com.mystore.utility.Log.info(Log.java:24)
at com.mystore.utility.Log.info(Log.java:24)
at com.mystore.utility.Log.info(Log.java:24)
at com.mystore.utility.Log.info(Log.java:24)
at com.mystore.utility.Log.info(Log.java:24)
at com.mystore.utility.Log.info(Log.java:24)
at com.mystore.utility.Log.info(Log.java:24)
at com.mystore.utility.Log.info(Log.java:24)
at com.mystore.utility.Log.info(Log.java:24)
at com.mystore.utility.Log.info(Log.java:24)
at com.mystore.utility.Log.info(Log.java:24)
at com.mystore.utility.Log.info(Log.java:24)
at com.mystore.utility.Log.info(Log.java:24)
at com.mystore.utility.Log.info(Log.java:24)
at com.mystore.utility.Log.info(Log.java:24)
at com.mystore.utility.Log.info(Log.java:24)
at com.mystore.utility.Log.info(Log.java:24)
at com.mystore.utility.Log.info(Log.java:24)
at com.mystore.utility.Log.info(Log.java:24)
at com.mystore.utility.Log.info(Log.java:24)
at com.mystore.utility.Log.info(Log.java:24)
at com.mystore.utility.Log.info(Log.java:24)
at com.mystore.utility.Log.info(Log.java:24)
at com.mystore.utility.Log.info(Log.java:24)
at com.mystore.utility.Log.info(Log.java:24)
at com.mystore.utility.Log.info(Log.java:24)
at com.mystore.utility.Log.info(Log.java:24)
at com.mystore.utility.Log.info(Log.java:24)
at com.mystore.utility.Log.info(Log.java:24)
at com.mystore.utility.Log.info(Log.java:24)
at com.mystore.utility.Log.info(Log.java:24)
at com.mystore.utility.Log.info(Log.java:24)
at com.mystore.utility.Log.info(Log.java:24)
at com.mystore.utility.Log.info(Log.java:24)
at com.mystore.utility.Log.info(Log.java:24)
at com.mystore.utility.Log.info(Log.java:24)
at com.mystore.utility.Log.info(Log.java:24)
at com.mystore.utility.Log.info(Log.java:24)
at com.mystore.utility.Log.info(Log.java:24)
at com.mystore.utility.Log.info(Log.java:24)
at com.mystore.utility.Log.info(Log.java:24)
at com.mystore.utility.Log.info(Log.java:24)
at com.mystore.utility.Log.info(Log.java:24)
at com.mystore.utility.Log.info(Log.java:24)
at com.mystore.utility.Log.info(Log.java:24)
at com.mystore.utility.Log.info(Log.java:24)
at com.mystore.utility.Log.info(Log.java:24)
at com.mystore.utility.Log.info(Log.java:24)
at com.mystore.utility.Log.info(Log.java:24)
at com.mystore.utility.Log.info(Log.java:24)
at com.mystore.utility.Log.info(Log.java:24)
at com.mystore.utility.Log.info(Log.java:24)
at com.mystore.utility.Log.info(Log.java:24)
at com.mystore.utility.Log.info(Log.java:24)
at com.mystore.utility.Log.info(Log.java:24)
at com.mystore.utility.Log.info(Log.java:24)
at com.mystore.utility.Log.info(Log.java:24)
at com.mystore.utility.Log.info(Log.java:24)
at com.mystore.utility.Log.info(Log.java:24)
at com.mystore.utility.Log.info(Log.java:24)
at com.mystore.utility.Log.info(Log.java:24)
at com.mystore.utility.Log.info(Log.java:24)
at com.mystore.utility.Log.info(Log.java:24)
at com.mystore.utility.Log.info(Log.java:24)
at com.mystore.utility.Log.info(Log.java:24)
at com.mystore.utility.Log.info(Log.java:24)
at com.mystore.utility.Log.info(Log.java:24)
at com.mystore.utility.Log.info(Log.java:24)
at com.mystore.utility.Log.info(Log.java:24)
at com.mystore.utility.Log.info(Log.java:24)
at com.mystore.utility.Log.info(Log.java:24)
at com.mystore.utility.Log.info(Log.java:24)
at com.mystore.utility.Log.info(Log.java:24)
at com.mystore.utility.Log.info(Log.java:24)
at com.mystore.utility.Log.info(Log.java:24)
at com.mystore.utility.Log.info(Log.java:24)
at com.mystore.utility.Log.info(Log.java:24)
at com.mystore.utility.Log.info(Log.java:24)
at com.mystore.utility.Log.info(Log.java:24)
at com.mystore.utility.Log.info(Log.java:24)
at com.mystore.utility.Log.info(Log.java:24)
at com.mystore.utility.Log.info(Log.java:24)
at com.mystore.utility.Log.info(Log.java:24)
at com.mystore.utility.Log.info(Log.java:24)
at com.mystore.utility.Log.info(Log.java:24)
at com.mystore.utility.Log.info(Log.java:24)
at com.mystore.utility.Log.info(Log.java:24)
at com.mystore.utility.Log.info(Log.java:24)
at com.mystore.utility.Log.info(Log.java:24)
at com.mystore.utility.Log.info(Log.java:24)
at com.mystore.utility.Log.info(Log.java:24)
at com.mystore.utility.Log.info(Log.java:24)
at com.mystore.utility.Log.info(Log.java:24)
at com.mystore.utility.Log.info(Log.java:24)
at com.mystore.utility.Log.info(Log.java:24)
at com.mystore.utility.Log.info(Log.java:24)
at com.mystore.utility.Log.info(Log.java:24)
at com.mystore.utility.Log.info(Log.java:24)
at com.mystore.utility.Log.info(Log.java:24)
at com.mystore.utility.Log.info(Log.java:24)
at com.mystore.utility.Log.info(Log.java:24)
at com.mystore.utility.Log.info(Log.java:24)
at com.mystore.utility.Log.info(Log.java:24)
at com.mystore.utility.Log.info(Log.java:24)
at com.mystore.utility.Log.info(Log.java:24)
at com.mystore.utility.Log.info(Log.java:24)
at com.mystore.utility.Log.info(Log.java:24)
at com.mystore.utility.Log.info(Log.java:24)
at com.mystore.utility.Log.info(Log.java:24)
at com.mystore.utility.Log.info(Log.java:24)
at com.mystore.utility.Log.info(Log.java:24)
at com.mystore.utility.Log.info(Log.java:24)
at com.mystore.utility.Log.info(Log.java:24)
at com.mystore.utility.Log.info(Log.java:24)
at com.mystore.utility.Log.info(Log.java:24)
at com.mystore.utility.Log.info(Log.java:24)
at com.mystore.utility.Log.info(Log.java:24)
at com.mystore.utility.Log.info(Log.java:24)
at com.mystore.utility.Log.info(Log.java:24)
at com.mystore.utility.Log.info(Log.java:24)
at com.mystore.utility.Log.info(Log.java:24)
at com.mystore.utility.Log.info(Log.java:24)
at com.mystore.utility.Log.info(Log.java:24)
at com.mystore.utility.Log.info(Log.java:24)
at com.mystore.utility.Log.info(Log.java:24)
at com.mystore.utility.Log.info(Log.java:24)
at com.mystore.utility.Log.info(Log.java:24)
at com.mystore.utility.Log.info(Log.java:24)
at com.mystore.utility.Log.info(Log.java:24)
at com.mystore.utility.Log.info(Log.java:24)
at com.mystore.utility.Log.info(Log.java:24)
at com.mystore.utility.Log.info(Log.java:24)
at com.mystore.utility.Log.info(Log.java:24)
at com.mystore.utility.Log.info(Log.java:24)
at com.mystore.utility.Log.info(Log.java:24)
at com.mystore.utility.Log.info(Log.java:24)
at com.mystore.utility.Log.info(Log.java:24)
at com.mystore.utility.Log.info(Log.java:24)
at com.mystore.utility.Log.info(Log.java:24)
at com.mystore.utility.Log.info(Log.java:24)
at com.mystore.utility.Log.info(Log.java:24)
at com.mystore.utility.Log.info(Log.java:24)
at com.mystore.utility.Log.info(Log.java:24)
at com.mystore.utility.Log.info(Log.java:24)
at com.mystore.utility.Log.info(Log.java:24)
at com.mystore.utility.Log.info(Log.java:24)
at com.mystore.utility.Log.info(Log.java:24)
at com.mystore.utility.Log.info(Log.java:24)
at com.mystore.utility.Log.info(Log.java:24)
at com.mystore.utility.Log.info(Log.java:24)
at com.mystore.utility.Log.info(Log.java:24)
at com.mystore.utility.Log.info(Log.java:24)
at com.mystore.utility.Log.info(Log.java:24)
at com.mystore.utility.Log.info(Log.java:24)
at com.mystore.utility.Log.info(Log.java:24)
at com.mystore.utility.Log.info(Log.java:24)
at com.mystore.utility.Log.info(Log.java:24)
at com.mystore.utility.Log.info(Log.java:24)
at com.mystore.utility.Log.info(Log.java:24)
at com.mystore.utility.Log.info(Log.java:24)
at com.mystore.utility.Log.info(Log.java:24)
at com.mystore.utility.Log.info(Log.java:24)
at com.mystore.utility.Log.info(Log.java:24)
at com.mystore.utility.Log.info(Log.java:24)
at com.mystore.utility.Log.info(Log.java:24)
at com.mystore.utility.Log.info(Log.java:24)
at com.mystore.utility.Log.info(Log.java:24)
at com.mystore.utility.Log.info(Log.java:24)
at com.mystore.utility.Log.info(Log.java:24)
at com.mystore.utility.Log.info(Log.java:24)
at com.mystore.utility.Log.info(Log.java:24)
at com.mystore.utility.Log.info(Log.java:24)
at com.mystore.utility.Log.info(Log.java:24)
at com.mystore.utility.Log.info(Log.java:24)
at com.mystore.utility.Log.info(Log.java:24)
at com.mystore.utility.Log.info(Log.java:24)
at com.mystore.utility.Log.info(Log.java:24)
at com.mystore.utility.Log.info(Log.java:24)
at com.mystore.utility.Log.info(Log.java:24)
at com.mystore.utility.Log.info(Log.java:24)
at com.mystore.utility.Log.info(Log.java:24)
at com.mystore.utility.Log.info(Log.java:24)
at com.mystore.utility.Log.info(Log.java:24)
at com.mystore.utility.Log.info(Log.java:24)
at com.mystore.utility.Log.info(Log.java:24)
at com.mystore.utility.Log.info(Log.java:24)
at com.mystore.utility.Log.info(Log.java:24)
at com.mystore.utility.Log.info(Log.java:24)
at com.mystore.utility.Log.info(Log.java:24)
at com.mystore.utility.Log.info(Log.java:24)
at com.mystore.utility.Log.info(Log.java:24)
at com.mystore.utility.Log.info(Log.java:24)
at com.mystore.utility.Log.info(Log.java:24)
at com.mystore.utility.Log.info(Log.java:24)
at com.mystore.utility.Log.info(Log.java:24)
at com.mystore.utility.Log.info(Log.java:24)
at com.mystore.utility.Log.info(Log.java:24)
at com.mystore.utility.Log.info(Log.java:24)
at com.mystore.utility.Log.info(Log.java:24)
at com.mystore.utility.Log.info(Log.java:24)
at com.mystore.utility.Log.info(Log.java:24)
at com.mystore.utility.Log.info(Log.java:24)
at com.mystore.utility.Log.info(Log.java:24)
at com.mystore.utility.Log.info(Log.java:24)
at com.mystore.utility.Log.info(Log.java:24)
at com.mystore.utility.Log.info(Log.java:24)
at com.mystore.utility.Log.info(Log.java:24)
at com.mystore.utility.Log.info(Log.java:24)
at com.mystore.utility.Log.info(Log.java:24)
at com.mystore.utility.Log.info(Log.java:24)
at com.mystore.utility.Log.info(Log.java:24)
at com.mystore.utility.Log.info(Log.java:24)
at com.mystore.utility.Log.info(Log.java:24)
at com.mystore.utility.Log.info(Log.java:24)
at com.mystore.utility.Log.info(Log.java:24)
at com.mystore.utility.Log.info(Log.java:24)
at com.mystore.utility.Log.info(Log.java:24)
at com.mystore.utility.Log.info(Log.java:24)
at com.mystore.utility.Log.info(Log.java:24)
at com.mystore.utility.Log.info(Log.java:24)
at com.mystore.utility.Log.info(Log.java:24)
at com.mystore.utility.Log.info(Log.java:24)
at com.mystore.utility.Log.info(Log.java:24)
at com.mystore.utility.Log.info(Log.java:24)
at com.mystore.utility.Log.info(Log.java:24)
at com.mystore.utility.Log.info(Log.java:24)
at com.mystore.utility.Log.info(Log.java:24)
at com.mystore.utility.Log.info(Log.java:24)
at com.mystore.utility.Log.info(Log.java:24)
at com.mystore.utility.Log.info(Log.java:24)
at com.mystore.utility.Log.info(Log.java:24)
at com.mystore.utility.Log.info(Log.java:24)
at com.mystore.utility.Log.info(Log.java:24)
at com.mystore.utility.Log.info(Log.java:24)
at com.mystore.utility.Log.info(Log.java:24)
at com.mystore.utility.Log.info(Log.java:24)
at com.mystore.utility.Log.info(Log.java:24)
at com.mystore.utility.Log.info(Log.java:24)
at com.mystore.utility.Log.info(Log.java:24)
at com.mystore.utility.Log.info(Log.java:24)
at com.mystore.utility.Log.info(Log.java:24)
at com.mystore.utility.Log.info(Log.java:24)
at com.mystore.utility.Log.info(Log.java:24)
at com.mystore.utility.Log.info(Log.java:24)
at com.mystore.utility.Log.info(Log.java:24)
at com.mystore.utility.Log.info(Log.java:24)
at com.mystore.utility.Log.info(Log.java:24)
at com.mystore.utility.Log.info(Log.java:24)
at com.mystore.utility.Log.info(Log.java:24)
at com.mystore.utility.Log.info(Log.java:24)
at com.mystore.utility.Log.info(Log.java:24)
at com.mystore.utility.Log.info(Log.java:24)
at com.mystore.utility.Log.info(Log.java:24)
at com.mystore.utility.Log.info(Log.java:24)
at com.mystore.utility.Log.info(Log.java:24)
at com.mystore.utility.Log.info(Log.java:24)
at com.mystore.utility.Log.info(Log.java:24)
at com.mystore.utility.Log.info(Log.java:24)
at com.mystore.utility.Log.info(Log.java:24)
at com.mystore.utility.Log.info(Log.java:24)
at com.mystore.utility.Log.info(Log.java:24)
at com.mystore.utility.Log.info(Log.java:24)
at com.mystore.utility.Log.info(Log.java:24)
at com.mystore.utility.Log.info(Log.java:24)
at com.mystore.utility.Log.info(Log.java:24)
at com.mystore.utility.Log.info(Log.java:24)
at com.mystore.utility.Log.info(Log.java:24)
at com.mystore.utility.Log.info(Log.java:24)
at com.mystore.utility.Log.info(Log.java:24)
at com.mystore.utility.Log.info(Log.java:24)
at com.mystore.utility.Log.info(Log.java:24)
at com.mystore.utility.Log.info(Log.java:24)
at com.mystore.utility.Log.info(Log.java:24)
at com.mystore.utility.Log.info(Log.java:24)
at com.mystore.utility.Log.info(Log.java:24)
at com.mystore.utility.Log.info(Log.java:24)
at com.mystore.utility.Log.info(Log.java:24)
at com.mystore.utility.Log.info(Log.java:24)
at com.mystore.utility.Log.info(Log.java:24)
at com.mystore.utility.Log.info(Log.java:24)
at com.mystore.utility.Log.info(Log.java:24)
at com.mystore.utility.Log.info(Log.java:24)
at com.mystore.utility.Log.info(Log.java:24)
at com.mystore.utility.Log.info(Log.java:24)
at com.mystore.utility.Log.info(Log.java:24)
at com.mystore.utility.Log.info(Log.java:24)
at com.mystore.utility.Log.info(Log.java:24)
at com.mystore.utility.Log.info(Log.java:24)
at com.mystore.utility.Log.info(Log.java:24)
at com.mystore.utility.Log.info(Log.java:24)
at com.mystore.utility.Log.info(Log.java:24)
at com.mystore.utility.Log.info(Log.java:24)
at com.mystore.utility.Log.info(Log.java:24)
at com.mystore.utility.Log.info(Log.java:24)
at com.mystore.utility.Log.info(Log.java:24)
at com.mystore.utility.Log.info(Log.java:24)
at com.mystore.utility.Log.info(Log.java:24)
at com.mystore.utility.Log.info(Log.java:24)
at com.mystore.utility.Log.info(Log.java:24)
at com.mystore.utility.Log.info(Log.java:24)
at com.mystore.utility.Log.info(Log.java:24)
at com.mystore.utility.Log.info(Log.java:24)
at com.mystore.utility.Log.info(Log.java:24)
at com.mystore.utility.Log.info(Log.java:24)
at com.mystore.utility.Log.info(Log.java:24)
at com.mystore.utility.Log.info(Log.java:24)
at com.mystore.utility.Log.info(Log.java:24)
at com.mystore.utility.Log.info(Log.java:24)
at com.mystore.utility.Log.info(Log.java:24)
at com.mystore.utility.Log.info(Log.java:24)
at com.mystore.utility.Log.info(Log.java:24)
at com.mystore.utility.Log.info(Log.java:24)
at com.mystore.utility.Log.info(Log.java:24)
at com.mystore.utility.Log.info(Log.java:24)
at com.mystore.utility.Log.info(Log.java:24)
at com.mystore.utility.Log.info(Log.java:24)
at com.mystore.utility.Log.info(Log.java:24)
at com.mystore.utility.Log.info(Log.java:24)
at com.mystore.utility.Log.info(Log.java:24)
at com.mystore.utility.Log.info(Log.java:24)
at com.mystore.utility.Log.info(Log.java:24)
at com.mystore.utility.Log.info(Log.java:24)
at com.mystore.utility.Log.info(Log.java:24)
at com.mystore.utility.Log.info(Log.java:24)
at com.mystore.utility.Log.info(Log.java:24)
at com.mystore.utility.Log.info(Log.java:24)
at com.mystore.utility.Log.info(Log.java:24)
at com.mystore.utility.Log.info(Log.java:24)
at com.mystore.utility.Log.info(Log.java:24)
at com.mystore.utility.Log.info(Log.java:24)
at com.mystore.utility.Log.info(Log.java:24)
at com.mystore.utility.Log.info(Log.java:24)
at com.mystore.utility.Log.info(Log.java:24)
at com.mystore.utility.Log.info(Log.java:24)
at com.mystore.utility.Log.info(Log.java:24)
at com.mystore.utility.Log.info(Log.java:24)
at com.mystore.utility.Log.info(Log.java:24)
at com.mystore.utility.Log.info(Log.java:24)
at com.mystore.utility.Log.info(Log.java:24)
at com.mystore.utility.Log.info(Log.java:24)
at com.mystore.utility.Log.info(Log.java:24)
at com.mystore.utility.Log.info(Log.java:24)
at com.mystore.utility.Log.info(Log.java:24)
at com.mystore.utility.Log.info(Log.java:24)
at com.mystore.utility.Log.info(Log.java:24)
at com.mystore.utility.Log.info(Log.java:24)
at com.mystore.utility.Log.info(Log.java:24)
at com.mystore.utility.Log.info(Log.java:24)
at com.mystore.utility.Log.info(Log.java:24)
at com.mystore.utility.Log.info(Log.java:24)
at com.mystore.utility.Log.info(Log.java:24)
at com.mystore.utility.Log.info(Log.java:24)
at com.mystore.utility.Log.info(Log.java:24)
at com.mystore.utility.Log.info(Log.java:24)
at com.mystore.utility.Log.info(Log.java:24)
at com.mystore.utility.Log.info(Log.java:24)
at com.mystore.utility.Log.info(Log.java:24)
at com.mystore.utility.Log.info(Log.java:24)
at com.mystore.utility.Log.info(Log.java:24)
at com.mystore.utility.Log.info(Log.java:24)
at com.mystore.utility.Log.info(Log.java:24)
at com.mystore.utility.Log.info(Log.java:24)
at com.mystore.utility.Log.info(Log.java:24)
at com.mystore.utility.Log.info(Log.java:24)
at com.mystore.utility.Log.info(Log.java:24)
at com.mystore.utility.Log.info(Log.java:24)
at com.mystore.utility.Log.info(Log.java:24)
at com.mystore.utility.Log.info(Log.java:24)
at com.mystore.utility.Log.info(Log.java:24)
at com.mystore.utility.Log.info(Log.java:24)
at com.mystore.utility.Log.info(Log.java:24)
at com.mystore.utility.Log.info(Log.java:24)
at com.mystore.utility.Log.info(Log.java:24)
at com.mystore.utility.Log.info(Log.java:24)
at com.mystore.utility.Log.info(Log.java:24)
at com.mystore.utility.Log.info(Log.java:24)
at com.mystore.utility.Log.info(Log.java:24)
at com.mystore.utility.Log.info(Log.java:24)
at com.mystore.utility.Log.info(Log.java:24)
at com.mystore.utility.Log.info(Log.java:24)
at com.mystore.utility.Log.info(Log.java:24)
at com.mystore.utility.Log.info(Log.java:24)
at com.mystore.utility.Log.info(Log.java:24)
at com.mystore.utility.Log.info(Log.java:24)
at com.mystore.utility.Log.info(Log.java:24)
at com.mystore.utility.Log.info(Log.java:24)
at com.mystore.utility.Log.info(Log.java:24)
at com.mystore.utility.Log.info(Log.java:24)
at com.mystore.utility.Log.info(Log.java:24)
at com.mystore.utility.Log.info(Log.java:24)
at com.mystore.utility.Log.info(Log.java:24)
at com.mystore.utility.Log.info(Log.java:24)
at com.mystore.utility.Log.info(Log.java:24)
at com.mystore.utility.Log.info(Log.java:24)
at com.mystore.utility.Log.info(Log.java:24)
at com.mystore.utility.Log.info(Log.java:24)
at com.mystore.utility.Log.info(Log.java:24)
at com.mystore.utility.Log.info(Log.java:24)
at com.mystore.utility.Log.info(Log.java:24)
at com.mystore.utility.Log.info(Log.java:24)
at com.mystore.utility.Log.info(Log.java:24)
at com.mystore.utility.Log.info(Log.java:24)
at com.mystore.utility.Log.info(Log.java:24)
at com.mystore.utility.Log.info(Log.java:24)
at com.mystore.utility.Log.info(Log.java:24)
at com.mystore.utility.Log.info(Log.java:24)
at com.mystore.utility.Log.info(Log.java:24)
at com.mystore.utility.Log.info(Log.java:24)
at com.mystore.utility.Log.info(Log.java:24)
at com.mystore.utility.Log.info(Log.java:24)
at com.mystore.utility.Log.info(Log.java:24)
at com.mystore.utility.Log.info(Log.java:24)
at com.mystore.utility.Log.info(Log.java:24)
at com.mystore.utility.Log.info(Log.java:24)
at com.mystore.utility.Log.info(Log.java:24)
at com.mystore.utility.Log.info(Log.java:24)
at com.mystore.utility.Log.info(Log.java:24)
at com.mystore.utility.Log.info(Log.java:24)
at com.mystore.utility.Log.info(Log.java:24)
at com.mystore.utility.Log.info(Log.java:24)
at com.mystore.utility.Log.info(Log.java:24)
at com.mystore.utility.Log.info(Log.java:24)
at com.mystore.utility.Log.info(Log.java:24)
at com.mystore.utility.Log.info(Log.java:24)
at com.mystore.utility.Log.info(Log.java:24)
at com.mystore.utility.Log.info(Log.java:24)
[...]
at com.mystore.utility.Log.info(Log.java:24)
at com.mystore.utility.Log.info(Log.java:24)
at com.mystore.utility.Log.info(Log.java:24)
at com.mystore.utility.Log.info(Log.java:24)
at com.mystore.utility.Log.info(Log.java:24)
at com.mystore.utility.Log.info(Log.java:24)
at com.mystore.utility.Log.info(Log.java:24)
at com.mystore.utility.Log.info(Log.java:24)
at com.mystore.utility.Log.info(Log.java:24)
at com.mystore.utility.Log.info(Log.java:24)
at com.mystore.utility.Log.info(Log.java:24)
at com.mystore.utility.Log.info(Log.java:24)
at com.mystore.utility.Log.info(Log.java:24)
at com.mystore.utility.Log.info(Log.java:24)
at com.mystore.utility.Log.info(Log.java:24)
at com.mystore.utility.Log.info(Log.java:24)
at com.mystore.utility.Log.info(Log.java:24)
at com.mystore.utility.Log.info(Log.java:24)
at com.mystore.utility.Log.info(Log.java:24)
at com.mystore.utility.Log.info(Log.java:24)
at com.mystore.utility.Log.info(Log.java:24)
at com.mystore.utility.Log.info(Log.java:24)
at com.mystore.utility.Log.info(Log.java:24)
at com.mystore.utility.Log.info(Log.java:24)
at com.mystore.utility.Log.info(Log.java:24)
at com.mystore.utility.Log.info(Log.java:24)
at com.mystore.utility.Log.info(Log.java:24)
at com.mystore.utility.Log.info(Log.java:24)
at com.mystore.utility.Log.info(Log.java:24)
at com.mystore.utility.Log.info(Log.java:24)
at com.mystore.utility.Log.info(Log.java:24)
at com.mystore.utility.Log.info(Log.java:24)
at com.mystore.utility.Log.info(Log.java:24)
at com.mystore.utility.Log.info(Log.java:24)
at com.mystore.utility.Log.info(Log.java:24)
at com.mystore.utility.Log.info(Log.java:24)
at com.mystore.utility.Log.info(Log.java:24)
at com.mystore.utility.Log.info(Log.java:24)
at com.mystore.utility.Log.info(Log.java:24)
at com.mystore.utility.Log.info(Log.java:24)
at com.mystore.utility.Log.info(Log.java:24)
at com.mystore.utility.Log.info(Log.java:24)
at com.mystore.utility.Log.info(Log.java:24)
at com.mystore.utility.Log.info(Log.java:24)
at com.mystore.utility.Log.info(Log.java:24)
at com.mystore.utility.Log.info(Log.java:24)
at com.mystore.utility.Log.info(Log.java:24)
at com.mystore.utility.Log.info(Log.java:24)
at com.mystore.utility.Log.info(Log.java:24)
at com.mystore.utility.Log.info(Log.java:24)
at com.mystore.utility.Log.info(Log.java:24)
at com.mystore.utility.Log.info(Log.java:24)
at com.mystore.utility.Log.info(Log.java:24)
at com.mystore.utility.Log.info(Log.java:24)
at com.mystore.utility.Log.info(Log.java:24)
at com.mystore.utility.Log.info(Log.java:24)
at com.mystore.utility.Log.info(Log.java:24)
at com.mystore.utility.Log.info(Log.java:24)
at com.mystore.utility.Log.info(Log.java:24)
at com.mystore.utility.Log.info(Log.java:24)
at com.mystore.utility.Log.info(Log.java:24)
at com.mystore.utility.Log.info(Log.java:24)
at com.mystore.utility.Log.info(Log.java:24)
at com.mystore.utility.Log.info(Log.java:24)
at com.mystore.utility.Log.info(Log.java:24)
at com.mystore.utility.Log.info(Log.java:24)
at com.mystore.utility.Log.info(Log.java:24)
at com.mystore.utility.Log.info(Log.java:24)
at com.mystore.utility.Log.info(Log.java:24)
at com.mystore.utility.Log.info(Log.java:24)
at com.mystore.utility.Log.info(Log.java:24)
at com.mystore.utility.Log.info(Log.java:24)
at com.mystore.utility.Log.info(Log.java:24)
at com.mystore.utility.Log.info(Log.java:24)
at com.mystore.utility.Log.info(Log.java:24)
at com.mystore.utility.Log.info(Log.java:24)
at com.mystore.utility.Log.info(Log.java:24)
at com.mystore.utility.Log.info(Log.java:24)
at com.mystore.utility.Log.info(Log.java:24)
at com.mystore.utility.Log.info(Log.java:24)
at com.mystore.utility.Log.info(Log.java:24)
at com.mystore.utility.Log.info(Log.java:24)
at com.mystore.utility.Log.info(Log.java:24)
at com.mystore.utility.Log.info(Log.java:24)
at com.mystore.utility.Log.info(Log.java:24)
at com.mystore.utility.Log.info(Log.java:24)
at com.mystore.utility.Log.info(Log.java:24)
at com.mystore.utility.Log.info(Log.java:24)
at com.mystore.utility.Log.info(Log.java:24)
at com.mystore.utility.Log.info(Log.java:24)
at com.mystore.utility.Log.info(Log.java:24)
at com.mystore.utility.Log.info(Log.java:24)
at com.mystore.utility.Log.info(Log.java:24)
at com.mystore.utility.Log.info(Log.java:24)
at com.mystore.utility.Log.info(Log.java:24)
at com.mystore.utility.Log.info(Log.java:24)
at com.mystore.utility.Log.info(Log.java:24)
at com.mystore.utility.Log.info(Log.java:24)
at com.mystore.utility.Log.info(Log.java:24)
at com.mystore.utility.Log.info(Log.java:24)
at com.mystore.utility.Log.info(Log.java:24)
at com.mystore.utility.Log.info(Log.java:24)
at com.mystore.utility.Log.info(Log.java:24)
at com.mystore.utility.Log.info(Log.java:24)
at com.mystore.utility.Log.info(Log.java:24)
at com.mystore.utility.Log.info(Log.java:24)
at com.mystore.utility.Log.info(Log.java:24)
at com.mystore.utility.Log.info(Log.java:24)
at com.mystore.utility.Log.info(Log.java:24)
at com.mystore.utility.Log.info(Log.java:24)
at com.mystore.utility.Log.info(Log.java:24)
at com.mystore.utility.Log.info(Log.java:24)
at com.mystore.utility.Log.info(Log.java:24)
at com.mystore.utility.Log.info(Log.java:24)
at com.mystore.utility.Log.info(Log.java:24)
at com.mystore.utility.Log.info(Log.java:24)
at com.mystore.utility.Log.info(Log.java:24)
at com.mystore.utility.Log.info(Log.java:24)
at com.mystore.utility.Log.info(Log.java:24)
at com.mystore.utility.Log.info(Log.java:24)
at com.mystore.utility.Log.info(Log.java:24)
at com.mystore.utility.Log.info(Log.java:24)
at com.mystore.utility.Log.info(Log.java:24)
at com.mystore.utility.Log.info(Log.java:24)
at com.mystore.utility.Log.info(Log.java:24)
at com.mystore.utility.Log.info(Log.java:24)
at com.mystore.utility.Log.info(Log.java:24)
at com.mystore.utility.Log.info(Log.java:24)
at com.mystore.utility.Log.info(Log.java:24)
at com.mystore.utility.Log.info(Log.java:24)
at com.mystore.utility.Log.info(Log.java:24)
at com.mystore.utility.Log.info(Log.java:24)
at com.mystore.utility.Log.info(Log.java:24)
at com.mystore.utility.Log.info(Log.java:24)
at com.mystore.utility.Log.info(Log.java:24)
at com.mystore.utility.Log.info(Log.java:24)
at com.mystore.utility.Log.info(Log.java:24)
at com.mystore.utility.Log.info(Log.java:24)
at com.mystore.utility.Log.info(Log.java:24)
at com.mystore.utility.Log.info(Log.java:24)
at com.mystore.utility.Log.info(Log.java:24)
at com.mystore.utility.Log.info(Log.java:24)
at com.mystore.utility.Log.info(Log.java:24)
at com.mystore.utility.Log.info(Log.java:24)
at com.mystore.utility.Log.info(Log.java:24)
at com.mystore.utility.Log.info(Log.java:24)
at com.mystore.utility.Log.info(Log.java:24)
at com.mystore.utility.Log.info(Log.java:24)
at com.mystore.utility.Log.info(Log.java:24)
at com.mystore.utility.Log.info(Log.java:24)
at com.mystore.utility.Log.info(Log.java:24)
at com.mystore.utility.Log.info(Log.java:24)
at com.mystore.utility.Log.info(Log.java:24)
at com.mystore.utility.Log.info(Log.java:24)
at com.mystore.utility.Log.info(Log.java:24)
at com.mystore.utility.Log.info(Log.java:24)
at com.mystore.utility.Log.info(Log.java:24)
at com.mystore.utility.Log.info(Log.java:24)
at com.mystore.utility.Log.info(Log.java:24)
at com.mystore.utility.Log.info(Log.java:24)
at com.mystore.utility.Log.info(Log.java:24)
at com.mystore.utility.Log.info(Log.java:24)
at com.mystore.utility.Log.info(Log.java:24)
at com.mystore.utility.Log.info(Log.java:24)
at com.mystore.utility.Log.info(Log.java:24)
at com.mystore.utility.Log.info(Log.java:24)
at com.mystore.utility.Log.info(Log.java:24)
at com.mystore.utility.Log.info(Log.java:24)
at com.mystore.utility.Log.info(Log.java:24)
at com.mystore.utility.Log.info(Log.java:24)
at com.mystore.utility.Log.info(Log.java:24)
at com.mystore.utility.Log.info(Log.java:24)
at com.mystore.utility.Log.info(Log.java:24)
at com.mystore.utility.Log.info(Log.java:24)
at com.mystore.utility.Log.info(Log.java:24)
at com.mystore.utility.Log.info(Log.java:24)
at com.mystore.utility.Log.info(Log.java:24)
at com.mystore.utility.Log.info(Log.java:24)
at com.mystore.utility.Log.info(Log.java:24)
at com.mystore.utility.Log.info(Log.java:24)
at com.mystore.utility.Log.info(Log.java:24)
at com.mystore.utility.Log.info(Log.java:24)
at com.mystore.utility.Log.info(Log.java:24)
at com.mystore.utility.Log.info(Log.java:24)
at com.mystore.utility.Log.info(Log.java:24)
at com.mystore.utility.Log.info(Log.java:24)
at com.mystore.utility.Log.info(Log.java:24)
at com.mystore.utility.Log.info(Log.java:24)
at com.mystore.utility.Log.info(Log.java:24)
at com.mystore.utility.Log.info(Log.java:24)
at com.mystore.utility.Log.info(Log.java:24)
at com.mystore.utility.Log.info(Log.java:24)
at com.mystore.utility.Log.info(Log.java:24)
at com.mystore.utility.Log.info(Log.java:24)
at com.mystore.utility.Log.info(Log.java:24)
at com.mystore.utility.Log.info(Log.java:24)
at com.mystore.utility.Log.info(Log.java:24)
at com.mystore.utility.Log.info(Log.java:24)
at com.mystore.utility.Log.info(Log.java:24)
at com.mystore.utility.Log.info(Log.java:24)
at com.mystore.utility.Log.info(Log.java:24)
at com.mystore.utility.Log.info(Log.java:24)
at com.mystore.utility.Log.info(Log.java:24)
at com.mystore.utility.Log.info(Log.java:24)
at com.mystore.utility.Log.info(Log.java:24)
at com.mystore.utility.Log.info(Log.java:24)
at com.mystore.utility.Log.info(Log.java:24)
at com.mystore.utility.Log.info(Log.java:24)
at com.mystore.utility.Log.info(Log.java:24)
at com.mystore.utility.Log.info(Log.java:24)
at com.mystore.utility.Log.info(Log.java:24)
at com.mystore.utility.Log.info(Log.java:24)
at com.mystore.utility.Log.info(Log.java:24)
at com.mystore.utility.Log.info(Log.java:24)
at com.mystore.utility.Log.info(Log.java:24)
at com.mystore.utility.Log.info(Log.java:24)
at com.mystore.utility.Log.info(Log.java:24)
at com.mystore.utility.Log.info(Log.java:24)
at com.mystore.utility.Log.info(Log.java:24)
at com.mystore.utility.Log.info(Log.java:24)
at com.mystore.utility.Log.info(Log.java:24)
at com.mystore.utility.Log.info(Log.java:24)
at com.mystore.utility.Log.info(Log.java:24)
at com.mystore.utility.Log.info(Log.java:24)
at com.mystore.utility.Log.info(Log.java:24)
at com.mystore.utility.Log.info(Log.java:24)
at com.mystore.utility.Log.info(Log.java:24)
at com.mystore.utility.Log.info(Log.java:24)
at com.mystore.utility.Log.info(Log.java:24)
at com.mystore.utility.Log.info(Log.java:24)
at com.mystore.utility.Log.info(Log.java:24)
at com.mystore.utility.Log.info(Log.java:24)
at com.mystore.utility.Log.info(Log.java:24)
at com.mystore.utility.Log.info(Log.java:24)
at com.mystore.utility.Log.info(Log.java:24)
at com.mystore.utility.Log.info(Log.java:24)
at com.mystore.utility.Log.info(Log.java:24)
at com.mystore.utility.Log.info(Log.java:24)
at com.mystore.utility.Log.info(Log.java:24)
at com.mystore.utility.Log.info(Log.java:24)
at com.mystore.utility.Log.info(Log.java:24)
at com.mystore.utility.Log.info(Log.java:24)
at com.mystore.utility.Log.info(Log.java:24)
at com.mystore.utility.Log.info(Log.java:24)
at com.mystore.utility.Log.info(Log.java:24)
at com.mystore.utility.Log.info(Log.java:24)
at com.mystore.utility.Log.info(Log.java:24)
at com.mystore.utility.Log.info(Log.java:24)
at com.mystore.utility.Log.info(Log.java:24)
at com.mystore.utility.Log.info(Log.java:24)
at com.mystore.utility.Log.info(Log.java:24)
at com.mystore.utility.Log.info(Log.java:24)
at com.mystore.utility.Log.info(Log.java:24)
at com.mystore.utility.Log.info(Log.java:24)
at com.mystore.utility.Log.info(Log.java:24)
at com.mystore.utility.Log.info(Log.java:24)
at com.mystore.utility.Log.info(Log.java:24)
at com.mystore.utility.Log.info(Log.java:24)
at com.mystore.utility.Log.info(Log.java:24)
at com.mystore.utility.Log.info(Log.java:24)
at com.mystore.utility.Log.info(Log.java:24)
at com.mystore.utility.Log.info(Log.java:24)
at com.mystore.utility.Log.info(Log.java:24)
at com.mystore.utility.Log.info(Log.java:24)
at com.mystore.utility.Log.info(Log.java:24)
at com.mystore.utility.Log.info(Log.java:24)
at com.mystore.utility.Log.info(Log.java:24)
at com.mystore.utility.Log.info(Log.java:24)
at com.mystore.utility.Log.info(Log.java:24)
at com.mystore.utility.Log.info(Log.java:24)
at com.mystore.utility.Log.info(Log.java:24)
at com.mystore.utility.Log.info(Log.java:24)
at com.mystore.utility.Log.info(Log.java:24)
at com.mystore.utility.Log.info(Log.java:24)
at com.mystore.utility.Log.info(Log.java:24)
at com.mystore.utility.Log.info(Log.java:24)
at com.mystore.utility.Log.info(Log.java:24)
at com.mystore.utility.Log.info(Log.java:24)
at com.mystore.utility.Log.info(Log.java:24)
at com.mystore.utility.Log.info(Log.java:24)
at com.mystore.utility.Log.info(Log.java:24)
at com.mystore.utility.Log.info(Log.java:24)
at com.mystore.utility.Log.info(Log.java:24)
at com.mystore.utility.Log.info(Log.java:24)
at com.mystore.utility.Log.info(Log.java:24)
at com.mystore.utility.Log.info(Log.java:24)
at com.mystore.utility.Log.info(Log.java:24)
at com.mystore.utility.Log.info(Log.java:24)
at com.mystore.utility.Log.info(Log.java:24)
at com.mystore.utility.Log.info(Log.java:24)
at com.mystore.utility.Log.info(Log.java:24)
at com.mystore.utility.Log.info(Log.java:24)
at com.mystore.utility.Log.info(Log.java:24)
at com.mystore.utility.Log.info(Log.java:24)
at com.mystore.utility.Log.info(Log.java:24)
at com.mystore.utility.Log.info(Log.java:24)
at com.mystore.utility.Log.info(Log.java:24)
at com.mystore.utility.Log.info(Log.java:24)
at com.mystore.utility.Log.info(Log.java:24)
at com.mystore.utility.Log.info(Log.java:24)
at com.mystore.utility.Log.info(Log.java:24)
at com.mystore.utility.Log.info(Log.java:24)
at com.mystore.utility.Log.info(Log.java:24)
at com.mystore.utility.Log.info(Log.java:24)
at com.mystore.utility.Log.info(Log.java:24)
at com.mystore.utility.Log.info(Log.java:24)
at com.mystore.utility.Log.info(Log.java:24)
at com.mystore.utility.Log.info(Log.java:24)
at com.mystore.utility.Log.info(Log.java:24)
at com.mystore.utility.Log.info(Log.java:24)
at com.mystore.utility.Log.info(Log.java:24)
at com.mystore.utility.Log.info(Log.java:24)
at com.mystore.utility.Log.info(Log.java:24)
at com.mystore.utility.Log.info(Log.java:24)
at com.mystore.utility.Log.info(Log.java:24)
at com.mystore.utility.Log.info(Log.java:24)
at com.mystore.utility.Log.info(Log.java:24)
at com.mystore.utility.Log.info(Log.java:24)
at com.mystore.utility.Log.info(Log.java:24)
at com.mystore.utility.Log.info(Log.java:24)
at com.mystore.utility.Log.info(Log.java:24)
at com.mystore.utility.Log.info(Log.java:24)
at com.mystore.utility.Log.info(Log.java:24)
at com.mystore.utility.Log.info(Log.java:24)
at com.mystore.utility.Log.info(Log.java:24)
at com.mystore.utility.Log.info(Log.java:24)
at com.mystore.utility.Log.info(Log.java:24)
at com.mystore.utility.Log.info(Log.java:24)
at com.mystore.utility.Log.info(Log.java:24)
at com.mystore.utility.Log.info(Log.java:24)
at com.mystore.utility.Log.info(Log.java:24)
at com.mystore.utility.Log.info(Log.java:24)
at com.mystore.utility.Log.info(Log.java:24)
at com.mystore.utility.Log.info(Log.java:24)
at com.mystore.utility.Log.info(Log.java:24)
at com.mystore.utility.Log.info(Log.java:24)
at com.mystore.utility.Log.info(Log.java:24)
at com.mystore.utility.Log.info(Log.java:24)
at com.mystore.utility.Log.info(Log.java:24)
at com.mystore.utility.Log.info(Log.java:24)
at com.mystore.utility.Log.info(Log.java:24)
at com.mystore.utility.Log.info(Log.java:24)
at com.mystore.utility.Log.info(Log.java:24)
at com.mystore.utility.Log.info(Log.java:24)
at com.mystore.utility.Log.info(Log.java:24)
at com.mystore.utility.Log.info(Log.java:24)
at com.mystore.utility.Log.info(Log.java:24)
at com.mystore.utility.Log.info(Log.java:24)
at com.mystore.utility.Log.info(Log.java:24)
at com.mystore.utility.Log.info(Log.java:24)
at com.mystore.utility.Log.info(Log.java:24)
at com.mystore.utility.Log.info(Log.java:24)
at com.mystore.utility.Log.info(Log.java:24)
at com.mystore.utility.Log.info(Log.java:24)
at com.mystore.utility.Log.info(Log.java:24)
at com.mystore.utility.Log.info(Log.java:24)
at com.mystore.utility.Log.info(Log.java:24)
at com.mystore.utility.Log.info(Log.java:24)
at com.mystore.utility.Log.info(Log.java:24)
at com.mystore.utility.Log.info(Log.java:24)
at com.mystore.utility.Log.info(Log.java:24)
at com.mystore.utility.Log.info(Log.java:24)
at com.mystore.utility.Log.info(Log.java:24)
at com.mystore.utility.Log.info(Log.java:24)
at com.mystore.utility.Log.info(Log.java:24)
at com.mystore.utility.Log.info(Log.java:24)
at com.mystore.utility.Log.info(Log.java:24)
at com.mystore.utility.Log.info(Log.java:24)
at com.mystore.utility.Log.info(Log.java:24)
at com.mystore.utility.Log.info(Log.java:24)
at com.mystore.utility.Log.info(Log.java:24)
at com.mystore.utility.Log.info(Log.java:24)
at com.mystore.utility.Log.info(Log.java:24)
at com.mystore.utility.Log.info(Log.java:24)
at com.mystore.utility.Log.info(Log.java:24)
at com.mystore.utility.Log.info(Log.java:24)
at com.mystore.utility.Log.info(Log.java:24)
at com.mystore.utility.Log.info(Log.java:24)
at com.mystore.utility.Log.info(Log.java:24)
at com.mystore.utility.Log.info(Log.java:24)
at com.mystore.utility.Log.info(Log.java:24)
at com.mystore.utility.Log.info(Log.java:24)
at com.mystore.utility.Log.info(Log.java:24)
at com.mystore.utility.Log.info(Log.java:24)
at com.mystore.utility.Log.info(Log.java:24)
at com.mystore.utility.Log.info(Log.java:24)
at com.mystore.utility.Log.info(Log.java:24)
at com.mystore.utility.Log.info(Log.java:24)
at com.mystore.utility.Log.info(Log.java:24)
at com.mystore.utility.Log.info(Log.java:24)
at com.mystore.utility.Log.info(Log.java:24)
at com.mystore.utility.Log.info(Log.java:24)
at com.mystore.utility.Log.info(Log.java:24)
at com.mystore.utility.Log.info(Log.java:24)
at com.mystore.utility.Log.info(Log.java:24)
at com.mystore.utility.Log.info(Log.java:24)
at com.mystore.utility.Log.info(Log.java:24)
at com.mystore.utility.Log.info(Log.java:24)
at com.mystore.utility.Log.info(Log.java:24)
at com.mystore.utility.Log.info(Log.java:24)
at com.mystore.utility.Log.info(Log.java:24)
at com.mystore.utility.Log.info(Log.java:24)
at com.mystore.utility.Log.info(Log.java:24)
at com.mystore.utility.Log.info(Log.java:24)
at com.mystore.utility.Log.info(Log.java:24)
at com.mystore.utility.Log.info(Log.java:24)
at com.mystore.utility.Log.info(Log.java:24)
at com.mystore.utility.Log.info(Log.java:24)
at com.mystore.utility.Log.info(Log.java:24)
at com.mystore.utility.Log.info(Log.java:24)
at com.mystore.utility.Log.info(Log.java:24)
at com.mystore.utility.Log.info(Log.java:24)
at com.mystore.utility.Log.info(Log.java:24)
at com.mystore.utility.Log.info(Log.java:24)
at com.mystore.utility.Log.info(Log.java:24)
at com.mystore.utility.Log.info(Log.java:24)
at com.mystore.utility.Log.info(Log.java:24)
at com.mystore.utility.Log.info(Log.java:24)
at com.mystore.utility.Log.info(Log.java:24)
at com.mystore.utility.Log.info(Log.java:24)
at com.mystore.utility.Log.info(Log.java:24)
]]>
            </full-stacktrace>
          </exception> <!-- java.lang.StackOverflowError -->
          <reporter-output>
          </reporter-output>
        </test-method> <!-- loginTest -->
        <test-method is-config="true" signature="tearDown()[pri:0, instance:com.mystore.testcases.LoginPageTest@13d73fa]" started-at="2024-06-20T11:01:12 IST" name="tearDown" finished-at="2024-06-20T11:01:12 IST" duration-ms="269" status="PASS">
          <reporter-output>
          </reporter-output>
        </test-method> <!-- tearDown -->
        <test-method is-config="true" signature="afterSuite()[pri:0, instance:com.mystore.testcases.LoginPageTest@13d73fa]" started-at="2024-06-20T11:01:27 IST" name="afterSuite" finished-at="2024-06-20T11:01:28 IST" duration-ms="833" status="PASS">
          <reporter-output>
          </reporter-output>
        </test-method> <!-- afterSuite -->
      </class> <!-- com.mystore.testcases.LoginPageTest -->
    </test> <!-- Smoke -->
  </suite> <!-- Suite -->
</testng-results>
